[8/6/2013 3:52:30] /addskill nestor, lvl, 100
[8/6/2013 3:52:37] /addskill testeer, lvl, 100
[8/6/2013 3:52:43] /addskill tester, lvl, 100
[8/6/2013 3:52:50] /addskill testeer, mlvl, 50
[8/6/2013 3:52:55] /addskill testeer, ml, 50
[8/6/2013 3:53:1] /addskill tester, mlvl, 50
[8/6/2013 3:53:18] /addskill nestor, mlvl, 50
[8/6/2013 3:55:23] /town farmine
[8/6/2013 3:56:56] /addskill ADMIN, mlvl, 50
[8/6/2013 3:58:5] /town thais
[8/6/2013 4:6:51] /up
[8/6/2013 4:6:55] /up
[8/6/2013 4:6:57] /c nestor
[8/6/2013 4:7:10] /goto lizard chosen
[8/6/2013 4:7:14] /down
[8/6/2013 4:7:15] /down
[8/6/2013 4:7:16] /down
[8/6/2013 4:36:56] /goto frodo
[8/6/2013 4:40:21] /goto demon
[8/6/2013 4:40:26] /m ferumbras
[8/6/2013 4:40:35] /up
[8/6/2013 4:40:55] /up
[8/6/2013 4:41:11] /up
[8/6/2013 4:41:26] /goto frodo
[8/6/2013 15:56:44] /i crowbar
[8/6/2013 15:57:2] /down
[8/6/2013 15:59:8] /town venore
[8/6/2013 16:0:15] /i holy tible
[8/6/2013 16:0:35] /addskill admin, lvl, 100
[8/6/2013 16:8:54] /i adito grab
[8/6/2013 16:8:56] /i adito grav
[8/6/2013 16:8:58] /i adito grav rune
[8/6/2013 16:9:1] /i destroy field rune
[8/6/2013 16:12:42] /goto grizzly adams
[8/6/2013 16:12:44] /c nestor
[8/6/2013 16:12:57] /goto 32693, 32769, 6
[8/6/2013 16:13:11] /goto 32827, 32239, 12
[8/6/2013 16:13:20] /goto nestor
[8/6/2013 16:13:24] /m hydra
[8/6/2013 16:13:36] /i sudden death rune
[8/6/2013 16:18:6] /i obsidian knife
[8/6/2013 16:18:13] /i blessed stake
[8/6/2013 16:18:44] /i blessed stake
[8/6/2013 16:18:55] /i blessed wooden stake
[8/6/2013 16:19:14] /m vampire
[8/6/2013 16:19:17] /m minotaur
[8/6/2013 16:22:53] /reload actions
[8/6/2013 16:24:46] /down
[8/6/2013 16:25:31] /goto nestor
[8/6/2013 16:27:3] /m vampire
[8/6/2013 16:27:7] /i ice cube
[8/6/2013 16:28:20] /i ice cube
[8/6/2013 16:28:26] /i ice cube
[8/6/2013 16:28:28] /i ice cube
[8/6/2013 16:28:30] /i ice cube
[8/6/2013 16:28:38] /i ice cube
[8/6/2013 16:28:40] /i ice cube
[8/6/2013 16:28:41] /i ice cube
[8/6/2013 16:28:45] /i ice cube
[8/6/2013 16:28:45] /i ice cube
[8/6/2013 16:28:46] /i ice cube
[8/6/2013 16:28:46] /i ice cube
[8/6/2013 16:28:51] /i ice cube
[8/6/2013 16:28:51] /i ice cube
[8/6/2013 16:28:52] /i ice cube
[8/6/2013 16:29:21] /i ice cube
[8/6/2013 16:29:21] /i ice cube
[8/6/2013 16:29:22] /i ice cube
[8/6/2013 16:29:22] /i ice cube
[8/6/2013 16:29:22] /i ice cube
[8/6/2013 16:29:23] /i ice cube
[8/6/2013 16:29:58] /i ice cube
[8/6/2013 16:29:58] /i ice cube
[8/6/2013 16:29:58] /i ice cube
[8/6/2013 16:29:58] /i ice cube
[8/6/2013 16:29:58] /i ice cube
[8/6/2013 16:29:58] /i ice cube
[8/6/2013 16:29:58] /i ice cube
[8/6/2013 16:29:58] /i ice cube
[8/6/2013 16:29:58] /i ice cube
[8/6/2013 16:29:58] /i ice cube
[8/6/2013 16:29:58] /i ice cube
[8/6/2013 16:29:58] /i ice cube
[8/6/2013 16:30:29] /i ice cube
[8/6/2013 16:30:30] /i ice cube
[8/6/2013 16:30:30] /i ice cube
[8/6/2013 16:30:31] /i ice cube
[8/6/2013 16:30:45] /i ice cube
[8/6/2013 16:30:45] /i ice cube
[8/6/2013 16:31:5] /i ice cube
[8/6/2013 16:31:5] /i ice cube
[8/6/2013 16:31:6] /i ice cube
[8/6/2013 16:31:13] /i ice cube
[8/6/2013 16:31:13] /i ice cube
[8/6/2013 16:31:13] /i ice cube
[8/6/2013 16:31:14] /i ice cube
[8/6/2013 16:31:14] /i ice cube
[8/6/2013 16:31:14] /i ice cube
[8/6/2013 16:31:14] /i ice cube
[8/6/2013 16:31:14] /i ice cube
[8/6/2013 16:31:14] /i ice cube
[8/6/2013 16:31:14] /i ice cube
[8/6/2013 16:32:30] /i ice cube
[8/6/2013 16:32:31] /i ice cube
[8/6/2013 16:32:41] /i ice cube
[8/6/2013 16:32:44] /i ice cube
[8/6/2013 16:32:46] /i ice cube
[8/6/2013 16:32:48] /i ice cube
[8/6/2013 16:32:49] /i ice cube
[8/6/2013 16:32:51] /i ice cube
[8/6/2013 16:32:53] /i ice cube
[8/6/2013 16:32:55] /i ice cube
[8/6/2013 16:32:57] /i ice cube
[8/6/2013 16:32:58] /i ice cube
[8/6/2013 16:33:0] /i ice cube
[8/6/2013 16:33:1] /i ice cube
[8/6/2013 16:33:2] /i ice cube
[8/6/2013 16:33:7] /i ice cube
[8/6/2013 16:33:8] /i ice cube
[8/6/2013 16:33:38] /i ice cube
[8/6/2013 16:33:38] /i ice cube
[8/6/2013 16:33:38] /i ice cube
[8/6/2013 16:33:39] /i ice cube
[8/6/2013 16:33:39] /i ice cube
[8/6/2013 16:33:39] /i ice cube
[8/6/2013 16:33:39] /i ice cube
[8/6/2013 16:39:37] /reload npc
[8/6/2013 16:40:45] /addskill nestor, lvl, 200
[8/6/2013 16:40:59] /m cocodrile
[8/6/2013 16:40:59] /m cocodrile
[8/6/2013 16:40:59] /m cocodrile
[8/6/2013 16:40:59] /m cocodrile
[8/6/2013 16:40:59] /m cocodrile
[8/6/2013 16:40:59] /m cocodrile
[8/6/2013 16:40:59] /m cocodrile
[8/6/2013 16:40:59] /m cocodrile
[8/6/2013 16:40:59] /m cocodrile
[8/6/2013 16:40:59] /m cocodrile
[8/6/2013 16:41:0] /m cocodrile
[8/6/2013 16:41:0] /m cocodrile
[8/6/2013 16:41:0] /m cocodrile
[8/6/2013 16:41:0] /m cocodrile
[8/6/2013 16:41:0] /m cocodrile
[8/6/2013 16:41:0] /m cocodrile
[8/6/2013 16:41:0] /m cocodrile
[8/6/2013 16:41:9] /m cocodrile
[8/6/2013 16:42:40] /c test
[8/6/2013 16:44:3] /addskill test, lvl, 37
[8/6/2013 16:44:15] /addskill test, mlvl, 50
[8/6/2013 16:45:13] /m crocodile
[8/6/2013 16:45:14] /m crocodile
[8/6/2013 16:45:14] /m crocodile
[8/6/2013 16:45:14] /m crocodile
[8/6/2013 16:45:14] /m crocodile
[8/6/2013 16:45:14] /m crocodile
[8/6/2013 16:45:14] /m crocodile
[8/6/2013 16:45:14] /m crocodile
[8/6/2013 16:45:14] /m crocodile
[8/6/2013 16:45:14] /m crocodile
[8/6/2013 16:45:14] /m crocodile
[8/6/2013 16:45:14] /m crocodile
[8/6/2013 16:45:14] /m crocodile
[8/6/2013 16:45:14] /m crocodile
[8/6/2013 16:45:14] /m crocodile
[8/6/2013 16:45:14] /m crocodile
[8/6/2013 16:45:14] /m crocodile
[8/6/2013 16:45:14] /m crocodile
[8/6/2013 16:45:14] /m crocodile
[8/6/2013 16:45:14] /m crocodile
[8/6/2013 16:45:14] /m crocodile
[8/6/2013 16:45:14] /m crocodile
[8/6/2013 16:45:14] /m crocodile
[8/6/2013 16:45:15] /m crocodile
[8/6/2013 16:45:15] /m crocodile
[8/6/2013 16:45:15] /m crocodile
[8/6/2013 16:45:15] /m crocodile
[8/6/2013 16:45:15] /m crocodile
[8/6/2013 16:45:15] /m crocodile
[8/6/2013 16:45:15] /m crocodile
[8/6/2013 16:45:15] /m crocodile
[8/6/2013 16:45:15] /m crocodile
[8/6/2013 16:45:15] /m crocodile
[8/6/2013 16:45:15] /m crocodile
[8/6/2013 16:45:15] /m crocodile
[8/6/2013 16:45:15] /m crocodile
[8/6/2013 16:45:15] /m crocodile
[8/6/2013 16:45:15] /m crocodile
[8/6/2013 16:45:15] /m crocodile
[8/6/2013 16:45:15] /m crocodile
[8/6/2013 16:45:15] /m crocodile
[8/6/2013 16:45:15] /m crocodile
[8/6/2013 16:45:15] /m crocodile
[8/6/2013 16:45:15] /m crocodile
[8/6/2013 16:45:15] /m crocodile
[8/6/2013 16:45:15] /m crocodile
[8/6/2013 16:45:15] /m crocodile
[8/6/2013 16:45:15] /m crocodile
[8/6/2013 16:45:15] /m crocodile
[8/6/2013 16:45:15] /m crocodile
[8/6/2013 16:45:15] /m crocodile
[8/6/2013 16:45:17] /m crocodile
[8/6/2013 16:45:17] /m crocodile
[8/6/2013 16:45:18] /m crocodile
[8/6/2013 16:45:18] /m crocodile
[8/6/2013 16:45:18] /m crocodile
[8/6/2013 16:45:18] /m crocodile
[8/6/2013 16:45:19] /m crocodile
[8/6/2013 16:45:22] /m crocodile
[8/6/2013 16:45:24] /m crocodile
[8/6/2013 16:45:24] /m crocodile
[8/6/2013 16:45:24] /m crocodile
[8/6/2013 16:45:25] /m crocodile
[8/6/2013 16:45:25] /m crocodile
[8/6/2013 16:45:25] /m crocodile
[8/6/2013 16:45:25] /m crocodile
[8/6/2013 16:45:26] /m crocodile
[8/6/2013 16:45:26] /m crocodile
[8/6/2013 16:45:26] /m crocodile
[8/6/2013 16:45:26] /m crocodile
[8/6/2013 16:45:27] /m crocodile
[8/6/2013 16:45:27] /m crocodile
[8/6/2013 16:45:27] /m crocodile
[8/6/2013 16:45:27] /m crocodile
[8/6/2013 16:45:27] /m crocodile
[8/6/2013 16:45:28] /m crocodile
[8/6/2013 16:45:28] /m crocodile
[8/6/2013 16:45:28] /m crocodile
[8/6/2013 16:45:28] /m crocodile
[8/6/2013 16:45:29] /m crocodile
[8/6/2013 16:45:29] /m crocodile
[8/6/2013 16:45:29] /m crocodile
[8/6/2013 16:45:29] /m crocodile
[8/6/2013 16:45:30] /m crocodile
[8/6/2013 16:45:30] /m crocodile
[8/6/2013 16:45:30] /m crocodile
[8/6/2013 16:45:30] /m crocodile
[8/6/2013 16:45:31] /m crocodile
[8/6/2013 16:45:32] /m crocodile
[8/6/2013 16:45:32] /m crocodile
[8/6/2013 16:45:32] /m crocodile
[8/6/2013 16:45:32] /m crocodile
[8/6/2013 16:45:33] /m crocodile
[8/6/2013 16:45:33] /m crocodile
[8/6/2013 16:45:35] /m crocodile
[8/6/2013 16:45:37] /m crocodile
[8/6/2013 16:45:50] /i star tear
[8/6/2013 16:46:14] /i wand of starstorm
[8/6/2013 16:46:48] /m crocodile
[8/6/2013 16:46:49] /m crocodile
[8/6/2013 16:46:50] /m crocodile
[8/6/2013 16:46:53] /m crocodile
[8/6/2013 16:46:53] /m crocodile
[8/6/2013 16:46:54] /m crocodile
[8/6/2013 16:46:54] /m crocodile
[8/6/2013 16:46:55] /m crocodile
[8/6/2013 16:46:55] /m crocodile
[8/6/2013 16:46:56] /m crocodile
[8/6/2013 16:46:56] /m crocodile
[8/6/2013 16:46:56] /m crocodile
[8/6/2013 16:46:56] /m crocodile
[8/6/2013 16:46:57] /m crocodile
[8/6/2013 16:46:57] /m crocodile
[8/6/2013 16:46:57] /m crocodile
[8/6/2013 16:46:57] /m crocodile
[8/6/2013 16:46:58] /m crocodile
[8/6/2013 16:46:59] /m crocodile
[8/6/2013 16:46:59] /m crocodile
[8/6/2013 16:47:0] /m crocodile
[8/6/2013 16:47:1] /m crocodile
[8/6/2013 16:47:2] /m crocodile
[8/6/2013 16:47:2] /m crocodile
[8/6/2013 16:47:3] /m crocodile
[8/6/2013 16:47:3] /m crocodile
[8/6/2013 16:47:3] /m crocodile
[8/6/2013 16:47:4] /m crocodile
[8/6/2013 16:47:4] /m crocodile
[8/6/2013 16:47:4] /m crocodile
[8/6/2013 16:47:5] /m crocodile
[8/6/2013 16:47:5] /m crocodile
[8/6/2013 16:47:5] /m crocodile
[8/6/2013 16:47:5] /m crocodile
[8/6/2013 16:47:5] /m crocodile
[8/6/2013 16:47:6] /m crocodile
[8/6/2013 16:47:6] /m crocodile
[8/6/2013 16:47:7] /m crocodile
[8/6/2013 16:47:7] /m crocodile
[8/6/2013 16:47:8] /m crocodile
[8/6/2013 16:47:8] /m crocodile
[8/6/2013 16:47:10] /m crocodile
[8/6/2013 16:47:10] /m crocodile
[8/6/2013 16:47:10] /m crocodile
[8/6/2013 16:47:10] /m crocodile
[8/6/2013 16:47:11] /m crocodile
[8/6/2013 16:47:11] /m crocodile
[8/6/2013 16:47:13] /m crocodile
[8/6/2013 16:47:13] /m crocodile
[8/6/2013 16:47:14] /m crocodile
[8/6/2013 16:47:14] /m crocodile
[8/6/2013 16:47:15] /m crocodile
[8/6/2013 16:47:15] /m crocodile
[8/6/2013 16:47:15] /m crocodile
[8/6/2013 16:47:15] /m crocodile
[8/6/2013 16:47:16] /m crocodile
[8/6/2013 16:47:16] /m crocodile
[8/6/2013 16:47:17] /m crocodile
[8/6/2013 16:47:18] /m crocodile
[8/6/2013 16:47:18] /m crocodile
[8/6/2013 16:47:18] /m crocodile
[8/6/2013 16:47:19] /m crocodile
[8/6/2013 16:47:19] /m crocodile
[8/6/2013 16:47:20] /m crocodile
[8/6/2013 16:47:20] /m crocodile
[8/6/2013 16:47:20] /m crocodile
[8/6/2013 16:47:21] /m crocodile
[8/6/2013 16:47:21] /m crocodile
[8/6/2013 16:47:21] /m crocodile
[8/6/2013 16:47:23] /m crocodile
[8/6/2013 16:47:23] /m crocodile
[8/6/2013 16:47:23] /m crocodile
[8/6/2013 16:47:24] /m crocodile
[8/6/2013 16:47:24] /m crocodile
[8/6/2013 16:47:25] /m crocodile
[8/6/2013 16:47:25] /m crocodile
[8/6/2013 16:47:25] /m crocodile
[8/6/2013 16:47:26] /m crocodile
[8/6/2013 16:47:26] /m crocodile
[8/6/2013 16:47:26] /m crocodile
[8/6/2013 16:47:27] /m crocodile
[8/6/2013 16:47:28] /m crocodile
[8/6/2013 16:47:28] /m crocodile
[8/6/2013 16:47:29] /m crocodile
[8/6/2013 16:47:29] /m crocodile
[8/6/2013 16:47:29] /m crocodile
[8/6/2013 16:47:30] /m crocodile
[8/6/2013 16:47:30] /m crocodile
[8/6/2013 16:47:31] /m crocodile
[8/6/2013 16:47:31] /m crocodile
[8/6/2013 16:47:32] /m crocodile
[8/6/2013 16:47:32] /m crocodile
[8/6/2013 16:47:32] /m crocodile
[8/6/2013 16:47:33] /m crocodile
[8/6/2013 16:47:33] /m crocodile
[8/6/2013 16:47:33] /m crocodile
[8/6/2013 16:47:34] /m crocodile
[8/6/2013 16:47:34] /m crocodile
[8/6/2013 16:47:35] /m crocodile
[8/6/2013 16:47:36] /m crocodile
[8/6/2013 16:47:36] /m crocodile
[8/6/2013 16:47:36] /m crocodile
[8/6/2013 16:47:37] /m crocodile
[8/6/2013 16:47:37] /m crocodile
[8/6/2013 16:47:38] /m crocodile
[8/6/2013 16:47:38] /m crocodile
[8/6/2013 16:47:38] /m crocodile
[8/6/2013 16:47:39] /m crocodile
[8/6/2013 16:47:39] /m crocodile
[8/6/2013 16:47:39] /m crocodile
[8/6/2013 16:47:40] /m crocodile
[8/6/2013 16:47:40] /m crocodile
[8/6/2013 16:47:41] /m crocodile
[8/6/2013 16:47:41] /m crocodile
[8/6/2013 16:47:41] /m crocodile
[8/6/2013 16:47:42] /m crocodile
[8/6/2013 16:47:42] /m crocodile
[8/6/2013 16:47:42] /m crocodile
[8/6/2013 16:47:43] /m crocodile
[8/6/2013 16:47:43] /m crocodile
[8/6/2013 16:47:44] /m crocodile
[8/6/2013 16:47:44] /m crocodile
[8/6/2013 16:47:45] /m crocodile
[8/6/2013 16:47:46] /m crocodile
[8/6/2013 16:47:46] /m crocodile
[8/6/2013 16:47:46] /m crocodile
[8/6/2013 16:47:51] /m crocodile
[8/6/2013 16:47:51] /m crocodile
[8/6/2013 16:47:52] /m crocodile
[8/6/2013 16:47:52] /m crocodile
[8/6/2013 16:47:52] /m crocodile
[8/6/2013 16:47:53] /m crocodile
[8/6/2013 16:47:53] /m crocodile
[8/6/2013 16:47:54] /m crocodile
[8/6/2013 16:47:54] /m crocodile
[8/6/2013 16:47:56] /m crocodile
[8/6/2013 16:47:56] /m crocodile
[8/6/2013 16:47:58] /m crocodile
[8/6/2013 16:48:21] /i soft boots
[8/6/2013 16:48:26] /i pair of soft boots
[8/6/2013 16:48:36] /i great fireball rune
[8/6/2013 16:48:57] /m crocodile
[8/6/2013 16:48:57] /m crocodile
[8/6/2013 16:48:57] /m crocodile
[8/6/2013 16:48:57] /m crocodile
[8/6/2013 16:48:58] /m crocodile
[8/6/2013 16:48:58] /m crocodile
[8/6/2013 16:48:58] /m crocodile
[8/6/2013 16:48:58] /m crocodile
[8/6/2013 16:48:59] /m crocodile
[8/6/2013 16:48:59] /m crocodile
[8/6/2013 16:48:59] /m crocodile
[8/6/2013 16:48:59] /m crocodile
[8/6/2013 16:49:0] /m crocodile
[8/6/2013 16:49:0] /m crocodile
[8/6/2013 16:49:0] /m crocodile
[8/6/2013 16:49:1] /m crocodile
[8/6/2013 16:49:1] /m crocodile
[8/6/2013 16:49:1] /m crocodile
[8/6/2013 16:49:2] /m crocodile
[8/6/2013 16:49:2] /m crocodile
[8/6/2013 16:49:2] /m crocodile
[8/6/2013 16:49:2] /m crocodile
[8/6/2013 16:49:3] /m crocodile
[8/6/2013 16:49:3] /m crocodile
[8/6/2013 16:49:3] /m crocodile
[8/6/2013 16:49:3] /m crocodile
[8/6/2013 16:49:3] /m crocodile
[8/6/2013 16:49:4] /m crocodile
[8/6/2013 16:49:5] /m crocodile
[8/6/2013 16:49:5] /m crocodile
[8/6/2013 16:49:6] /m crocodile
[8/6/2013 16:49:6] /m crocodile
[8/6/2013 16:49:6] /m crocodile
[8/6/2013 16:49:7] /m crocodile
[8/6/2013 16:49:7] /m crocodile
[8/6/2013 16:49:7] /m crocodile
[8/6/2013 16:49:8] /m crocodile
[8/6/2013 16:49:8] /m crocodile
[8/6/2013 16:49:8] /m crocodile
[8/6/2013 16:49:8] /m crocodile
[8/6/2013 16:49:9] /m crocodile
[8/6/2013 16:49:9] /m crocodile
[8/6/2013 16:49:9] /m crocodile
[8/6/2013 16:49:10] /m crocodile
[8/6/2013 16:49:10] /m crocodile
[8/6/2013 16:49:10] /m crocodile
[8/6/2013 16:49:11] /m crocodile
[8/6/2013 16:49:11] /m crocodile
[8/6/2013 16:49:11] /m crocodile
[8/6/2013 16:49:12] /m crocodile
[8/6/2013 16:49:12] /m crocodile
[8/6/2013 16:49:12] /m crocodile
[8/6/2013 16:49:12] /m crocodile
[8/6/2013 16:49:13] /m crocodile
[8/6/2013 16:49:13] /m crocodile
[8/6/2013 16:49:14] /m crocodile
[8/6/2013 16:49:14] /m crocodile
[8/6/2013 16:49:14] /m crocodile
[8/6/2013 16:49:14] /m crocodile
[8/6/2013 16:49:15] /m crocodile
[8/6/2013 16:49:15] /m crocodile
[8/6/2013 16:49:15] /m crocodile
[8/6/2013 16:49:15] /m crocodile
[8/6/2013 16:49:16] /m crocodile
[8/6/2013 16:49:16] /m crocodile
[8/6/2013 16:49:16] /m crocodile
[8/6/2013 16:49:17] /m crocodile
[8/6/2013 16:49:17] /m crocodile
[8/6/2013 16:49:17] /m crocodile
[8/6/2013 16:49:18] /m crocodile
[8/6/2013 16:49:18] /m crocodile
[8/6/2013 16:49:18] /m crocodile
[8/6/2013 16:49:19] /m crocodile
[8/6/2013 16:49:19] /m crocodile
[8/6/2013 16:49:19] /m crocodile
[8/6/2013 16:49:19] /m crocodile
[8/6/2013 16:49:19] /m crocodile
[8/6/2013 16:49:20] /m crocodile
[8/6/2013 16:49:20] /m crocodile
[8/6/2013 16:49:20] /m crocodile
[8/6/2013 16:49:21] /m crocodile
[8/6/2013 16:49:21] /m crocodile
[8/6/2013 16:49:21] /m crocodile
[8/6/2013 16:49:21] /m crocodile
[8/6/2013 16:49:22] /m crocodile
[8/6/2013 16:49:22] /m crocodile
[8/6/2013 16:49:22] /m crocodile
[8/6/2013 16:49:22] /m crocodile
[8/6/2013 16:49:23] /m crocodile
[8/6/2013 16:49:23] /m crocodile
[8/6/2013 16:49:23] /m crocodile
[8/6/2013 16:49:24] /m crocodile
[8/6/2013 16:49:24] /m crocodile
[8/6/2013 16:49:24] /m crocodile
[8/6/2013 16:49:24] /m crocodile
[8/6/2013 16:49:25] /m crocodile
[8/6/2013 16:49:25] /m crocodile
[8/6/2013 16:49:25] /m crocodile
[8/6/2013 16:49:26] /m crocodile
[8/6/2013 16:49:26] /m crocodile
[8/6/2013 16:49:26] /m crocodile
[8/6/2013 16:49:27] /m crocodile
[8/6/2013 16:49:27] /m crocodile
[8/6/2013 16:49:27] /m crocodile
[8/6/2013 16:49:27] /m crocodile
[8/6/2013 16:49:28] /m crocodile
[8/6/2013 16:49:28] /m crocodile
[8/6/2013 16:49:28] /m crocodile
[8/6/2013 16:49:28] /m crocodile
[8/6/2013 16:49:29] /m crocodile
[8/6/2013 16:49:31] /m crocodile
[8/6/2013 16:49:31] /m crocodile
[8/6/2013 16:49:31] /m crocodile
[8/6/2013 16:49:32] /m crocodile
[8/6/2013 16:49:32] /m crocodile
[8/6/2013 16:49:32] /m crocodile
[8/6/2013 16:49:32] /m crocodile
[8/6/2013 16:49:33] /m crocodile
[8/6/2013 16:49:33] /m crocodile
[8/6/2013 16:49:33] /m crocodile
[8/6/2013 16:49:33] /m crocodile
[8/6/2013 16:49:34] /m crocodile
[8/6/2013 16:49:34] /m crocodile
[8/6/2013 16:49:34] /m crocodile
[8/6/2013 16:49:34] /m crocodile
[8/6/2013 16:49:35] /m crocodile
[8/6/2013 16:49:35] /m crocodile
[8/6/2013 16:49:35] /m crocodile
[8/6/2013 16:49:35] /m crocodile
[8/6/2013 16:49:36] /m crocodile
[8/6/2013 16:49:36] /m crocodile
[8/6/2013 16:49:36] /m crocodile
[8/6/2013 16:49:36] /m crocodile
[8/6/2013 16:49:37] /m crocodile
[8/6/2013 16:49:37] /m crocodile
[8/6/2013 16:49:37] /m crocodile
[8/6/2013 16:49:40] /m crocodile
[8/6/2013 16:49:41] /m crocodile
[8/6/2013 16:49:41] /m crocodile
[8/6/2013 16:49:41] /m crocodile
[8/6/2013 16:49:42] /m crocodile
[8/6/2013 16:49:42] /m crocodile
[8/6/2013 16:49:42] /m crocodile
[8/6/2013 16:49:42] /m crocodile
[8/6/2013 16:49:43] /m crocodile
[8/6/2013 16:49:43] /m crocodile
[8/6/2013 16:49:43] /m crocodile
[8/6/2013 16:49:44] /m crocodile
[8/6/2013 16:49:44] /m crocodile
[8/6/2013 16:49:44] /m crocodile
[8/6/2013 16:49:44] /m crocodile
[8/6/2013 16:49:45] /m crocodile
[8/6/2013 16:49:45] /m crocodile
[8/6/2013 16:49:45] /m crocodile
[8/6/2013 16:49:45] /m crocodile
[8/6/2013 16:49:46] /m crocodile
[8/6/2013 16:49:46] /m crocodile
[8/6/2013 16:49:46] /m crocodile
[8/6/2013 16:49:47] /m crocodile
[8/6/2013 16:49:48] /m crocodile
[8/6/2013 16:49:48] /m crocodile
[8/6/2013 16:49:48] /m crocodile
[8/6/2013 16:49:49] /m crocodile
[8/6/2013 16:49:49] /m crocodile
[8/6/2013 16:49:53] /m crocodile
[8/6/2013 16:49:54] /m crocodile
[8/6/2013 16:49:54] /m crocodile
[8/6/2013 16:49:54] /m crocodile
[8/6/2013 16:49:55] /m crocodile
[8/6/2013 16:49:55] /m crocodile
[8/6/2013 16:49:55] /m crocodile
[8/6/2013 16:49:56] /m crocodile
[8/6/2013 16:49:56] /m crocodile
[8/6/2013 16:49:56] /m crocodile
[8/6/2013 16:49:57] /m crocodile
[8/6/2013 16:49:57] /m crocodile
[8/6/2013 16:49:57] /m crocodile
[8/6/2013 16:49:57] /m crocodile
[8/6/2013 16:49:58] /m crocodile
[8/6/2013 16:49:58] /m crocodile
[8/6/2013 16:49:59] /m crocodile
[8/6/2013 16:51:18] /goto test
[8/6/2013 16:51:50] /goto test
[8/6/2013 16:52:13] /goto test
[8/6/2013 16:53:0] /goto grizzly adams
[8/6/2013 16:53:2] /c test
[8/6/2013 16:55:6] /goto xodet
[8/6/2013 16:55:8] /c test
[8/6/2013 16:56:34] /goto sandra
[8/6/2013 16:56:36] /c sandra
[8/6/2013 16:56:40] /c test
[8/6/2013 16:57:14] /i 7636
[8/6/2013 16:57:14] /i 7636
[8/6/2013 16:57:15] /i 7636
[8/6/2013 16:57:15] /i 7636
[8/6/2013 16:57:15] /i 7636
[8/6/2013 16:57:15] /i 7636
[8/6/2013 16:57:15] /i 7636
[8/6/2013 16:57:15] /i 7636
[8/6/2013 16:57:15] /i 7636
[8/6/2013 16:57:15] /i 7636
[8/6/2013 16:57:16] /i 7636
[8/6/2013 16:57:16] /i 7636
[8/6/2013 16:57:16] /i 7636
[8/6/2013 16:57:19] /i 7636
[8/6/2013 16:57:19] /i 7636
[8/6/2013 17:3:58] /reload actions
[8/6/2013 17:4:46] /reload actions
[8/6/2013 17:6:33] /i 5957
[8/6/2013 17:6:35] /i 5957
[8/6/2013 17:6:36] /i 5957
[8/6/2013 17:6:45] /i 5958
[8/6/2013 17:6:49] /i 5958
[8/6/2013 17:7:5] /i 5959
[8/6/2013 17:7:9] /i 5957
[8/6/2013 17:9:13] /reload npc
[8/6/2013 17:12:19] /reload npc
[8/6/2013 17:16:53] /i magic wall rune
[8/6/2013 17:18:21] /i lottery ticket
[8/6/2013 17:18:22] /i lottery ticket
[8/6/2013 17:18:22] /i lottery ticket
[8/6/2013 17:18:22] /i lottery ticket
[8/6/2013 17:18:22] /i lottery ticket
[8/6/2013 17:18:23] /i lottery ticket
[8/6/2013 17:21:37] /town venore
[8/6/2013 17:21:40] /down
[8/6/2013 17:22:1] /down
[8/6/2013 17:22:1] /down
[8/6/2013 17:22:3] /down
[8/6/2013 17:22:4] /down
[8/6/2013 17:24:24] /down
[8/6/2013 17:26:4] /goto a ghstly sage
[8/6/2013 17:26:9] /goto a ghostly sage
[8/6/2013 17:26:19] /c test
[8/6/2013 17:28:49] /c test
[8/6/2013 17:30:3] /i 3700
[8/6/2013 17:30:6] /r
[8/6/2013 17:30:26] /i god flower
[8/6/2013 17:30:40] /i 2100
[8/6/2013 17:31:13] /r
[8/6/2013 17:33:43] /c test
[8/6/2013 17:34:54] /i 1210
[8/6/2013 17:34:56] /r
[8/6/2013 17:34:58] /i 1210
[8/6/2013 17:36:23] /town svargrond
[8/6/2013 17:36:34] /c test
[8/6/2013 17:37:27] /town edron
[8/6/2013 17:45:12] /reload movements
[8/6/2013 17:46:5] /up
[8/6/2013 17:48:52] /down
[8/6/2013 17:48:55] /up
[8/6/2013 17:48:56] /up
[8/6/2013 17:48:58] /up
[8/6/2013 17:49:1] /down
[8/6/2013 18:9:49] /i star tear
[8/6/2013 18:17:42] /reload config
[8/6/2013 18:30:58] /goto test
[8/6/2013 23:31:51] /goto test
[8/6/2013 23:46:29] /goto test
[8/6/2013 23:46:33] /goto test
[8/6/2013 23:46:46] /goto test
[8/6/2013 23:47:5] /r
[8/6/2013 23:53:9] /goto test
[8/6/2013 23:58:2] /c nestor
[9/6/2013 0:1:10] /town venore
[9/6/2013 0:1:43] /down
[9/6/2013 0:1:45] /down
[9/6/2013 0:1:46] /down
[9/6/2013 0:1:48] /down
[9/6/2013 0:1:49] /down
[9/6/2013 0:1:56] /c test
[9/6/2013 0:2:3] /attr group 1
[9/6/2013 0:2:11] /r
[9/6/2013 0:2:53] /c test
[9/6/2013 0:16:48] /attr group 1
[9/6/2013 0:16:50] /r
[9/6/2013 0:17:20] /r
[9/6/2013 0:17:35] /town farmine
