[8/7/2014 14:30:51] /i 2160
[8/7/2014 14:34:58] /i 12645
[8/7/2014 14:35:36] /r
[8/7/2014 14:35:39] /i 12196
[8/7/2014 14:35:46] /i 12197
[8/7/2014 14:35:51] /i 12198
[8/7/2014 14:35:53] /r
[8/7/2014 14:35:56] /r
[8/7/2014 14:35:57] /i 12199
[8/7/2014 14:36:1] /r
[8/7/2014 14:36:7] /i 12200
[8/7/2014 14:36:8] /r
[8/7/2014 14:36:12] /i 12201
[8/7/2014 14:36:15] /r
[8/7/2014 14:36:16] /i 12202
[8/7/2014 14:36:23] /r
[8/7/2014 14:36:25] /i 12203
[8/7/2014 14:36:28] /r
[8/7/2014 14:36:31] /i 12204
[8/7/2014 14:36:35] /r
[8/7/2014 14:36:37] /i 12206
[8/7/2014 14:36:39] /r
[8/7/2014 14:36:41] /i 12207
[8/7/2014 14:36:43] /r
[8/7/2014 14:36:45] /i 12208
[8/7/2014 14:36:46] /r
[8/7/2014 14:36:54] /i 12194
[8/7/2014 14:36:59] /r
[8/7/2014 14:37:1] /i 12192
[8/7/2014 14:37:3] /r
[8/7/2014 14:37:7] /i 12189
[8/7/2014 14:37:13] /r
[8/7/2014 14:37:40] /r
[8/7/2014 14:37:42] /r
[8/7/2014 14:37:46] /r
[8/7/2014 14:37:51] /i 12189
[8/7/2014 14:37:52] /i 12189
[8/7/2014 14:39:7] /i 12197
[8/7/2014 14:39:11] /r
[8/7/2014 14:39:17] /i 12198
[8/7/2014 14:39:21] /r
[8/7/2014 14:40:38] /i 7735
[8/7/2014 14:41:11] /goto a sleeping dragon
[8/7/2014 14:41:14] /n a sleeping dragon
[8/7/2014 14:41:26] /r
[8/7/2014 14:52:41] /n a sleeping dragon
[8/7/2014 14:52:58] /r
[8/7/2014 14:55:27] /goto awarness of the emperor
[8/7/2014 14:56:0] /goto chartan
[8/7/2014 14:56:13] /goto gate guardian
[8/7/2014 14:56:23] /goto ghost of a priest
[8/7/2014 14:56:34] /goto zalamon
[8/7/2014 14:57:7] /goto zizzle
[8/7/2014 14:57:10] /goto zizzle
[8/7/2014 14:57:16] /goto zlak
[8/7/2014 14:57:26] /goto zumtah
[8/7/2014 15:0:11] /town farmine
[8/7/2014 15:7:22] /light
[8/7/2014 15:7:52] /town famrine
[8/7/2014 15:7:54] /town farmine
[8/7/2014 15:34:10] /i 10781
[8/7/2014 15:34:14] /r
[8/7/2014 15:34:18] /i 10782
[8/7/2014 15:34:21] /r
[8/7/2014 15:34:30] /i 10775
[8/7/2014 15:34:34] /i 10776
[8/7/2014 15:34:39] /r
[8/7/2014 15:34:40] /r
[8/7/2014 15:36:8] /i 10785
[8/7/2014 15:36:11] /r
[8/7/2014 16:3:45] /n gate guardian
[8/7/2014 16:3:50] /r
[8/7/2014 19:1:57] /i 10884
[8/7/2014 19:2:2] /i 10884
[8/7/2014 19:2:21] /i 10498
[8/7/2014 19:6:4] /attr actiond id 7300
[8/7/2014 19:6:11] /attr actionid 7300
[8/7/2014 19:6:29] /attr actionid 7301
[8/7/2014 19:6:41] /attr actionid 7303
[8/7/2014 19:6:46] /attr actionid 7302
[8/7/2014 19:6:50] /attr actionid 7304
[8/7/2014 19:7:1] /attr actionid 7305
[8/7/2014 19:8:43] /attr actionid 7304
[8/7/2014 19:9:29] /attr actionid 7304
[8/7/2014 19:10:15] /reload movements
[8/7/2014 19:39:35] /reload movements
[8/7/2014 20:9:36] /n zlak
[8/7/2014 20:9:45] /r
[8/7/2014 20:23:51] /i 12190
[8/7/2014 20:23:59] /r
[8/7/2014 20:24:1] /i 12189
[8/7/2014 20:24:5] /r
[8/7/2014 20:25:0] /i 12198
[8/7/2014 20:25:4] /r
[9/7/2014 11:3:38] /goto a Sleeping Dragon
[9/7/2014 11:4:3] /up
[9/7/2014 11:4:6] /up
[9/7/2014 11:4:7] /up
[9/7/2014 11:4:9] /up
[9/7/2014 11:4:15] /a 50
[9/7/2014 11:4:48] /up
[9/7/2014 11:4:49] /up
[9/7/2014 11:4:50] /up
[9/7/2014 11:4:54] /up
[9/7/2014 11:4:56] /a 50
[9/7/2014 11:5:26] /town vikia}
[9/7/2014 11:5:28] /town vikia
[9/7/2014 11:6:49] /a 50
[9/7/2014 11:6:56] /a 50
[9/7/2014 11:6:57] /a 50
[9/7/2014 11:6:58] /a 50
[9/7/2014 11:7:0] /a 50
[9/7/2014 11:7:2] /a 50
[9/7/2014 11:7:5] /a 50
[9/7/2014 11:7:6] /a 50
[9/7/2014 11:7:8] /a 50
[9/7/2014 11:7:9] /a 50
[9/7/2014 11:7:12] /a 25
[9/7/2014 11:7:14] /a 25
[9/7/2014 11:7:19] /a 25
[9/7/2014 11:7:21] /a 10
[9/7/2014 11:7:22] /a 15
[9/7/2014 11:7:23] /a 20
[9/7/2014 11:7:25] /a 30
[9/7/2014 11:7:28] /a 40
[9/7/2014 11:7:29] /a 45
[9/7/2014 11:8:22] /reload npc
[9/7/2014 11:8:41] /goto captain morbel
[9/7/2014 11:10:30] /reload npc
[9/7/2014 11:13:24] /reload npc
[9/7/2014 11:14:23] /goto captain morbel
[9/7/2014 11:14:51] /up
[9/7/2014 11:15:3] /down
[9/7/2014 11:15:23] /town ghala
[9/7/2014 11:15:34] /town ghenov
[9/7/2014 11:21:22] /i 2320
[9/7/2014 11:21:29] /i 2390
[9/7/2014 11:28:47] /i 8853
[9/7/2014 11:35:26] /light
[9/7/2014 11:36:34] /light
[9/7/2014 11:36:46] /down
[9/7/2014 11:37:19] /down
[9/7/2014 11:41:13] /town thais
[9/7/2014 11:44:27] /i 12604
[9/7/2014 11:44:34] /r
[9/7/2014 11:44:54] /i 12645
[9/7/2014 11:44:56] /i 12646
[9/7/2014 11:44:58] /i 12644
[9/7/2014 11:44:59] /i 12643
[9/7/2014 11:45:0] /i 12642
[9/7/2014 11:46:3] /i 12568
[9/7/2014 11:46:9] /i 12648
[9/7/2014 11:46:10] /i 12647
[9/7/2014 11:46:13] /i 12646
[9/7/2014 11:47:33] /i 11296
[9/7/2014 11:47:36] /r
[9/7/2014 11:47:41] /i zaoan helmet
[9/7/2014 11:47:57] /i zaoan armor
[9/7/2014 11:48:11] /i zaoan legs
[9/7/2014 11:48:32] /i zaoan robe
[9/7/2014 11:49:8] /i zaoan shoes
[9/7/2014 11:51:30] /i 15489
[9/7/2014 12:4:47] /i 12647
[9/7/2014 12:4:51] /i 12646
[9/7/2014 12:4:53] /i 12645
[9/7/2014 12:4:59] /i 12644
[9/7/2014 12:5:0] /i 12643
[9/7/2014 12:5:1] /i 12642
[9/7/2014 12:5:31] /i zaoan armor
[9/7/2014 12:6:47] /goto zhumat
[9/7/2014 12:6:57] /goto zumtah
[9/7/2014 12:7:35] /goto chartan
[9/7/2014 12:7:53] /goto zalomon
[9/7/2014 12:7:59] /goto zalamon
[9/7/2014 12:8:42] /goto ghost of a priest
[9/7/2014 12:8:56] /goto ghost of a priest
[9/7/2014 12:9:13] /goto gate guardian
[9/7/2014 12:9:26] /goto zlak
[9/7/2014 12:9:41] /goto Zizzle
[9/7/2014 12:15:16] /light
[9/7/2014 12:15:47] /down 4
[9/7/2014 12:17:19] /i 2549
[9/7/2014 12:17:27] /i 5010
[9/7/2014 12:17:30] /r
[9/7/2014 12:17:31] /r
[9/7/2014 12:17:39] /i 5710
[9/7/2014 12:17:50] /i 2353
[9/7/2014 12:18:0] /i 5908
[9/7/2014 12:18:12] /i 12285
[9/7/2014 12:18:25] /i 12300
[9/7/2014 12:18:35] /i 12303
[9/7/2014 12:18:45] /i 12290
[9/7/2014 12:18:57] /i 12289
[9/7/2014 12:19:23] /i 12318
[9/7/2014 12:19:48] /i 12385
[9/7/2014 12:19:58] /i 12320
[9/7/2014 12:20:6] /i 12316
[9/7/2014 12:21:7] /attr health -1312
[9/7/2014 12:21:29] /light
[9/7/2014 12:21:46] /light
[9/7/2014 12:21:53] /light
[9/7/2014 12:21:53] /light
[9/7/2014 12:21:57] /light
[9/7/2014 12:31:43] /town 
[9/7/2014 12:31:51] /town 2
[9/7/2014 12:38:50] /town pyre
[9/7/2014 12:55:13] /reload globalevents
[9/7/2014 12:55:24] /r
[9/7/2014 12:55:25] /r
[9/7/2014 12:56:27] /goto captain bluebear
[9/7/2014 12:59:55] /reload actions
[9/7/2014 13:1:53] /town ghala
[9/7/2014 13:3:5] /light
[9/7/2014 13:7:42] /i 460
[9/7/2014 13:7:48] /i 460
[9/7/2014 13:10:59] /r
[9/7/2014 13:11:2] /r
[9/7/2014 13:11:4] /r
[9/7/2014 13:11:6] /r
[9/7/2014 13:11:8] /r
[9/7/2014 13:11:16] /r
[9/7/2014 14:2:50] /i 8865
[9/7/2014 14:3:54] /i 2500
[9/7/2014 14:15:22] /i ferumbras hat
[9/7/2014 14:15:29] /i ferumbras ha0t
[9/7/2014 14:15:32] /i ferumbras ha't
[9/7/2014 14:15:35] /i ferumbra's hat
[9/7/2014 14:15:39] /i yalahari mask
[9/7/2014 14:53:12] /goto captain blueabear
[9/7/2014 14:53:16] /goto captain bluebear
[9/7/2014 14:53:25] /reload npc
[9/7/2014 16:19:45] /n melian
[9/7/2014 16:29:41] /town farmine
[9/7/2014 16:30:3] /reload npc
[9/7/2014 16:30:31] /n melian
[9/7/2014 17:19:33] /r
[9/7/2014 17:21:15] /reload npc
[9/7/2014 17:21:45] /n melian
[9/7/2014 17:23:55] /r
[9/7/2014 17:23:57] /reload npc
[9/7/2014 17:24:12] /n melian
[9/7/2014 17:24:16] /r
[9/7/2014 17:42:33] /n melian
[9/7/2014 17:43:0] /light
[9/7/2014 17:45:32] /r
[9/7/2014 17:45:35] /reload npc
[9/7/2014 17:45:51] /n melian
[9/7/2014 17:46:26] /r
[9/7/2014 17:46:28] /reload npc
[9/7/2014 17:46:41] /n melian
[9/7/2014 17:46:59] /r
[9/7/2014 17:47:3] /reload npc
[9/7/2014 17:47:13] /n melian
[9/7/2014 17:47:16] /r
[9/7/2014 18:0:21] /n melian
[9/7/2014 18:0:49] /r
[9/7/2014 18:0:52] /reload npc
[9/7/2014 18:1:4] /n melian
[9/7/2014 18:4:0] /down
[9/7/2014 18:22:9] /r
[9/7/2014 18:27:9] /reload npc
[9/7/2014 18:27:34] /goto pino
[9/7/2014 18:27:46] /n melian
[9/7/2014 18:33:25] /reload npc
[9/7/2014 18:34:13] /goto melian
[12/7/2014 1:1:56] /n izs
[12/7/2014 1:1:58] /n izsh
[12/7/2014 1:2:51] /r
[12/7/2014 1:2:53] /r
[12/7/2014 1:2:55] /r
[26/7/2014 16:12:27] /town  1
[26/7/2014 16:12:29] /town  2
[26/7/2014 16:23:9] /addskill Sir Wark ,lvl, 150
[26/7/2014 16:23:17] /addskill Sir Wark ,magic , 80
[26/7/2014 16:24:35] /i pair of soft boots
[26/7/2014 16:24:55] /i zaoan robe
[26/7/2014 16:25:7] /i blue lges
[26/7/2014 16:25:9] /i blue legs
[26/7/2014 16:25:48] /i 8930
[26/7/2014 16:25:53] /r
[26/7/2014 16:25:59] /i 8888
[26/7/2014 16:26:23] /i 8930
[26/7/2014 16:26:26] /i 8924
[26/7/2014 16:26:34] /i 8881
[26/7/2014 16:26:45] /town 2
[26/7/2014 16:27:43] /goto sir wark
[26/7/2014 16:27:54] /i 2183
[26/7/2014 16:28:49] /reload config
[26/7/2014 16:30:6] /reload actions
[26/7/2014 16:31:56] /reload actions
[26/7/2014 16:33:48] /reload actions
[26/7/2014 16:36:27] /c sir wark
[26/7/2014 16:36:46] /c sir wark
[26/7/2014 16:40:2] /town 2
[26/7/2014 16:41:1] /addskill Fast Please ,lvl, 100
[26/7/2014 16:41:5] /addskill Fast Please ,distance, 80
[26/7/2014 16:41:57] /i yalahari armor
[26/7/2014 16:42:6] /i yalahari leg piece
[26/7/2014 16:42:15] /i pair of soft boots
[26/7/2014 16:42:28] /i nightmare shield
[21/9/2014 23:43:15] /town 1
[21/9/2014 23:43:20] /c stest
[21/9/2014 23:43:27] /goto stest
[21/9/2014 23:44:4] /c stest
[21/9/2014 23:46:22] /goto oldrak
[22/9/2014 19:50:51] /town venore
[22/9/2014 19:50:55] /town edron
[22/9/2014 19:51:2] /up
[22/9/2014 19:51:5] /a 50
[22/9/2014 19:51:10] /a 50
[22/9/2014 19:51:13] /a 50
[22/9/2014 19:51:21] /down 5
[22/9/2014 19:51:28] /up
[22/9/2014 19:51:41] /a 2
[22/9/2014 19:52:45] /down
[22/9/2014 19:52:47] /up
[22/9/2014 19:52:51] /down
[22/9/2014 19:53:6] /i pick
[22/9/2014 19:53:35] /down
[22/9/2014 19:58:2] /reload actions
[23/9/2014 10:35:43] /goto oldrak
[24/9/2014 18:20:28] /reload movement
[25/9/2014 0:25:4] /i 8293
[25/9/2014 0:39:47] /i 893
[25/9/2014 0:39:51] /i 8932
[25/9/2014 0:40:44] /i 9289
[25/9/2014 0:40:46] /r
[25/9/2014 0:41:15] /i 8293
[25/9/2014 0:47:56] /reload action
[25/9/2014 0:50:13] /reload action
[25/9/2014 0:56:37] /reload action
[25/9/2014 0:57:11] /reload action
[25/9/2014 1:4:15] /reload action
[25/9/2014 1:6:31] /reload action
[25/9/2014 1:6:57] /reload action
[25/9/2014 1:8:17] /reload action
[25/9/2014 1:15:50] /reload action
[25/9/2014 1:19:46] /reload action
[25/9/2014 1:27:4] /reload action
[25/9/2014 1:30:54] /reload action
[25/9/2014 1:31:36] /r
[25/9/2014 1:31:38] /r
[25/9/2014 1:31:40] /r
[25/9/2014 1:31:41] /r
[25/9/2014 1:47:39] /reload action
[25/9/2014 4:4:58] /reload movementfunction onStepIn(cid, item, position, fromPosition) if getPlayerStorageValue(cid,36901) < 1 then        doTeleportThing(cid,DEMON_OAK_KICK_POSITION/reload movements
[25/9/2014 4:12:57] /town yalahar
[25/9/2014 4:26:39] /goto oldrak
[25/9/2014 16:51:12] /reload action
[25/9/2014 17:12:27] /addskill Stest ,magic, 50
[25/9/2014 17:12:46] /i avalanche rune
[25/9/2014 18:19:5] /addskill dosh Hc , magic, 90
[25/9/2014 18:31:7] /reload action
[25/9/2014 18:32:56] /reload action
[25/9/2014 18:33:27] /reload action
[25/9/2014 18:36:42] /reload action
[25/9/2014 18:38:41] /reload action
[25/9/2014 18:39:41] /reload action
[25/9/2014 18:40:23] /reload action
[25/9/2014 22:4:23] /reload action
[25/9/2014 22:6:10] /reload action
[25/9/2014 22:7:42] /reload action
[25/9/2014 22:9:16] /goto oldrak
[25/9/2014 22:14:22] /reload action
[25/9/2014 22:15:51] /reload action
[25/9/2014 22:19:23] /reload action
[25/9/2014 22:20:12] /reload action
[25/9/2014 22:20:58] /reload action
[25/9/2014 22:22:18] /r
[25/9/2014 22:22:20] /r
[25/9/2014 22:22:22] /r
[25/9/2014 22:22:24] /r
[25/9/2014 22:49:28] /reload action
[25/9/2014 22:50:43] /reload action
[25/9/2014 22:52:31] /reload action
[25/9/2014 22:55:26] /reload action
[25/9/2014 23:2:10] /c Stest
[25/9/2014 23:2:23] /attr -health 500
[25/9/2014 23:2:31] /attr health -500
[25/9/2014 23:3:33] /attr health -500
[25/9/2014 23:11:6] /goto xodet
[25/9/2014 23:11:49] /i 2268
[25/9/2014 23:11:56] /goto Stest
[25/9/2014 23:12:20] /goto Stest
[25/9/2014 23:12:23] /goto oldrak
[25/9/2014 23:12:41] /c Stest
[25/9/2014 23:14:13] /c Stest
[25/9/2014 23:24:49] /c Stest
[26/9/2014 21:2:18] /reload action
[26/9/2014 21:10:5] /reload action
[26/9/2014 21:11:5] /reload action
[26/9/2014 21:11:58] /reload action
[26/9/2014 21:12:40] /reload action
[26/9/2014 21:14:41] /reload action
[26/9/2014 21:15:20] /reload action
[26/9/2014 21:25:3] /i 11076
[26/9/2014 21:30:8] /reload action
[26/9/2014 21:32:45] /goto lazaran
[26/9/2014 21:32:48] /goto zizzle
[26/9/2014 21:33:4] /goto dragon lord
[26/9/2014 21:33:50] /town farmine
[26/9/2014 21:35:41] /attr uniqueid 24151
[26/9/2014 21:36:43] /attr uniqueid 24150
[26/9/2014 21:36:46] /attr uniqueid 24153
[26/9/2014 21:37:55] /n lazaran
[26/9/2014 21:38:22] /reload npc
[26/9/2014 21:38:58] /r
[27/9/2014 1:58:37] /goto lazaran
[27/9/2014 1:58:41] /n lazaran
[27/9/2014 2:1:26] /attr uniqueid 24150
[27/9/2014 2:4:13] /n ulala
[27/9/2014 2:13:12] /r
[27/9/2014 2:13:15] /r
[27/9/2014 2:13:19] /reload npc
[27/9/2014 2:13:26] /n lazaran
[27/9/2014 2:14:50] /n ulala
[27/9/2014 2:31:35] /i 11076
[27/9/2014 2:37:5] /reload action
[27/9/2014 2:38:50] /reload action
[27/9/2014 2:39:37] /reload action
[27/9/2014 23:34:3] /goto lazaran
[30/9/2014 12:42:32] /reload npc
[30/9/2014 12:42:39] /n lazaran
[30/9/2014 12:42:40] /r
[30/9/2014 12:42:42] /r
[30/9/2014 12:42:44] /n lazaran
[30/9/2014 12:44:56] /reload npc
[4/10/2014 15:23:58] /down
[4/10/2014 15:24:0] /down
[4/10/2014 15:24:2] /down
[4/10/2014 15:24:5] /down
[4/10/2014 15:25:58] /reload npc
[4/10/2014 15:26:39] /m zulazza the corruptor
[4/10/2014 15:27:12] /r
[4/10/2014 15:27:51] /goto chartan
[4/10/2014 15:30:24] /goto larazan
[4/10/2014 15:30:37] /goto unna
[4/10/2014 15:31:10] /up
[4/10/2014 15:31:13] /up
[4/10/2014 15:31:15] /up
[4/10/2014 15:31:18] /up
[8/10/2014 10:35:1] /goto oldrak
[8/10/2014 10:42:9] /m demon
[8/10/2014 11:7:58] /reload action
[8/10/2014 11:15:53] /reload action
[8/10/2014 11:17:36] /reload action
[8/10/2014 11:19:26] /reload action
[8/10/2014 11:21:0] /reload action
[9/10/2014 10:55:27] /reload action
[9/10/2014 10:56:1] /reload action
[9/10/2014 10:57:20] /reload action
[9/10/2014 10:58:16] /reload action
[9/10/2014 11:3:21] /reload action
[9/10/2014 11:4:17] /reload action
[9/10/2014 11:6:4] /reload action
[9/10/2014 11:6:49] /light
[9/10/2014 11:7:28] /reload action
[9/10/2014 11:11:1] /reload action
[9/10/2014 11:12:7] /reload action
[9/10/2014 11:13:26] /reload action
[10/10/2014 0:17:58] /reload action
[10/10/2014 0:21:0] /down
[10/10/2014 0:21:21] /town edron
[10/10/2014 0:21:53] /down 4
[10/10/2014 0:22:6] /up
[10/10/2014 0:23:40] /goto rashid
[10/10/2014 0:23:52] /r
[10/10/2014 0:23:53] /goto rashid
[10/10/2014 0:23:57] /r
[10/10/2014 0:23:58] /goto rashid
[10/10/2014 0:24:1] /r
[10/10/2014 0:24:3] /r
[10/10/2014 0:24:4] /goto rashid
[10/10/2014 0:24:7] /r
[10/10/2014 0:24:8] /r
[10/10/2014 0:24:9] /goto rashid
[10/10/2014 0:24:12] /r
[10/10/2014 0:24:13] /goto rashid
[10/10/2014 0:24:16] /r
[10/10/2014 0:24:17] /goto rashid
[10/10/2014 0:24:20] /r
[10/10/2014 0:24:21] /goto rashid
[10/10/2014 0:24:23] /r
[10/10/2014 0:24:24] /goto rashid
[10/10/2014 0:24:28] /r
[10/10/2014 0:24:29] /goto rashid
[10/10/2014 0:24:53] /up
[10/10/2014 0:28:35] /goto jack fate
[10/10/2014 0:29:0] /goto xodet
[10/10/2014 0:29:24] /a 2
[10/10/2014 0:29:51] /a 25
[10/10/2014 0:30:25] /down
[10/10/2014 0:30:29] /down
[10/10/2014 0:30:33] /up
[10/10/2014 0:30:47] /i helmet of the deep
[10/10/2014 0:32:44] /town 1
[10/10/2014 0:33:47] /goto oldrak
[10/10/2014 0:38:1] /up
[18/10/2014 1:35:1] /addskill level dosh hc, lvl, 72
[18/10/2014 1:35:8] /addskill level dosh hc , level 72
[18/10/2014 1:35:21] /addskill dosh hc ,lvl 72
[18/10/2014 1:35:29] /addskill dosh hc ,lvl, 71
[18/10/2014 1:35:34] /demote dosh hc
[18/10/2014 1:35:38] /demote dos hc
[18/10/2014 1:35:44] /demote dosh hc
[15/12/2014 10:1:54] /goto zalamon
[15/12/2014 10:2:30] /a 100
[15/12/2014 10:2:34] /a 50
[15/12/2014 10:2:38] /a 50
[15/12/2014 10:2:52] /goto zalamon
[15/12/2014 10:3:52] /goto zalamon
[15/12/2014 10:5:45] /goto zalamon
[15/12/2014 10:6:57] /up 2
[15/12/2014 10:7:4] /goto zalamon
[15/12/2014 10:7:53] /i 11106
[15/12/2014 10:8:10] /a 100
[15/12/2014 10:8:37] /goto zalamon
[15/12/2014 10:9:13] /a 150
[15/12/2014 10:9:45] /a 5
[15/12/2014 10:9:47] /up 2
[15/12/2014 13:58:52] /goto zalamon
[15/12/2014 13:59:12] /goto dosh'm
[15/12/2014 14:0:0] /r
[15/12/2014 14:0:14] /attr actionid 14056
[15/12/2014 14:4:11] /goto palimuth
[15/12/2014 14:4:20] /light
[24/12/2014 1:43:26] /goto oldrak
[24/12/2014 1:43:28] /r
[24/12/2014 1:43:30] /n oldrak
[24/12/2014 1:44:14] /n oldrak
[24/12/2014 1:44:51] /n oldrak
[24/12/2014 1:47:41] /n oldrka
[24/12/2014 1:47:42] /n oldrak
[24/12/2014 1:48:46] /n oldrak
[24/12/2014 1:49:21] /i axe
[24/12/2014 1:49:57] /r
[24/12/2014 8:50:23] /goto oldrak
[24/12/2014 10:53:44] /goto gonful
[24/12/2014 10:53:50] /goto ongulf
[24/12/2014 10:59:55] /r
[24/12/2014 10:59:59] /n ongulf
[24/12/2014 11:2:29] /r
[24/12/2014 11:2:32] /n ongulf
[24/12/2014 11:2:44] /n ongulf
[24/12/2014 11:8:4] /goto ongul
[24/12/2014 11:8:5] /goto ongulf
[24/12/2014 11:8:59] /r
[24/12/2014 11:9:1] /n ongulf
[24/12/2014 11:10:33] /r
[24/12/2014 11:10:35] /n ongulf
[24/12/2014 11:11:28] /r
[24/12/2014 11:11:31] /n ongulf
[24/12/2014 11:13:38] /r
[24/12/2014 11:13:41] /n ongulf
[24/12/2014 15:33:26] /goto palimtuh
[24/12/2014 15:33:29] /goto palimtuth
[24/12/2014 15:33:36] /goto palimuth
[25/12/2014 17:3:47] /goto ongulf
[26/12/2014 15:55:52] /down
[26/12/2014 15:56:4] /goto ongulf
[26/12/2014 16:1:10] /goto melfar
[26/12/2014 16:2:15] /r
[26/12/2014 16:2:20] /goto melfar
[26/12/2014 16:2:29] /goto onguff
[26/12/2014 16:2:31] /goto ongufl
[26/12/2014 16:2:35] /goto ongulf
[26/12/2014 16:2:45] /goto lazaran
[26/12/2014 16:2:57] /goto ongulf
[26/12/2014 16:3:38] /goto ongulf
[26/12/2014 16:29:54] /goto humgolf
[26/12/2014 16:31:5] /light
[26/12/2014 16:31:17] /down
[26/12/2014 16:31:20] /down
[26/12/2014 16:31:22] /up
[26/12/2014 16:31:22] /up
[26/12/2014 16:31:23] /up
[26/12/2014 16:35:3] /m humgolf
[26/12/2014 16:35:7] /m humgolf
[26/12/2014 16:35:19] /n humgolf
[26/12/2014 16:35:47] /goto wyrdin
[26/12/2014 16:35:51] /goto sandra
[27/12/2014 0:28:10] /goto wyrdin
[27/12/2014 0:28:55] /r
[27/12/2014 0:28:56] /n Wyrdin
[27/12/2014 0:30:29] /r
[27/12/2014 0:30:36] /n wyrdin
[27/12/2014 19:49:53] /goto maritima
[27/12/2014 20:32:59] /goto king tibianus
[27/12/2014 20:33:2] /n wirdyn
[27/12/2014 20:33:5] /n wyrdin
[27/12/2014 20:33:13] /c wyrdin
[28/12/2014 0:22:8] /goto ongulf
[28/12/2014 14:32:47] /goto oldrak
[29/12/2014 0:8:20] /goto miraia
[29/12/2014 0:8:23] /up
[29/12/2014 0:8:24] /up
[30/12/2014 0:52:34] /goto rashid
[31/12/2014 1:10:40] /goto miraia
[31/12/2014 1:10:42] /up
[4/1/2015 1:45:34] /goto rashid
[29/12/2014 10:42:27] /goto rashid
[29/12/2014 10:43:19] /r
[29/12/2014 10:43:22] /n rashid
[29/12/2014 13:0:9] /goto cael
[29/12/2014 13:2:55] /goto rashid
[29/12/2014 13:3:1] /n  rashid
[29/12/2014 13:29:35] /goto halvar
[29/12/2014 13:46:37] /reload action
[29/12/2014 15:57:15] /goto curos
[29/12/2014 17:48:55] /goto humholf
[29/12/2014 17:48:57] /goto humgolf
[29/12/2014 17:50:35] /goto angus
[29/12/2014 20:44:19] /goto hanna
[29/12/2014 20:44:21] /r
[29/12/2014 20:44:24] /n hanna
[29/12/2014 20:44:56] /i 5890
[29/12/2014 20:45:1] /i 2480
[29/12/2014 20:45:6] /i 5902
[29/12/2014 21:32:50] /goto lubo
[29/12/2014 21:32:54] /i 5819
[29/12/2014 21:32:56] /r
[29/12/2014 21:33:4] /i 5878
[29/12/2014 21:33:5] /i 5878
[29/12/2014 21:33:5] /i 5878
[29/12/2014 21:33:11] /c citizen addon
[29/12/2014 21:34:52] /c lubo
[29/12/2014 21:35:0] /c citizen addon female
[29/12/2014 21:36:29] /r
[29/12/2014 21:36:32] /n lubo
[29/12/2014 21:37:1] /c female
[29/12/2014 21:37:7] /i 5878
[29/12/2014 21:37:8] /i 5878
[29/12/2014 21:37:8] /i 5878
[29/12/2014 21:37:9] /i 5878
[29/12/2014 21:54:23] /goto bron
[29/12/2014 22:45:14] /r
[29/12/2014 22:45:16] /n bron
[29/12/2014 22:46:7] /newtype 147
[29/12/2014 22:46:26] /r
[29/12/2014 22:46:28] /n bron
[29/12/2014 22:46:31] /c ek blocker
[29/12/2014 22:51:1] /newtype 147
[29/12/2014 22:51:3] /newtype 143
[29/12/2014 22:52:57] /goto ajax
[29/12/2014 22:53:8] /c ek blocker
[29/12/2014 22:53:12] /r
[29/12/2014 22:53:13] /n ajax
[29/12/2014 23:57:46] /goto bron
[29/12/2014 23:57:56] /c ek blocker
[30/12/2014 0:0:18] /r
[30/12/2014 0:0:26] /n bron
[30/12/2014 0:0:35] /r
[30/12/2014 0:1:21] /r
[30/12/2014 0:1:23] /n bron
[30/12/2014 0:1:30] /r
[30/12/2014 0:2:46] /goto ajax
[30/12/2014 0:2:58] /c ek blocker
[30/12/2014 0:3:49] /goto yaman
[30/12/2014 0:3:55] /c ek blocker
[30/12/2014 0:4:19] /i royal helmet
[30/12/2014 0:4:21] /i royal helmet
[30/12/2014 0:5:18] /i Fighting Spirit
[30/12/2014 0:5:38] /i 5884
[30/12/2014 0:5:57] /goto bron
[30/12/2014 0:6:0] /c ek blocker
[30/12/2014 0:7:55] /i 50 Green Pieces of Cloth
[30/12/2014 0:8:28] /i 5910
[30/12/2014 0:8:36] /i 5911
[30/12/2014 0:8:45] /i 5886
[30/12/2014 0:9:30] /r
[30/12/2014 0:9:32] /n bron
[30/12/2014 0:10:33] /i Warrior's Sweat
[30/12/2014 0:10:47] /i 5885
[30/12/2014 0:12:26] /goto ajax
[30/12/2014 0:12:35] /c ek blocker
[30/12/2014 0:12:57] /i Iron Ore
[30/12/2014 0:13:6] /i giant sword
[30/12/2014 0:13:18] /i Behemoth Fangs
[30/12/2014 0:13:20] /i Behemoth Fang
[30/12/2014 0:13:36] /i 5893
[30/12/2014 0:13:52] /i 5876
[30/12/2014 0:17:3] /i ron ore
[30/12/2014 0:17:8] /i iron ore
[30/12/2014 0:17:29] /i 5892
[30/12/2014 2:24:46] /goto  hugo
[30/12/2014 2:24:49] /goto hugo
[30/12/2014 2:25:0] /town 2
[30/12/2014 2:25:3] /c ek blocker
[30/12/2014 2:31:59] /newtype 153
[30/12/2014 2:34:21] /n hugo
[30/12/2014 2:34:34] /r
[30/12/2014 2:34:46] /n hugo
[30/12/2014 2:34:55] /i Brown Pieces of Cloth
[30/12/2014 2:35:35] /r
[30/12/2014 2:35:36] /n hugo
[30/12/2014 2:35:52] /i 
[30/12/2014 2:35:58] /i 5913
[30/12/2014 2:36:5] /i 5878
[30/12/2014 2:36:10] /i 5894
[30/12/2014 2:36:25] /i 5921
[30/12/2014 2:36:33] /r
[30/12/2014 2:37:43] /r
[30/12/2014 2:37:45] /n hugo
[31/12/2014 11:41:44] /n dosh
[31/12/2014 11:41:49] /r
[31/12/2014 11:42:23] /r
[31/12/2014 11:43:35] /goto rashid
[31/12/2014 11:43:45] /goto yasir
[31/12/2014 11:43:48] /r
[31/12/2014 11:43:50] /r
[31/12/2014 11:43:51] /goto yasir
[31/12/2014 11:43:53] /n yasir
[31/12/2014 11:44:31] /goto ekblocker
[31/12/2014 11:44:34] /goto ek blocker
[31/12/2014 11:44:37] /n yasir
[31/12/2014 11:46:44] /n yasir
[31/12/2014 11:47:48] /r
[31/12/2014 11:47:50] /n yasir
[31/12/2014 11:50:47] /r
[31/12/2014 11:51:11] /goto Simon the Beggar
[31/12/2014 11:58:16] /newtype 153
[31/12/2014 11:58:21] /newtype 157
[31/12/2014 11:59:41] /c ek blocker
[31/12/2014 11:59:45] /storage 
[31/12/2014 11:59:48] /storage ek blocker
[31/12/2014 12:2:57] /n dosh
[31/12/2014 12:3:2] /r
[31/12/2014 12:3:26] /r
[31/12/2014 12:3:29] /n simon the beggar
[31/12/2014 12:3:50] /n Simon the Beggar.lua
[31/12/2014 12:3:53] /n Simon the Beggar
[31/12/2014 12:4:12] /n Simon the Beggar
[31/12/2014 12:4:32] /n Simon the Beggar
[31/12/2014 12:8:19] /n Simon the Beggar
[31/12/2014 12:9:42] /r
[31/12/2014 12:9:44] /n Simon the Beggar
[31/12/2014 12:10:21] /r
[31/12/2014 12:10:22] /n Simon the Beggar
[31/12/2014 12:10:42] /i Ape Fur
[31/12/2014 12:12:20] /i staff
[31/12/2014 12:13:13] /i 6107
[31/12/2014 12:43:37] /newtype 148
[31/12/2014 12:44:29] /goto uztan
[31/12/2014 12:44:55] /goto uztan
[31/12/2014 12:45:4] /goto ustan
[31/12/2014 12:45:17] /r
[31/12/2014 12:45:19] /n uztan
[31/12/2014 12:45:25] /n ustan
[31/12/2014 12:45:27] /c ek blocker
[31/12/2014 12:46:32] /n ustan
[31/12/2014 12:46:49] /n ustan
[31/12/2014 12:46:57] /n ustan
[31/12/2014 12:47:19] /n ustan
[31/12/2014 12:49:52] /i Bear Paws
[31/12/2014 12:49:55] /i Bear Paw
[31/12/2014 12:49:59] /i wolf paw
[31/12/2014 12:53:36] /goto ceiron
[31/12/2014 13:6:42] /newtype 129
[31/12/2014 13:8:28] /goto elane
[31/12/2014 13:8:36] /town thais
[31/12/2014 13:8:44] /goto elane
[31/12/2014 13:8:46] /r
[31/12/2014 13:8:48] /n elane
[31/12/2014 13:9:8] /n elane
[31/12/2014 13:9:9] /n elane
[31/12/2014 13:9:11] /r
[31/12/2014 13:9:17] /town thais
[31/12/2014 13:9:23] /r
[31/12/2014 13:9:25] /n e
[31/12/2014 13:9:28] /n elane
[31/12/2014 13:10:24] /c ek blocker
[31/12/2014 13:10:36] /i Engraved Crossbow
[31/12/2014 13:11:54] /r
[31/12/2014 13:11:56] /goto elane
[31/12/2014 13:11:58] /r
[31/12/2014 13:12:4] /goto elane
[31/12/2014 13:12:6] /r
[31/12/2014 13:12:7] /r
[31/12/2014 13:12:8] /goto elane
[31/12/2014 13:12:13] /r
[31/12/2014 13:12:15] /r
[31/12/2014 13:12:16] /goto elane
[31/12/2014 13:12:20] /r
[31/12/2014 13:12:21] /goto elane
[31/12/2014 13:12:22] /r
[31/12/2014 13:12:24] /goto dosh
[31/12/2014 13:12:28] /goto dosh'hc
[31/12/2014 13:12:35] /goto ek blocker
[31/12/2014 13:12:37] /n elane
[31/12/2014 13:12:49] /i 5947
[31/12/2014 13:12:56] /i 5876
[31/12/2014 13:13:5] /i 5948
[31/12/2014 13:13:13] /i 5891
[31/12/2014 13:13:20] /i 5887
[31/12/2014 13:13:27] /i 5888
[31/12/2014 13:13:31] /i 5889
[31/12/2014 13:16:9] /i sniper gloves
[31/12/2014 13:17:11] /newtype 137
[31/12/2014 13:17:16] /newtype 128
[31/12/2014 13:17:18] /newtype 129
[31/12/2014 13:17:37] /i 5875
[31/12/2014 13:25:0] /newtype 151
[31/12/2014 13:27:47] /goto morgan
[31/12/2014 13:30:4] /newtype 131
[31/12/2014 13:30:29] /up
[31/12/2014 13:30:33] /c ek blocker
[31/12/2014 13:30:53] /n morgan
[31/12/2014 13:31:12] /n morgan
[31/12/2014 13:32:24] /i iron ore
[31/12/2014 13:33:46] /i 5892
[31/12/2014 13:33:55] /i 5880
[31/12/2014 13:35:13] /i 5887
[31/12/2014 13:35:21] /i 
[31/12/2014 13:35:22] /i 5880
[31/12/2014 13:42:21] /newtype 131
[31/12/2014 13:42:24] /newtype 132
[31/12/2014 13:42:25] /newtype 135
[31/12/2014 13:42:28] /newtype 139
[31/12/2014 13:42:50] /r
[31/12/2014 13:42:52] /n morgan
[31/12/2014 13:43:11] /n morgan
[31/12/2014 13:47:21] /newtype 151
[31/12/2014 13:47:47] /newtype 134
[31/12/2014 13:48:44] /newtype 139
[31/12/2014 13:49:38] /n morgan
[31/12/2014 13:50:37] /r
[31/12/2014 13:50:40] /n morgan
[31/12/2014 13:52:0] /r
[31/12/2014 13:52:5] /r
[31/12/2014 13:54:10] /n morgan
[31/12/2014 13:55:16] /r 
[31/12/2014 13:55:18] /n morgan
[31/12/2014 13:56:36] /r
[31/12/2014 13:56:38] /n morgan
[31/12/2014 14:2:32] /r
[31/12/2014 14:2:34] /n morgan
[31/12/2014 14:2:56] /r
[31/12/2014 14:2:58] /n morgan
[31/12/2014 14:10:20] /goto gregor
[31/12/2014 14:10:22] /r
[31/12/2014 14:10:25] /n gregor
[31/12/2014 14:10:28] /c ek blocker
[31/12/2014 14:12:2] /i 5893
[31/12/2014 14:12:27] /i 5924
[31/12/2014 14:13:59] /r
[31/12/2014 14:14:1] /n gregor
[31/12/2014 14:14:38] /r
[31/12/2014 14:14:40] /n gregor
[31/12/2014 14:15:44] /r
[31/12/2014 14:15:46] /n gregor
[31/12/2014 14:16:13] /r
[31/12/2014 14:16:15] /r
[31/12/2014 14:16:19] /n gregor
[31/12/2014 14:16:37] /n gregor
[31/12/2014 14:17:22] /r
[31/12/2014 14:17:24] /n gregor
[31/12/2014 14:17:45] /i 5893
[31/12/2014 14:19:9] /r
[31/12/2014 14:19:10] /n gregor
[31/12/2014 14:19:41] /i 5885
[31/12/2014 14:19:48] /i 5924
[31/12/2014 14:20:15] /i royal steel
[31/12/2014 14:20:21] /i 5887
[31/12/2014 14:20:54] /r
[31/12/2014 14:20:56] /n gregor
[31/12/2014 14:25:40] /goto sam
[31/12/2014 14:25:42] /r
[31/12/2014 14:25:44] /n sam
[31/12/2014 14:25:47] /c ek blocker
[31/12/2014 14:29:17] /newtype 31
[31/12/2014 14:29:20] /newtype 131
[31/12/2014 14:30:8] /r
[31/12/2014 14:30:11] /n sam
[31/12/2014 14:30:52] /r
[31/12/2014 14:30:53] /n sam
[1/1/2015 14:34:4] /r
[1/1/2015 14:34:6] /n sam
[1/1/2015 14:37:17] /goto morgan
[1/1/2015 14:37:21] /c yunta
[1/1/2015 14:37:49] /i iron ore
[1/1/2015 14:38:1] /i crude iron
[1/1/2015 14:38:55] /i 5892
[1/1/2015 14:39:24] /goto gregor
[1/1/2015 14:39:26] /c yunta
[1/1/2015 14:40:45] /r
[1/1/2015 14:40:47] /n gregor
[1/1/2015 14:41:0] /n gregor
[1/1/2015 14:41:20] /i 5893
[1/1/2015 14:41:32] /i 5924
[1/1/2015 14:41:39] /i 5885
[1/1/2015 14:41:47] /i 5887
[1/1/2015 14:43:19] /goto sam
[1/1/2015 14:43:22] /c yunta
[1/1/2015 14:44:35] /r
[1/1/2015 14:44:37] /n sam
[1/1/2015 14:46:15] /goto gregor
[1/1/2015 14:46:16] /c yunta
[1/1/2015 14:46:57] /goto sam
[1/1/2015 14:46:58] /c yunta
[1/1/2015 14:47:20] /r
[1/1/2015 14:47:58] /n sam
[1/1/2015 14:49:17] /r
[1/1/2015 14:49:19] /n sam
[1/1/2015 14:57:19] /r
[1/1/2015 14:57:20] /n sam
[1/1/2015 15:9:32] /n trisha
[1/1/2015 15:10:53] /n trisha
[1/1/2015 15:11:54] /r
[1/1/2015 15:11:55] /r
[1/1/2015 15:11:56] /n trisha
[1/1/2015 15:16:4] /r
[1/1/2015 15:16:6] /n trisha
[1/1/2015 15:17:42] /goto The Queen Of The Banshee
[1/1/2015 15:17:46] /goto The Queen Of The Banshees
[1/1/2015 15:19:50] /goto lugri
[1/1/2015 15:28:21] /up
[1/1/2015 15:28:23] /town 10
[1/1/2015 15:28:25] /town 9
[1/1/2015 15:28:38] /down
[1/1/2015 15:28:48] /down
[1/1/2015 15:28:52] /down
[1/1/2015 15:28:54] /down
[1/1/2015 15:30:0] /down
[1/1/2015 15:30:1] /down
[1/1/2015 15:30:6] /down
[1/1/2015 15:30:14] /a 10
[1/1/2015 15:30:18] /a 10
[1/1/2015 15:30:20] /a 5
[1/1/2015 15:30:24] /a 15
[1/1/2015 15:30:24] /a 20
[1/1/2015 15:30:52] /a 25
[1/1/2015 15:31:3] /goto rahemos
[1/1/2015 15:31:11] /goto omruc
[1/1/2015 15:3:12] /goto rashid
[3/1/2015 1:4:7] /goto Diprath
[3/1/2015 1:5:58] /goto Diprath
[2/1/2015 13:26:24] /goto cael
[3/1/2015 21:21:16] /goto Dosh'hc
[4/1/2015 10:59:8] /goto dosh'hc
[4/1/2015 11:11:23] /goto dosh'hc
[4/1/2015 11:11:31] /m bazir
[4/1/2015 11:23:28] /goto dosh'hc
[4/1/2015 11:23:37] /m bazir
[4/1/2015 11:26:23] /r
[4/1/2015 11:26:24] /r
[4/1/2015 11:26:26] /r
[4/1/2015 11:34:26] /m bazir
[4/1/2015 11:40:8] /b zorra
[4/1/2015 11:41:13] /r
[4/1/2015 11:41:15] /r
[4/1/2015 11:41:18] /r
[4/1/2015 12:21:2] /clean
[4/1/2015 17:28:24] /goto ongulf
[4/1/2015 17:29:53] /r
[4/1/2015 17:29:59] /i 1945
[4/1/2015 17:30:3] /attr actionid 14063
[4/1/2015 17:30:6] /attr actionid 14062
[4/1/2015 17:30:10] /attr actionid 14063
[4/1/2015 17:34:4] /reload action
[4/1/2015 17:35:26] /reload action
[4/1/2015 17:43:20] /r
[4/1/2015 17:43:24] /i 1946
[4/1/2015 17:43:32] /attr actionid 14063
[4/1/2015 23:2:8] /town 2
[4/1/2015 23:2:11] /c doshg
[4/1/2015 23:2:12] /c dosh
[4/1/2015 23:2:14] /c dosh
[4/1/2015 23:2:19] /c esrik
[4/1/2015 23:2:21] /r
[4/1/2015 23:2:24] /r
[4/1/2015 23:2:26] /n dosh
[4/1/2015 23:3:39] /r
[4/1/2015 23:3:40] /n dosh
[4/1/2015 23:3:49] /addskill Addons , lvl, 52
[4/1/2015 23:4:56] /r
[4/1/2015 23:5:1] /n dosh
[4/1/2015 23:5:27] /r
[4/1/2015 23:5:28] /n dosh
[4/1/2015 23:6:0] /r
[4/1/2015 23:6:1] /n bless
[4/1/2015 23:6:7] /n dosh
[4/1/2015 23:6:22] /r
[4/1/2015 23:6:24] /n dosh
[4/1/2015 23:6:49] /r
[4/1/2015 23:6:50] /n bless
[4/1/2015 23:6:53] /n dosh
[4/1/2015 23:7:13] /r
[4/1/2015 23:7:14] /n dosh
[4/1/2015 23:8:5] /r
[4/1/2015 23:8:7] /n dosh
[4/1/2015 23:8:34] /r
[4/1/2015 23:8:35] /n dosh
[4/1/2015 23:8:57] /r
[4/1/2015 23:8:59] /n dosh
[4/1/2015 23:9:35] /r
[4/1/2015 23:9:38] /n doshg
[4/1/2015 23:9:40] /n dosh
[4/1/2015 23:10:22] /r
[4/1/2015 23:10:23] /n dosh
[4/1/2015 23:12:19] /r
[4/1/2015 23:12:20] /n dosh
[4/1/2015 23:13:15] /r
[4/1/2015 23:13:16] /n dosh
[4/1/2015 23:14:6] /r
[4/1/2015 23:14:7] /n dosh
[4/1/2015 23:16:20] /r
[4/1/2015 23:16:21] /n dosh
[4/1/2015 23:17:5] /r
[4/1/2015 23:17:8] /r
[4/1/2015 23:17:10] /n dosh
[4/1/2015 23:19:3] /r
[4/1/2015 23:19:5] /n dosh
[4/1/2015 23:20:7] /r
[4/1/2015 23:20:9] /n dosh
[4/1/2015 23:20:20] /n dosh
[4/1/2015 23:21:13] /r
[4/1/2015 23:21:16] /n dosh
[4/1/2015 23:22:1] /r
[4/1/2015 23:22:3] /n dosh
[4/1/2015 23:22:20] /r
[4/1/2015 23:22:21] /n dosh
[4/1/2015 23:23:0] /addskill Addons,lvl, 2
[4/1/2015 23:23:14] /r
[4/1/2015 23:23:25] /n dosh
[4/1/2015 23:24:4] /r
[4/1/2015 23:24:6] /n dosh
[4/1/2015 23:25:5] /r
[4/1/2015 23:25:6] /n dosh
[4/1/2015 23:25:39] /r
[4/1/2015 23:25:41] /n dosh
[4/1/2015 23:26:24] /r
[4/1/2015 23:26:26] /n dosh
[4/1/2015 23:27:36] /r
[4/1/2015 23:27:38] /n dosh
[4/1/2015 23:27:57] /r
[4/1/2015 23:28:0] /n dosh
[4/1/2015 23:28:18] /r
[4/1/2015 23:28:19] /n dosh
[4/1/2015 23:28:50] /r
[4/1/2015 23:28:51] /n dosh
[4/1/2015 23:29:20] /r
[4/1/2015 23:29:22] /n dosh
[4/1/2015 23:29:52] /r
[4/1/2015 23:29:54] /n dosh
[4/1/2015 23:30:35] /r
[4/1/2015 23:30:37] /n dosh
[4/1/2015 23:30:59] /addskill addons , lvl , 1
[4/1/2015 23:31:28] /r
[4/1/2015 23:31:29] /n dosh
[4/1/2015 23:32:29] /r
[4/1/2015 23:32:31] /n dosh
[4/1/2015 23:32:45] /addskill Addons , lvl ,1
[4/1/2015 23:33:25] /r
[4/1/2015 23:33:29] /n dosh
[4/1/2015 23:34:23] /addskill Addons ,lvl, 40
[4/1/2015 23:34:27] /addskill Addons ,lvl, 10
