[28/12/2014 14:40:36] /n dosh
[28/12/2014 14:40:46] /c dosh
[28/12/2014 14:40:51] /r
[28/12/2014 14:40:57] /n dosh
[28/12/2014 14:41:27] /r
[28/12/2014 14:41:29] /n dosh
[28/12/2014 14:42:1] /n dosh
[28/12/2014 14:42:3] /r
[28/12/2014 14:42:4] /r
[28/12/2014 14:42:6] /n dosh
[28/12/2014 15:34:11] /n rashid
[28/12/2014 15:34:45] /n rashid
[28/12/2014 15:35:5] /n rashid
[28/12/2014 15:36:6] /n rashid
[28/12/2014 15:36:41] /n rashid
[28/12/2014 15:39:18] /n rashid
[28/12/2014 15:39:21] /r
[28/12/2014 15:39:23] /r
[28/12/2014 15:39:45] /r
[28/12/2014 15:39:48] /n rashid
[28/12/2014 15:39:53] /i 4545
[28/12/2014 21:41:3] /n rashid
[28/12/2014 21:41:29] /n rashid
[28/12/2014 21:42:58] /n rashid
[28/12/2014 21:46:51] /n rashid
[28/12/2014 21:48:19] /r
[28/12/2014 21:48:23] /n rashid
[28/12/2014 21:50:10] /n rashid
[28/12/2014 21:50:28] /n rashid
[28/12/2014 21:50:35] /r
[28/12/2014 21:51:21] /r
[28/12/2014 21:51:22] /n rashid
[28/12/2014 21:54:15] /r
[28/12/2014 21:54:18] /n rashid
[28/12/2014 21:55:24] /r
[28/12/2014 21:55:26] /n rashud
[28/12/2014 21:55:28] /n rashid
[28/12/2014 21:55:58] /n rashid
[28/12/2014 21:56:38] /n rashid
[28/12/2014 21:56:52] /n rashid
[28/12/2014 21:57:4] /n rashid
[28/12/2014 21:57:40] /n rashid
[28/12/2014 21:58:11] /n rashid
[28/12/2014 21:58:25] /n rashid
[28/12/2014 21:58:37] /n rashid
[28/12/2014 21:59:13] /n rashid
[28/12/2014 22:0:31] /n rashid
[28/12/2014 22:0:47] /n rashid
[28/12/2014 22:0:57] /n rashid
[28/12/2014 22:1:31] /r
[28/12/2014 22:1:34] /n rashid
[28/12/2014 22:2:12] /r
[28/12/2014 22:2:15] /n rashid
[28/12/2014 22:3:35] /r
[28/12/2014 22:3:38] /n rashid
[28/12/2014 22:5:8] /goto cael
[28/12/2014 22:6:37] /goto ongulf
[28/12/2014 22:7:20] /goto cael
[28/12/2014 22:8:32] /goto rashid
[28/12/2014 22:8:34] /r
[28/12/2014 22:8:42] /n rashid
[28/12/2014 22:9:0] /n rashid
[28/12/2014 22:9:19] /n rashid
[28/12/2014 22:10:9] /r
[28/12/2014 22:10:11] /n rashid
[28/12/2014 22:10:54] /r
[28/12/2014 22:10:56] /n rashid
[28/12/2014 22:11:54] /r
[28/12/2014 22:11:57] /n rashid
[28/12/2014 22:12:57] /r
[28/12/2014 22:12:58] /n rashid
[28/12/2014 22:28:6] /r
[28/12/2014 22:28:58] /n rashid
[28/12/2014 22:29:16] /r
[28/12/2014 22:29:17] /n rashid
[28/12/2014 22:31:30] /r
[28/12/2014 22:31:33] /n rashid
[29/12/2014 0:12:37] /goto maria
[29/12/2014 0:12:42] /goto maraia
[29/12/2014 0:12:48] /goto miraia
[29/12/2014 0:12:50] /r
[29/12/2014 0:12:53] /n miraia
[29/12/2014 0:14:15] /r
[29/12/2014 0:14:17] /n miraia
[29/12/2014 0:14:22] /r
[29/12/2014 0:14:46] /n miraia
[29/12/2014 0:15:44] /r
[29/12/2014 0:15:46] /n miraia
[29/12/2014 0:16:16] /r
[29/12/2014 0:16:18] /n miraia
[29/12/2014 0:16:47] /n miraia
[29/12/2014 0:18:32] /n miraia
[29/12/2014 0:18:46] /n miraia
[29/12/2014 0:18:49] /r
[29/12/2014 0:19:1] /r
[29/12/2014 0:19:2] /n miraia
[29/12/2014 0:19:20] /n miraia
[29/12/2014 0:27:56] /goto briasol
[29/12/2014 0:28:34] /r
[29/12/2014 0:28:36] /n briasol
[29/12/2014 0:40:7] /goto uzgod
[29/12/2014 0:40:33] /r
[29/12/2014 0:40:36] /n uzgod
[29/12/2014 0:50:4] /goto miraia
[29/12/2014 0:50:6] /r
[29/12/2014 0:50:8] /n miaria
[29/12/2014 0:50:17] /n miraia
[30/12/2014 0:51:13] /goto rashid
[31/12/2014 1:10:53] /goto miaria
[31/12/2014 1:10:56] /goto miaria
[31/12/2014 1:11:5] /goto miraia
[4/1/2015 1:51:8] /goto cael
[29/12/2014 9:16:54] /i 2160
[29/12/2014 9:21:23] /n yasir
[29/12/2014 9:21:31] /c yasir
[29/12/2014 9:21:36] /r
[29/12/2014 9:21:39] /r
[29/12/2014 9:21:41] /n yasir
[29/12/2014 9:21:51] /r
[29/12/2014 9:24:45] /r
[29/12/2014 9:24:47] /n cael
[29/12/2014 9:25:14] /n cael
[29/12/2014 9:25:57] /r
[29/12/2014 9:25:58] /n cael
[29/12/2014 9:26:18] /n cael
[29/12/2014 9:27:2] /r
[29/12/2014 9:27:3] /n cael
[29/12/2014 9:29:45] /r
[29/12/2014 9:29:46] /n  cael
[29/12/2014 9:33:0] /goto rashid
[29/12/2014 9:46:39] /goto cael
[29/12/2014 9:47:6] /goto rashid
[29/12/2014 9:47:15] /r 
[29/12/2014 9:47:19] /n rashid
[29/12/2014 9:47:47] /r
[29/12/2014 9:47:49] /n rashid
[29/12/2014 9:48:24] /r
[29/12/2014 9:48:25] /n rashid
[29/12/2014 9:56:50] /goto cael
[29/12/2014 9:56:52] /r
[29/12/2014 9:56:53] /n cael
[29/12/2014 10:7:37] /r
[29/12/2014 10:7:39] /n cael
[29/12/2014 10:7:57] /r
[29/12/2014 10:7:59] /n cael
[29/12/2014 10:8:10] /reload creaturescripts
[29/12/2014 10:8:40] /goto rashid
[29/12/2014 10:9:32] /r
[29/12/2014 10:9:33] /n rashid
[29/12/2014 10:10:0] /reload lib
[29/12/2014 10:10:1] /reload libs
[29/12/2014 10:10:4] /reload xml
[29/12/2014 10:10:12] /goto cael
[29/12/2014 10:10:18] /goto rashid
[29/12/2014 10:10:20] /r
[29/12/2014 10:10:23] /goto cael
[29/12/2014 10:11:12] /r
[29/12/2014 10:11:14] /n cael
[29/12/2014 10:11:27] /reload npoc
[29/12/2014 10:11:28] /reload npc
[29/12/2014 10:11:54] /r
[29/12/2014 10:11:57] /n cael
[29/12/2014 10:15:42] /goto rashid
[29/12/2014 10:15:43] /r
[29/12/2014 10:15:44] /n rashid
[29/12/2014 10:16:31] /r
[29/12/2014 10:16:32] /n rashid
[29/12/2014 10:58:2] /goto cael
[29/12/2014 10:59:5] /r
[29/12/2014 10:59:7] /n cael
[29/12/2014 11:34:42] /r
[29/12/2014 11:34:44] /n dosh
[29/12/2014 11:37:22] /r
[29/12/2014 11:37:23] /n dosh
[29/12/2014 11:37:43] /n dosh
[29/12/2014 11:37:56] /n dosh
[29/12/2014 11:38:42] /n dosh
[29/12/2014 11:39:13] /n dosh
[29/12/2014 11:39:17] /r
[29/12/2014 11:39:19] /r
[29/12/2014 11:39:19] /r
[29/12/2014 11:39:20] /r
[29/12/2014 11:39:27] /i 7064
[29/12/2014 11:39:30] /i 7064
[29/12/2014 11:40:16] /n dosh
[29/12/2014 11:40:38] /r
[29/12/2014 11:40:40] /n dosh
[29/12/2014 11:56:5] /n yasir
[29/12/2014 11:56:8] /r
[29/12/2014 11:56:12] /goto yasir
[29/12/2014 11:56:14] /n yasir
[29/12/2014 11:57:11] /r
[29/12/2014 11:57:12] /n yasir
[29/12/2014 11:57:24] /r
[29/12/2014 11:57:25] /n dosh
[29/12/2014 11:57:44] /n dosh
[29/12/2014 11:58:40] /n dosh
[29/12/2014 11:59:50] /n yasir
[29/12/2014 12:10:12] /i Tempest Shield
[29/12/2014 12:23:21] /goto rashid
[29/12/2014 12:23:22] /r
[29/12/2014 12:23:24] /n rashid
[29/12/2014 12:23:43] /n rashid
[29/12/2014 12:24:2] /n rashid
[29/12/2014 12:24:20] /n rashid
[29/12/2014 12:24:34] /n rashid
[29/12/2014 12:24:44] /n rashid
[29/12/2014 12:26:8] /n rashid
[29/12/2014 12:26:25] /n rashid
[29/12/2014 12:26:29] /r
[29/12/2014 12:27:27] /r
[29/12/2014 12:27:29] /n rashid
[29/12/2014 12:27:48] /n rashid
[29/12/2014 12:28:20] /n rashid
[29/12/2014 12:29:34] /n rashid
[29/12/2014 12:29:52] /n rashid
[29/12/2014 12:30:1] /n rashid
[29/12/2014 12:31:15] /n rashid
[29/12/2014 12:31:25] /goto rashid
[29/12/2014 12:32:59] /reload npc
[29/12/2014 12:33:9] /n rashid
[29/12/2014 12:34:4] /n rashid
[29/12/2014 12:34:18] /n rashid
[29/12/2014 12:34:25] /n rashid
[29/12/2014 12:34:55] /n rashid
[29/12/2014 12:35:55] /n dosh
[29/12/2014 12:36:2] /n yasir
[29/12/2014 12:36:43] /n rashid
[29/12/2014 12:36:47] /r
[29/12/2014 12:48:26] /goto cael
[29/12/2014 12:49:32] /r
[29/12/2014 12:49:34] /n cael
[29/12/2014 12:51:5] /r
[29/12/2014 12:51:6] /n cael
[29/12/2014 12:57:54] /r
[29/12/2014 12:57:56] /n cael
[29/12/2014 13:44:14] /r
[29/12/2014 13:44:16] /n cael
[29/12/2014 13:44:25] /goto rashid
[29/12/2014 13:44:38] /goto halvar
[29/12/2014 14:2:35] /goto pompan
[29/12/2014 14:3:0] /r
[29/12/2014 14:3:2] /n pompan
[29/12/2014 14:3:51] /r
[29/12/2014 14:3:54] /n pompan
[29/12/2014 14:17:38] /r
[29/12/2014 14:17:39] /r
[29/12/2014 14:17:41] /n pompan
[29/12/2014 14:17:52] /n pompan
[29/12/2014 14:18:0] /n pompan
[29/12/2014 14:19:21] /n pompan
[29/12/2014 14:19:36] /n pompan
[29/12/2014 14:19:53] /n pompan
[29/12/2014 14:20:4] /n pompan
[29/12/2014 14:20:32] /n pompan
[29/12/2014 14:20:36] /r
[29/12/2014 14:21:16] /n pompan
[29/12/2014 14:21:26] /n pompan
[29/12/2014 14:21:34] /n pompan
[29/12/2014 14:21:42] /n pompan
[29/12/2014 14:22:28] /n pompan
[29/12/2014 14:22:53] /n pompan
[29/12/2014 14:23:32] /n pompan
[29/12/2014 14:23:42] /r
[29/12/2014 14:23:43] /r
[29/12/2014 14:23:46] /n pompan
[29/12/2014 14:23:49] /i 1618
[29/12/2014 14:24:17] /i 1618
[29/12/2014 14:24:21] /r
[29/12/2014 14:24:24] /n pompan
[29/12/2014 14:26:0] /n pompan
[29/12/2014 14:26:30] /r
[29/12/2014 14:26:32] /n pompan
[29/12/2014 14:27:20] /r
[29/12/2014 14:27:22] /n pompan
[29/12/2014 14:28:51] /r
[29/12/2014 14:28:51] /n pompan
[29/12/2014 14:30:33] /r
[29/12/2014 14:30:35] /n pompan
[29/12/2014 14:31:7] /n pompan
[29/12/2014 14:32:5] /n pompan
[29/12/2014 14:36:29] /r
[29/12/2014 14:36:31] /n pompan
[29/12/2014 14:37:15] /n pompan
[29/12/2014 14:37:22] /n pompan
[29/12/2014 14:37:30] /n pompan
[29/12/2014 14:37:51] /n pompan
[29/12/2014 14:38:58] /n pompan
[29/12/2014 14:39:8] /n pompan
[29/12/2014 14:39:22] /n pompan
[29/12/2014 14:39:38] /n pompan
[29/12/2014 14:40:7] /n pompan
[29/12/2014 14:40:23] /r
[29/12/2014 14:40:25] /n pompan
[29/12/2014 14:40:39] /n pompan
[29/12/2014 14:41:19] /n pompan
[29/12/2014 14:41:44] /r
[29/12/2014 14:41:47] /n pompan
[29/12/2014 14:42:36] /r
[29/12/2014 14:42:40] /n pompan
[29/12/2014 14:43:28] /r
[29/12/2014 14:43:31] /n pompan
[29/12/2014 14:44:47] /r
[29/12/2014 14:44:49] /n pompan
[29/12/2014 14:45:23] /r
[29/12/2014 14:45:26] /n pompan
[29/12/2014 14:45:59] /r
[29/12/2014 14:46:1] /n pompan
[29/12/2014 14:47:5] /r
[29/12/2014 14:47:8] /n pompan
[29/12/2014 14:47:30] /r
[29/12/2014 14:47:32] /n pompan
[29/12/2014 14:49:36] /r
[29/12/2014 14:49:39] /n ponpam
[29/12/2014 14:49:43] /n pompan
[29/12/2014 14:50:7] /r
[29/12/2014 14:50:9] /n pompan
[29/12/2014 14:50:45] /r
[29/12/2014 14:50:47] /n pompan
[29/12/2014 14:51:14] /i 11244
[29/12/2014 14:52:22] /r
[29/12/2014 14:52:23] /n pompan
[29/12/2014 14:53:0] /r
[29/12/2014 14:53:4] /n pompan
[29/12/2014 14:53:52] /r
[29/12/2014 14:53:54] /n pompan
[29/12/2014 14:54:27] /r
[29/12/2014 14:54:29] /n  trade
[29/12/2014 14:54:32] /n pompan
[29/12/2014 14:58:47] /n pompan
[29/12/2014 14:59:48] /r
[29/12/2014 14:59:49] /n pompan
[29/12/2014 15:0:15] /r
[29/12/2014 15:0:17] /n pompan
[29/12/2014 15:0:50] /r
[29/12/2014 15:0:52] /n pompan
[29/12/2014 15:2:5] /r
[29/12/2014 15:2:6] /n pompan
[29/12/2014 15:2:22] /n pompan
[29/12/2014 15:2:35] /n pompan
[29/12/2014 15:3:17] /i zaogun flag
[29/12/2014 15:3:30] /i corrupte flag
[29/12/2014 15:3:38] /i 11326
[29/12/2014 15:4:14] /r
[29/12/2014 15:4:17] /n pompan
[29/12/2014 15:6:33] /goto rashid
[29/12/2014 15:10:50] /goto snake eye
[29/12/2014 15:11:12] /goto chrak
[29/12/2014 15:11:37] /light
[29/12/2014 15:11:42] /down
[29/12/2014 15:14:34] /goto snake eye
[29/12/2014 15:14:59] /attr uniqueid 14072
[29/12/2014 15:15:2] /attr uniqueid 14072
[29/12/2014 15:15:3] /attr uniqueid 14073
[29/12/2014 15:15:6] /r
[29/12/2014 15:15:9] /i 1223
[29/12/2014 15:15:11] /attr uniqueid 14073
[29/12/2014 15:24:17] /town carlim
[29/12/2014 15:24:22] /town carlin
[29/12/2014 15:28:7] /up
[29/12/2014 15:28:8] /up
[29/12/2014 15:28:16] /up
[29/12/2014 15:31:10] /reload action
[29/12/2014 15:31:55] /r 1946
[29/12/2014 15:32:1] /i 1945
[29/12/2014 15:32:6] /attr uniqueid 50000
[29/12/2014 15:32:17] /up
[29/12/2014 15:34:14] /reload action
[29/12/2014 15:35:8] /r
[29/12/2014 15:35:10] /i 1945
[29/12/2014 15:35:16] /attr uniqueid 50001
[29/12/2014 18:47:32] /goto gregor
[29/12/2014 19:7:19] /goto hanna
[29/12/2014 19:7:24] /goto hanna
[29/12/2014 19:7:30] /goto king tibianus
[29/12/2014 19:16:17] /r
[29/12/2014 19:16:18] /n lubo
[29/12/2014 19:17:13] /c Dos'h
[29/12/2014 19:17:56] /r
[29/12/2014 19:17:58] /n lub
[29/12/2014 19:18:0] /n lubo
[29/12/2014 19:18:16] /i 5878
[29/12/2014 19:18:21] /i 5878
[29/12/2014 19:31:42] /goto hanna
[29/12/2014 19:31:46] /c do'sh
[29/12/2014 19:31:48] /c dos'h
[29/12/2014 19:32:1] /i 
[29/12/2014 19:32:4] /i 2480
[29/12/2014 19:32:11] /i 5902
[29/12/2014 19:32:18] /i 5890
[29/12/2014 19:36:9] /r
[29/12/2014 19:36:10] /n hanna
[29/12/2014 19:36:42] /n hanna
[29/12/2014 19:36:56] /c care muerto
[29/12/2014 19:37:10] /i 2480
[29/12/2014 19:37:18] /i 5902
[29/12/2014 19:37:27] /i 5890
[29/12/2014 19:40:52] /goto lubo
[29/12/2014 19:40:54] /c dosh
[29/12/2014 19:40:58] /c dos'h
[29/12/2014 19:41:1] /c care muerto
[29/12/2014 19:41:20] /i 5878
[29/12/2014 19:41:46] /i 5878
[29/12/2014 19:43:10] /r
[29/12/2014 19:43:11] /n lubo
[29/12/2014 19:43:23] /n lubo
[29/12/2014 19:46:41] /c palimuth
[29/12/2014 19:46:45] /i 5878
[29/12/2014 19:49:29] /newtype 128
[29/12/2014 19:49:35] /newtype 136
[29/12/2014 19:50:12] /r
[29/12/2014 19:50:15] /n lubo
[29/12/2014 19:51:44] /c ek blocker
[29/12/2014 19:51:53] /i 5878
[29/12/2014 19:53:45] /i 5878
[29/12/2014 19:53:51] /c Knighxitos
[29/12/2014 19:56:29] /goto hanna
[29/12/2014 19:56:30] /r
[29/12/2014 19:56:31] /goto hanna
[29/12/2014 19:56:33] /r
[29/12/2014 19:56:37] /goto dosh
[29/12/2014 19:56:39] /goto lubo
[29/12/2014 19:56:46] /r
[29/12/2014 19:56:48] /i 1211
[29/12/2014 19:56:50] /r
[29/12/2014 19:56:53] /i 1210
[29/12/2014 19:56:56] /i 1209
[29/12/2014 19:56:57] /r
[29/12/2014 19:56:59] /r
[29/12/2014 19:57:2] /i 1208
[29/12/2014 19:57:3] /r
[29/12/2014 19:57:7] /i 1206
[29/12/2014 19:57:10] /r
[29/12/2014 19:57:43] /i 1213
[29/12/2014 19:57:56] /town 2
[29/12/2014 19:58:21] /n hanna
[29/12/2014 19:58:47] /goto lubo
[29/12/2014 19:59:2] /c bank
[29/12/2014 19:59:10] /i 5878
[29/12/2014 20:1:20] /r
[29/12/2014 20:1:21] /n lubi
[29/12/2014 20:1:23] /n lubo
[29/12/2014 20:1:27] /c care muerta
[29/12/2014 20:1:31] /i 5878
[29/12/2014 20:1:53] /i 2160
[29/12/2014 20:2:19] /goto hanna
[29/12/2014 20:2:23] /c bank
[29/12/2014 20:2:31] /i 2480
[29/12/2014 20:2:38] /i 5902
[29/12/2014 20:2:44] /i 5890
[29/12/2014 20:3:43] /goto lubo
[29/12/2014 20:4:20] /r
[29/12/2014 20:4:23] /n lubo
[29/12/2014 20:4:27] /i 2160
[29/12/2014 20:4:30] /i 2160
[29/12/2014 20:4:35] /c yunta
[29/12/2014 20:5:17] /i 5878
[29/12/2014 20:7:4] /r
[29/12/2014 20:7:6] /n lubo
[29/12/2014 20:7:23] /n lubo
[29/12/2014 20:8:22] /n lubo
[29/12/2014 20:8:24] /i 5878
[29/12/2014 20:11:3] /r
[29/12/2014 20:11:4] /n lubo
[29/12/2014 20:11:7] /c stest
[29/12/2014 20:14:32] /r
[29/12/2014 20:14:34] /n lubo
[29/12/2014 20:14:45] /c test quest
[29/12/2014 20:14:50] /i 5878
[29/12/2014 20:15:54] /r
[29/12/2014 20:15:56] /n lubo
[29/12/2014 20:17:5] /r
[29/12/2014 20:17:7] /n lubo
[29/12/2014 20:18:38] /r
[29/12/2014 20:19:55] /c addons
[29/12/2014 20:20:17] /i 5878
[29/12/2014 20:22:7] /r
[29/12/2014 20:22:9] /n lubo
[29/12/2014 20:22:42] /c lubo
[29/12/2014 20:22:46] /c storages
[29/12/2014 20:23:2] /i 5878
[29/12/2014 20:23:45] /goto hanna
[29/12/2014 20:23:48] /c storages
[29/12/2014 20:23:57] /i 2480
[29/12/2014 20:24:5] /i 5902
[29/12/2014 20:24:9] /i 5890
[29/12/2014 20:24:12] /i 5890
[29/12/2014 20:26:34] /c test quest
[29/12/2014 20:26:43] /i 2480
[29/12/2014 20:26:49] /i 5902
[29/12/2014 20:26:58] /i 5890
[29/12/2014 20:31:44] /c Stest
[29/12/2014 20:31:47] /i 5890
[29/12/2014 20:31:49] /i 5902
[29/12/2014 20:31:52] /i 2480
[29/12/2014 20:31:55] /i 2480
[29/12/2014 20:31:56] /i 5902
[29/12/2014 20:32:0] /i 5890
[29/12/2014 20:32:1] /i 5890
[29/12/2014 20:32:3] /i 5890
[29/12/2014 20:32:16] /i 2480
[29/12/2014 20:41:38] /r
[29/12/2014 20:41:40] /n hanna
[2/1/2015 1:9:48] /goto miraia
[2/1/2015 1:10:37] /r
[2/1/2015 1:10:40] /n  miraia
[2/1/2015 1:11:53] /goto razan
[30/12/2014 1:16:51] /goto marina
[30/12/2014 1:24:39] /town 7
[30/12/2014 1:24:43] /town 5
[30/12/2014 1:26:11] /i 2160
[30/12/2014 1:26:55] /i
[30/12/2014 1:26:56] /i 9971
[30/12/2014 1:27:22] /i 1988
[30/12/2014 1:27:34] /i 8262
[30/12/2014 1:27:35] /i 8263
[30/12/2014 1:27:36] /i 8264
[30/12/2014 1:27:37] /i 8265
[30/12/2014 1:29:35] /r
[30/12/2014 1:29:46] /n a sweaty cyclops
[30/12/2014 1:30:56] /i crown armor
[30/12/2014 1:43:38] /goto habdel
[30/12/2014 1:48:55] /newtype 146
[30/12/2014 1:53:49] /goto sebastian
[30/12/2014 1:57:53] /goto sebastian
[30/12/2014 2:4:59] /goto hubo
[30/12/2014 2:5:1] /goto hugo
[30/12/2014 2:5:16] /goto hugo
[30/12/2014 2:6:52] /goto irmana
[30/12/2014 2:15:34] /goto myra
[30/12/2014 2:15:49] /goto zoltan
[30/12/2014 2:17:46] /goto palomino
[30/12/2014 2:44:48] /newtype 133
[30/12/2014 2:45:53] /goto sandra
[30/12/2014 2:45:56] /r
[30/12/2014 2:45:59] /n sandra
[30/12/2014 2:46:13] /n sandra
[30/12/2014 2:47:2] /c ek blocker
[30/12/2014 2:47:14] /i 7634
[30/12/2014 2:47:19] /i 7635
[30/12/2014 2:47:20] /i 7636
[30/12/2014 2:50:44] /i 5958
[30/12/2014 2:50:54] /i vial
[30/12/2014 2:51:13] /i 7634
[30/12/2014 2:51:14] /i 7635
[30/12/2014 2:51:16] /i 7636
[30/12/2014 2:53:5] /newtype 133
[30/12/2014 2:53:15] /newtype 138
[30/12/2014 2:53:39] /i 7634
[30/12/2014 2:53:40] /i 7635
[30/12/2014 2:53:40] /i 7636
[30/12/2014 2:54:17] /c yunta
[30/12/2014 2:54:24] /i 7634
[30/12/2014 2:54:24] /i 7634
[30/12/2014 2:54:25] /c yunta
[30/12/2014 2:54:30] /i 7635
[30/12/2014 2:54:36] /i 7633
[30/12/2014 2:54:38] /i 7635
[30/12/2014 2:54:39] /i 7636
[30/12/2014 2:55:22] /r
[30/12/2014 2:55:25] /n sandra
[30/12/2014 2:57:53] /newtype 133
[30/12/2014 2:58:22] /c care muerta
[30/12/2014 2:58:41] /i 7634
[30/12/2014 2:58:41] /i 7634
[30/12/2014 2:58:44] /i 7634
[30/12/2014 2:58:46] /i 7634
[30/12/2014 3:1:32] /i 
[30/12/2014 3:1:34] /i 5958
[30/12/2014 3:3:17] /c bank
[30/12/2014 3:3:29] /i 7634
[30/12/2014 3:3:29] /i 7634
[30/12/2014 3:3:31] /i 7634
[30/12/2014 3:3:33] /i 5958
[30/12/2014 3:5:24] /newtype 133
[30/12/2014 3:5:29] /newtype 138
[30/12/2014 3:5:31] /newtype 133
[30/12/2014 3:6:13] /newtype 135
[30/12/2014 3:6:14] /newtype 134
[30/12/2014 3:6:15] /newtype 133
[30/12/2014 3:6:16] /newtype 132
[30/12/2014 3:6:17] /newtype 131
[30/12/2014 3:6:19] /newtype 133
[30/12/2014 3:6:20] /newtype 139
[30/12/2014 3:6:23] /newtype 135
[30/12/2014 3:7:39] /newtype 141
[30/12/2014 3:7:50] /newtype 138
[30/12/2014 3:8:4] /newtype 141
[30/12/2014 3:9:12] /newtype 138
[30/12/2014 3:9:13] /newtype 133
[30/12/2014 3:9:15] /newtype 138
[30/12/2014 3:9:20] /newtype 141
[30/12/2014 3:9:21] /newtype 142
[30/12/2014 3:9:22] /newtype 143
[30/12/2014 3:9:23] /newtype 145
[30/12/2014 3:9:24] /newtype 146
[30/12/2014 3:9:26] /newtype 147
[30/12/2014 3:9:28] /newtype 140
[30/12/2014 3:9:29] /newtype 150
[30/12/2014 3:9:34] /newtype 151
[30/12/2014 3:9:37] /newtype 153
[30/12/2014 3:9:39] /newtype 154
[30/12/2014 3:9:40] /newtype 155
[30/12/2014 3:9:41] /newtype 156
[30/12/2014 3:9:42] /newtype 157
[30/12/2014 3:9:43] /newtype 158
[30/12/2014 3:9:45] /newtype 159
[30/12/2014 3:9:48] /newtype 160
[30/12/2014 3:12:43] /c Knighxitos
[30/12/2014 3:13:28] /i 7634
[30/12/2014 3:13:33] /i 7634
[30/12/2014 3:13:59] /i 5958
[30/12/2014 3:15:58] /i 5958
[30/12/2014 3:16:18] /newtype 138
[30/12/2014 3:16:19] /newtype 131
[30/12/2014 3:16:20] /newtype 132
[30/12/2014 3:16:21] /newtype 133
[30/12/2014 3:16:31] /newtype 134
[30/12/2014 3:16:31] /newtype 135
[30/12/2014 3:16:32] /newtype 136
[30/12/2014 3:16:33] /newtype 137
[30/12/2014 3:16:34] /newtype 138
[30/12/2014 3:16:39] /newtype 130
[30/12/2014 3:16:39] /newtype 141
[30/12/2014 3:16:40] /newtype 142
[30/12/2014 3:16:41] /newtype 143
[30/12/2014 3:16:42] /newtype 144
[30/12/2014 3:16:42] /newtype 145
[30/12/2014 3:16:43] /newtype 146
[30/12/2014 3:16:44] /newtype 147
[30/12/2014 3:16:46] /newtype 148
[30/12/2014 3:16:50] /newtype 149
[30/12/2014 3:16:51] /newtype 150
[30/12/2014 3:16:52] /newtype 151
[30/12/2014 3:16:53] /newtype 152
[30/12/2014 3:16:54] /newtype 153
[30/12/2014 3:16:55] /newtype 154
[30/12/2014 3:16:55] /newtype 155
[30/12/2014 3:16:57] /newtype 156
[30/12/2014 3:17:5] /i 133
[30/12/2014 3:17:8] /newtype 133
[30/12/2014 3:17:16] /newtype 141
[30/12/2014 3:18:7] /c test quest
[30/12/2014 3:18:31] /i 7634
[30/12/2014 3:18:35] /c test quest
[30/12/2014 3:18:49] /i 5958
[30/12/2014 3:19:44] /c storages
[30/12/2014 3:20:1] /i 2160
[30/12/2014 3:20:7] /i 2160
[30/12/2014 3:20:53] /newtype 133
[30/12/2014 3:21:49] /newtype 155
[30/12/2014 3:21:52] /newtype 151
[30/12/2014 3:22:38] /r
[30/12/2014 3:22:40] /n sandra
[30/12/2014 3:22:57] /i 5958
[30/12/2014 3:23:13] /i 7634
[30/12/2014 3:25:1] /r
[30/12/2014 3:25:3] /n  sandra
[30/12/2014 3:25:11] /c street
[30/12/2014 3:25:22] /i 7634
[30/12/2014 3:25:26] /i 5958
[30/12/2014 4:12:41] /a 5
[30/12/2014 4:12:44] /a 5
[30/12/2014 4:12:46] /a 5
[30/12/2014 4:13:1] /n wyra
[30/12/2014 4:13:8] /m myra
[30/12/2014 4:13:24] /n myra
[30/12/2014 4:14:6] /c street
[30/12/2014 4:16:47] /i 5894
[30/12/2014 4:16:53] /i 5911
[30/12/2014 4:17:0] /i 5883
[30/12/2014 4:17:6] /i 5822
[30/12/2014 4:17:13] /i 5922
[30/12/2014 4:17:23] /i 5881
[30/12/2014 4:17:28] /i 5882
[30/12/2014 4:18:0] /i 5904
[30/12/2014 4:18:11] /i 5905
[30/12/2014 4:19:36] /i 5886
[30/12/2014 4:22:21] /goto zoltan
[30/12/2014 4:26:54] /newtype 141
[30/12/2014 4:26:58] /newtype 130
[30/12/2014 4:27:11] /newtype 138
[30/12/2014 4:27:25] /newtype 141
[30/12/2014 4:27:29] /newtype 133
[30/12/2014 4:27:33] /newtype 141
[30/12/2014 4:27:35] /newtype 130
[30/12/2014 4:29:40] /newtype 147
[30/12/2014 4:29:41] /newtype 146
[30/12/2014 4:36:7] /goto myra
[30/12/2014 4:36:12] /r
[30/12/2014 4:36:22] /up
[30/12/2014 4:36:27] /up
[30/12/2014 4:40:4] /n zoltan
[30/12/2014 4:40:51] /n zoltan
[30/12/2014 4:42:6] /c street
[30/12/2014 4:42:11] /goto lynda
[30/12/2014 4:42:30] /goto street
[30/12/2014 4:47:35] /goto street
[30/12/2014 4:47:37] /n zoltan
[30/12/2014 4:48:51] /n zoltan
[30/12/2014 4:50:40] /n zoltan
[30/12/2014 4:51:52] /n zoltan
[30/12/2014 4:52:1] /n zoltan
[30/12/2014 4:52:35] /reload npc
[30/12/2014 4:53:32] /reload npc
[30/12/2014 4:53:50] /reload npc
[30/12/2014 4:53:59] /n zoltan
[30/12/2014 4:54:5] /reload npc
[30/12/2014 4:54:16] /n zoltan
[30/12/2014 4:54:54] /n zoltan
[30/12/2014 4:55:2] /n zoltan
[30/12/2014 4:55:15] /n zoltan
[30/12/2014 4:55:23] /n zoltan
[30/12/2014 5:3:5] /n angelina
[30/12/2014 5:3:28] /n angelina
[30/12/2014 5:3:36] /n angelina
[30/12/2014 5:4:13] /c care muerta
[30/12/2014 5:6:22] /r
[30/12/2014 5:6:26] /n angelina
[30/12/2014 5:6:46] /c care muerta
[30/12/2014 5:7:43] /goto sam
[30/12/2014 5:58:13] /r
[30/12/2014 5:58:15] /n sam
[30/12/2014 5:58:42] /goto gregor
[30/12/2014 5:58:45] /c ek blocker
[30/12/2014 5:59:17] /goto sam
[30/12/2014 5:59:21] /c ek blocker
[30/12/2014 6:0:14] /n zoltan
[30/12/2014 6:5:31] /r
[30/12/2014 6:5:32] /n sam
[30/12/2014 6:8:27] /r
[30/12/2014 6:8:28] /n sam
[30/12/2014 6:8:51] /r
[30/12/2014 6:8:52] /n sam
[31/12/2014 6:10:19] /newtype 131
[31/12/2014 6:10:43] /r
[31/12/2014 6:10:46] /n sam
[31/12/2014 6:12:16] /newtype 31
[31/12/2014 6:12:18] /newtype 131
[31/12/2014 6:12:32] /r
[31/12/2014 6:12:33] /n sam
[31/12/2014 6:12:42] /c yunta
[1/1/2015 7:30:33] /n trisha
[1/1/2015 7:35:40] /n trisha
[1/1/2015 7:35:44] /c ek blocker
[1/1/2015 7:36:22] /r
[1/1/2015 7:36:24] /n trisha
[1/1/2015 7:39:7] /r
[1/1/2015 7:39:9] /n trishga
[1/1/2015 7:39:10] /n trisha
[1/1/2015 7:39:45] /goto morgan
[1/1/2015 7:39:46] /r
[1/1/2015 7:39:49] /n morgan
[1/1/2015 7:43:24] /c yunta
[1/1/2015 7:44:28] /r 
[1/1/2015 7:44:33] /r 
[1/1/2015 7:44:35] /r 
[1/1/2015 7:44:37] /goto sam
[1/1/2015 7:53:6] /town 7
[1/1/2015 7:54:36] /goto nargor
[1/1/2015 7:54:55] /goto ceiron
[1/1/2015 7:59:32] /up
[1/1/2015 7:59:35] /n ceiron
[1/1/2015 8:0:6] /n Ceiron
[1/1/2015 8:0:38] /n Ceiron
[1/1/2015 8:0:51] /c ek blocker
[1/1/2015 8:3:2] /i 4869
[1/1/2015 8:12:26] /i water
[1/1/2015 8:12:34] /i 3348
[1/1/2015 8:20:22] /goto pirate buccaner
[1/1/2015 8:20:25] /goto pirate buccaneer
[1/1/2015 8:21:2] /a 20
[1/1/2015 8:21:6] /down
[1/1/2015 8:21:8] /down
[1/1/2015 8:21:11] /down
[1/1/2015 8:21:15] /down
[1/1/2015 8:21:17] /down
[1/1/2015 8:21:21] /down
[1/1/2015 8:21:32] /up
[1/1/2015 8:21:33] /up
[1/1/2015 8:22:13] /up
[1/1/2015 8:50:1] /i 5663
[1/1/2015 8:50:17] /i 5663
[1/1/2015 8:50:23] /r
[1/1/2015 8:50:29] /r
[1/1/2015 8:50:37] /i 5939
[1/1/2015 8:52:14] /i 5938
[1/1/2015 8:52:45] /i 5663
[1/1/2015 8:52:53] /r
[1/1/2015 10:0:19] /goto Hjaern
[1/1/2015 10:30:37] /goto vescu
[1/1/2015 10:40:48] /town 7
[1/1/2015 10:44:32] /n vescu
[1/1/2015 10:44:48] /c ek blocker
[1/1/2015 10:46:44] /r
[1/1/2015 10:46:47] /n vescu
[1/1/2015 10:47:42] /goto madareth
[1/1/2015 10:47:50] /attr health -13131
[1/1/2015 10:47:51] /attr health -13131
[1/1/2015 10:47:52] /attr health -13131
[1/1/2015 10:47:54] /attr health -13131
[1/1/2015 10:48:20] /goto ekblocker
[1/1/2015 10:48:25] /goto ek blocker
[1/1/2015 10:48:36] /m Hand Of Cursed Fate
[1/1/2015 10:50:29] /r
[1/1/2015 10:50:31] /n vescu
[1/1/2015 10:50:53] /i 5898
[1/1/2015 10:51:23] /i 5882
[1/1/2015 10:51:33] /i 5881
[1/1/2015 10:51:41] /i 5895
[1/1/2015 10:51:50] /i 5905
[1/1/2015 10:51:59] /i 5906
[1/1/2015 10:52:5] /i 5885
[1/1/2015 10:52:36] /m Hand Of Cursed Fate
[1/1/2015 10:52:57] /r
[1/1/2015 10:53:1] /r
[1/1/2015 10:53:2] /r
[1/1/2015 10:53:7] /m Hand Of Cursed Fate
[1/1/2015 10:53:22] /r
[1/1/2015 10:53:23] /r
[1/1/2015 10:53:26] /r
[1/1/2015 10:54:57] /r
[1/1/2015 10:54:59] /n vescu
[1/1/2015 10:55:21] /m Hand Of Cursed Fate
[1/1/2015 10:55:33] /r
[1/1/2015 10:57:39] /r
[1/1/2015 10:57:42] /n vescu
[1/1/2015 10:57:44] /light
[1/1/2015 10:57:46] /goto angus
[1/1/2015 10:58:38] /goto vescu
[1/1/2015 10:58:39] /r
[1/1/2015 10:58:46] /r
[1/1/2015 10:58:48] /n vescu
[1/1/2015 10:59:23] /town 2
[1/1/2015 10:59:24] /town 3
[1/1/2015 10:59:28] /town 10
[1/1/2015 10:59:29] /town 13
[1/1/2015 10:59:32] /town 14
[1/1/2015 10:59:35] /town 12
[1/1/2015 10:59:57] /i 2012
[1/1/2015 11:2:1] /goto vescu
[1/1/2015 11:2:4] /light
[1/1/2015 11:2:17] /m hand of cursed fate
[1/1/2015 11:2:36] /r
[1/1/2015 11:2:38] /r
[1/1/2015 11:2:40] /r
[1/1/2015 11:2:42] /r
[1/1/2015 11:2:43] /r
[1/1/2015 11:2:43] /r
[1/1/2015 11:2:44] /r
[1/1/2015 11:2:44] /r
[1/1/2015 11:2:45] /r
[1/1/2015 11:3:32] /r
[1/1/2015 11:3:34] /n vescu
[1/1/2015 11:5:47] /i beer
[1/1/2015 11:5:54] /i mead
[1/1/2015 11:5:58] /i winne
[1/1/2015 11:5:59] /i wine
[1/1/2015 11:7:11] /r
[1/1/2015 11:7:14] /n vescu
[1/1/2015 11:8:31] /r
[1/1/2015 11:8:32] /n vescu
[1/1/2015 11:36:20] /c yunta
[1/1/2015 11:38:21] /i 5882
[1/1/2015 11:39:44] /goto erayo
[1/1/2015 12:19:43] /m apocalypse
[1/1/2015 12:38:24] /up
[1/1/2015 12:40:19] /down
[1/1/2015 12:40:21] /down
[1/1/2015 12:42:33] /i bear
[1/1/2015 12:42:40] /m bear
[1/1/2015 12:56:44] /up
[1/1/2015 12:56:46] /r
[1/1/2015 12:56:48] /goto vecus
[1/1/2015 13:4:42] /newtype 156
[1/1/2015 13:4:47] /newtype 152
[1/1/2015 13:5:6] /newtype 130
[1/1/2015 13:7:28] /c erayo
[1/1/2015 13:7:30] /n erayo
[1/1/2015 13:7:34] /c yunta
[1/1/2015 13:10:36] /r
[1/1/2015 13:10:38] /n erayo
[1/1/2015 13:16:7] /r
[1/1/2015 13:16:9] /n erayo
[1/1/2015 13:16:42] /r
[1/1/2015 13:16:47] /n erayo
[1/1/2015 13:17:18] /r
[1/1/2015 13:17:21] /n erayo
[1/1/2015 13:18:23] /r
[1/1/2015 13:18:25] /n erayo
[1/1/2015 13:19:5] /r
[1/1/2015 13:19:8] /n erayo
[1/1/2015 13:19:52] /i 
[1/1/2015 13:19:55] /i 5912
[1/1/2015 13:19:59] /i 5910
[1/1/2015 13:20:4] /i 5911
[1/1/2015 13:20:9] /i 5913
[1/1/2015 13:20:13] /i 5914
[1/1/2015 13:20:19] /i 5909
[1/1/2015 13:20:26] /i 5886
[1/1/2015 13:25:31] /r
[1/1/2015 13:25:32] /clean
[1/1/2015 13:26:15] /m demon
[1/1/2015 13:26:20] /r
[1/1/2015 13:29:10] /newtype 130
[1/1/2015 13:29:17] /newtype 152
[1/1/2015 13:29:18] /newtype 130
[1/1/2015 13:30:19] /n atrad
[1/1/2015 13:30:24] /i nose ring
[1/1/2015 13:31:14] /r
[1/1/2015 13:31:15] /n atrad
[1/1/2015 13:31:24] /m demon
[1/1/2015 13:31:47] /r
[1/1/2015 13:31:48] /r
[1/1/2015 13:31:49] /r
[1/1/2015 13:32:8] /i behemoth claw 
[1/1/2015 13:44:11] /newtype 132
[1/1/2015 13:45:6] /goto irmana
[1/1/2015 13:45:9] /r
[1/1/2015 13:45:10] /r
[1/1/2015 13:45:14] /n irmana
[1/1/2015 13:45:32] /n irmana
[1/1/2015 13:45:47] /n irmana
[1/1/2015 13:45:50] /c yunta
[1/1/2015 13:46:50] /r
[1/1/2015 13:46:52] /n irmana
[1/1/2015 13:48:19] /c ek blocker
[1/1/2015 13:49:54] /r
[1/1/2015 13:49:57] /n irmana
[1/1/2015 14:43:0] /goto Max
[1/1/2015 14:43:4] /goto Kmat
[1/1/2015 14:43:8] /goto Kamt
[1/1/2015 14:44:53] /i crown legs
[1/1/2015 14:46:0] /i royal helmet
[1/1/2015 14:46:21] /i amulet of loss
[1/1/2015 14:48:4] /i boots of haste
[1/1/2015 14:49:19] /i pair of soft Boots
[1/1/2015 15:2:1] /i axe
[1/1/2015 15:2:11] /i double axe
[1/1/2015 15:2:28] /i fire axe
[1/1/2015 15:2:42] /goto rashid
[2/1/2015 23:3:5] /town 11
[2/1/2015 23:3:7] /town 12
[2/1/2015 23:3:9] /town 13
[2/1/2015 23:3:10] /town 14
[2/1/2015 23:3:13] /town 9
[2/1/2015 23:11:35] /down 2
[2/1/2015 23:11:41] /up
[2/1/2015 23:16:6] /goto giant spider
[2/1/2015 23:16:9] /town 2
[2/1/2015 23:16:11] /town 7
[2/1/2015 23:16:13] /town 9
[2/1/2015 23:17:34] /down
[2/1/2015 23:17:37] /up
[2/1/2015 23:17:53] /down
[2/1/2015 23:23:11] /down
[2/1/2015 23:31:27] /up
[3/1/2015 0:24:46] /i scarab coin
[3/1/2015 0:29:7] /reload action
[3/1/2015 0:30:19] /reload action
[3/1/2015 0:31:4] /attr actionid 50243
[3/1/2015 0:31:6] /r
[3/1/2015 0:31:8] /i 1945
[3/1/2015 0:31:10] /attr actionid 50243
[3/1/2015 0:31:32] /r
[3/1/2015 0:31:33] /i 1945
[3/1/2015 0:31:35] /attr actionid 50243
[3/1/2015 0:32:20] /r
[3/1/2015 0:32:22] /i 1945
[3/1/2015 0:32:25] /attr actionid 50243
[3/1/2015 0:33:37] /up 
[3/1/2015 0:33:38] /up "
[3/1/2015 0:33:42] /up 2
[3/1/2015 0:33:45] /up 5
[3/1/2015 0:33:49] /up 2
[3/1/2015 0:34:0] /goto Diprath
[3/1/2015 0:34:6] /goto thalas
[3/1/2015 0:34:27] /down
[3/1/2015 0:35:42] /a 5
[3/1/2015 0:35:57] /goto a sweaty cyclops
[3/1/2015 0:38:3] /i 3983
[3/1/2015 0:39:44] /i 3983
[3/1/2015 0:39:44] /i 3983
[3/1/2015 0:43:15] /goto thalas
[3/1/2015 0:43:21] /goto driptah
[3/1/2015 0:43:32] /goto Dipthrah
[3/1/2015 0:43:54] /i pick
[3/1/2015 0:44:44] /down
[3/1/2015 0:45:6] /down
[3/1/2015 0:45:41] /reload action
[3/1/2015 0:52:37] /reload action
[3/1/2015 0:54:27] /i 1946
[3/1/2015 0:54:32] /r
[3/1/2015 0:55:10] /reload aciton
[3/1/2015 0:55:14] /reload action
[3/1/2015 1:45:31] /reload action
[3/1/2015 5:53:16] /reload action
[3/1/2015 6:5:3] /reload action
[3/1/2015 6:9:26] /b perra
[3/1/2015 6:9:29] /b perra
[3/1/2015 6:9:35] /b Doble Perra
[3/1/2015 6:9:38] /b Doble Perra
[3/1/2015 6:11:7] /reload action
[3/1/2015 6:12:36] /b perra
[3/1/2015 6:13:2] /i Ornamented Ankh
[3/1/2015 6:14:41] /b Doble Perra
[3/1/2015 6:15:37] /b Doble Perra
[3/1/2015 6:15:49] /b Doble Perra
[3/1/2015 7:19:19] /goto driptah
[1/1/2015 15:41:53] /reload action
[1/1/2015 15:43:21] /b Information: The OTX Server (Emporia)
[1/1/2015 15:43:30] /bc Information: The OTX Server (Emporia)
[1/1/2015 15:43:39] /bc Information: The OTX Server (Emporia)
[1/1/2015 15:44:5] /r
[1/1/2015 15:44:15] /i 1945
[1/1/2015 15:44:20] /attr actionid 50243
[1/1/2015 15:45:0] /attr actionid 50243
[1/1/2015 15:45:12] /bc Information: The OTX Server (Emporia)
[1/1/2015 15:45:12] /bc Information: The OTX Server (Emporia)
[1/1/2015 15:45:18] /bc Information: The OTX Server (Emporia)
[1/1/2015 15:45:22] /bc Information: The OTX Server (Emporia)
[1/1/2015 15:45:34] /bc Information: The OTX Server (Emporia)
[1/1/2015 15:45:38] /bc Information: The OTX Server (Emporia)
[1/1/2015 15:45:47] /bc Information: The OTX Server (Emporia)
[1/1/2015 15:50:33] /reload action
[1/1/2015 15:52:25] /b tutut
[1/1/2015 15:52:36] /b tutut
[1/1/2015 15:53:34] /reload action
[1/1/2015 15:54:20] /r
[1/1/2015 15:54:25] /i 1945
[1/1/2015 15:54:35] /attr actionid 50243
[1/1/2015 15:56:5] /reload action
[1/1/2015 15:57:26] /bc Hablale
[1/1/2015 15:57:36] /bc hablale
[1/1/2015 15:57:44] /b t
[1/1/2015 15:57:48] /b hablale
[1/1/2015 15:58:8] /reload action
[1/1/2015 15:59:46] /b hablale
[1/1/2015 16:0:1] /r 
[1/1/2015 16:0:3] /i 1945
[1/1/2015 16:0:11] /attr actionid 50243
[1/1/2015 16:1:8] /b hablale
[1/1/2015 16:2:53] /i 2351
[1/1/2015 16:12:46] /goto Thalas
[1/1/2015 16:13:14] /up
[1/1/2015 16:13:15] /up
[1/1/2015 16:13:16] /up
[1/1/2015 16:13:23] /up
[1/1/2015 16:23:44] /goto a sweaty cyclops
[1/1/2015 16:24:34] /i 3983
[1/1/2015 16:24:36] /i 3983
[1/1/2015 16:24:37] /i 3983
[1/1/2015 16:25:43] /i 2487
[1/1/2015 16:26:15] /i 8262
[1/1/2015 16:30:56] /reload movements
[1/1/2015 16:37:39] /goto dipthrah
[1/1/2015 16:38:37] /r
[1/1/2015 16:38:39] /i 1387
[1/1/2015 16:38:48] /attr actionid 14083
[1/1/2015 16:41:9] /goto asmushran
[1/1/2015 16:41:29] /town 12
[1/1/2015 16:41:33] /town 10
[1/1/2015 16:41:36] /town 9
[1/1/2015 16:42:34] /i scarab coin
[1/1/2015 16:45:14] /goto mahrdis
[1/1/2015 16:45:41] /goto morguthis
[1/1/2015 16:45:56] /goto omruc
[1/1/2015 16:46:31] /goto rahemos
[1/1/2015 16:47:0] /attr health -213131
[1/1/2015 16:47:11] /goto thalas
[1/1/2015 16:47:33] /i gem holder
[1/1/2015 16:47:45] /goto Vashresamun
[1/1/2015 16:48:9] /goto Ashmunrah
[1/1/2015 16:52:17] /up
[1/1/2015 16:52:18] /up
[1/1/2015 16:52:19] /up
[1/1/2015 16:52:20] /up
[1/1/2015 17:0:20] /goto Dipthrah
[1/1/2015 17:6:7] /n onStepIn(cid, item, position, lastPosition, fromPosition, toPosition, actor)
[1/1/2015 17:51:47] /r
[1/1/2015 17:51:49] /i 1387
[1/1/2015 17:51:53] /attr uniqueid 14083
[1/1/2015 17:53:40] /reload storage.lua
[1/1/2015 17:53:43] /reload xml
[1/1/2015 17:53:47] /reload creaturescripts
[1/1/2015 17:54:5] /a 5
[1/1/2015 18:41:11] /goto Morguthis
[1/1/2015 18:42:17] /i scarab coin
[1/1/2015 19:15:12] /up
[1/1/2015 19:15:36] /down
[1/1/2015 19:17:22] /down
[2/1/2015 1:0:5] /i 2351
[2/1/2015 1:0:12] /i 2352
[2/1/2015 1:0:13] /i 2353
[2/1/2015 1:0:15] /i 2354
[2/1/2015 1:0:16] /i 2355
[2/1/2015 1:0:17] /i 2356
[2/1/2015 1:0:21] /i 23567
[2/1/2015 1:0:34] /i 1988
[2/1/2015 1:1:1] /i 2351
[2/1/2015 1:1:5] /i 2353
[2/1/2015 1:1:6] /i 2352
[2/1/2015 1:1:13] /i 2348
[2/1/2015 1:1:17] /i 2354
[2/1/2015 1:1:20] /i 2348
[2/1/2015 1:1:22] /i 2349
[2/1/2015 1:1:30] /goto ashmunrah
[2/1/2015 1:3:54] /i 2335
[2/1/2015 1:4:0] /i 2336
[2/1/2015 1:4:4] /i 2337
[2/1/2015 1:4:7] /i 2338
[2/1/2015 1:4:10] /i 2339
[2/1/2015 1:4:14] /i 2340
[2/1/2015 1:4:19] /i 2341
[2/1/2015 1:4:32] /light
[2/1/2015 1:7:17] /m sword wilt
[2/1/2015 1:7:21] /m sword hilt
[2/1/2015 1:7:28] /m Sword Hilt
[2/1/2015 1:8:17] /goto rahemos
[2/1/2015 1:9:4] /goto lord'sardoz
[2/1/2015 1:9:14] /goto thalas
[2/1/2015 1:9:32] /goto thalas
[2/1/2015 1:10:51] /goto vashresamun
[2/1/2015 1:11:21] /goto thalas
[2/1/2015 1:11:30] /goto Ashmunrah
[2/1/2015 1:12:1] /goto dipthrah
[2/1/2015 1:12:15] /goto Mahrdis
[2/1/2015 1:13:3] /goto Morguthis
[2/1/2015 1:13:8] /goto Morguthis
[2/1/2015 1:19:11] /i 417
[2/1/2015 1:19:18] /i 414
[2/1/2015 1:35:13] /goto Morguthis
[2/1/2015 1:35:17] /goto Morguthis
[2/1/2015 1:35:28] /goto thalas
[2/1/2015 1:36:7] /goto Omruc's 
[2/1/2015 1:36:9] /goto Omrucs
[2/1/2015 1:36:18] /goto rahemos
[2/1/2015 1:36:28] /attr health -131212
[2/1/2015 1:37:25] /goto Dipthrah
[2/1/2015 1:37:42] /goto Omruc
[2/1/2015 1:37:44] /down
[2/1/2015 1:38:11] /reload action
[2/1/2015 1:41:51] /c ek blocker
[2/1/2015 1:43:50] /goto thalas
[2/1/2015 13:26:4] /goto cael
[2/1/2015 13:27:9] /i tome of knowledge
[2/1/2015 13:27:11] /i tome of knowledge
[2/1/2015 13:27:20] /goto ongulf
[2/1/2015 13:30:10] /n zoltan
[2/1/2015 13:31:32] /n zoltan
[2/1/2015 13:32:15] /n zoltan
[2/1/2015 13:32:36] /n zoltan
[2/1/2015 13:33:44] /n zoltan
[2/1/2015 13:35:12] /newtype 130
[2/1/2015 13:35:17] /newtype 325
[2/1/2015 13:35:22] /newtype 324
[2/1/2015 13:35:27] /newtype 325
[2/1/2015 13:36:4] /newtype 324
[2/1/2015 13:37:15] /goto palimuth
[2/1/2015 13:37:19] /r
[2/1/2015 13:37:21] /n palimuth
[2/1/2015 13:38:7] /newtype 288
[2/1/2015 13:38:15] /newtype 289
[2/1/2015 13:41:1] /goto cael
[2/1/2015 13:41:22] /attr actionid 14062
[2/1/2015 13:41:33] /r
[2/1/2015 13:41:37] /i 1945
[2/1/2015 13:41:40] /attr actionid 14062
[2/1/2015 13:42:4] /down
[2/1/2015 13:42:7] /down
[2/1/2015 13:43:26] /reload action
[2/1/2015 13:44:9] /r
[2/1/2015 13:44:11] /i 1946
[2/1/2015 13:44:20] /attr actionid 1463
[2/1/2015 13:44:23] /attr actionid 1464
[2/1/2015 15:53:45] /i 2684
[2/1/2015 15:54:54] /town venore
[2/1/2015 15:54:59] /a 150
[2/1/2015 15:55:0] /a 150
[2/1/2015 15:55:20] /light
[2/1/2015 15:55:20] /down
[2/1/2015 15:55:29] /down
[2/1/2015 15:56:8] /c ek blocker
[2/1/2015 15:56:32] /i greath mana potion
[2/1/2015 15:56:39] /goto xodet
[2/1/2015 15:56:58] /goto ek blcoker
[2/1/2015 15:57:2] /goto ek blocker
[2/1/2015 15:57:45] /goto xodet
[2/1/2015 15:58:0] /i 7590
[2/1/2015 15:58:10] /goto ek blocker
[2/1/2015 15:58:36] /m cobra
[2/1/2015 15:59:1] /down
[2/1/2015 15:59:13] /up
[2/1/2015 16:6:42] /i 2249
[2/1/2015 16:6:49] /r
[2/1/2015 16:7:5] /r
[2/1/2015 16:7:7] /i 1387
[2/1/2015 16:7:15] /attr uniqueid 33227
[2/1/2015 16:7:24] /r
[2/1/2015 16:7:27] /i 1387
[2/1/2015 16:7:31] /attr actionid 33227
[2/1/2015 16:7:42] /c ek blocker
[2/1/2015 16:8:27] /i carrot
[2/1/2015 16:9:59] /i 1493
[2/1/2015 16:10:1] /r
[2/1/2015 18:40:18] /goto dos'h
[2/1/2015 18:40:43] /i cobra crown
[2/1/2015 18:58:57] /i 2343
[2/1/2015 18:59:7] /i 2347
[2/1/2015 18:59:12] /i 2342
[2/1/2015 19:21:39] /i 2335
[2/1/2015 19:21:41] /i 2336
[2/1/2015 19:21:47] /i 2335
[2/1/2015 19:21:47] /i 2336
[2/1/2015 19:21:48] /i 2337
[2/1/2015 19:21:49] /i 2338
[2/1/2015 19:21:52] /i 2339
[2/1/2015 19:21:53] /i 2340
[2/1/2015 19:21:56] /i 2341
[2/1/2015 19:22:40] /i 2335
[2/1/2015 19:22:41] /i 2335
[2/1/2015 19:22:42] /i 2335
[2/1/2015 19:22:47] /i 2336
[2/1/2015 19:22:49] /i 2337
[2/1/2015 19:22:50] /i 2338
[2/1/2015 19:22:52] /i 2339
[2/1/2015 19:22:53] /i 2340
[2/1/2015 19:22:54] /i 2341
[2/1/2015 19:23:13] /i 2352
[2/1/2015 19:23:18] /i 2350
[2/1/2015 20:22:44] /newtype 12496
[2/1/2015 20:22:47] /newtype 12495
[2/1/2015 20:22:52] /newtype 12496
[2/1/2015 21:27:3] /goto curos
[2/1/2015 21:27:7] /a 15
[2/1/2015 21:27:9] /a 15
[2/1/2015 21:27:10] /a 15
[2/1/2015 21:27:12] /a 15
[2/1/2015 21:27:13] /a 15
[2/1/2015 21:27:17] /a 150
[2/1/2015 21:27:20] /a 100
[2/1/2015 21:27:37] /a 100
[2/1/2015 21:29:32] /c ek blocker
[2/1/2015 21:29:34] /c dos'h
[2/1/2015 21:29:44] /c dosh'hc
[2/1/2015 21:30:9] /c dosh'hc
[4/1/2015 17:36:20] /goto ongulf
