[22/9/2014 0:39:30] /goto oldrak
[23/9/2014 0:35:23] /r
[23/9/2014 0:35:25] /r
[23/9/2014 0:35:26] /r
[27/9/2014 17:30:2] /goto lazaran
[30/9/2014 16:7:14] /goto ulala
[30/9/2014 16:16:14] /reload nopc
[30/9/2014 16:16:16] /reload npc
[30/9/2014 16:17:12] /goto chemar
[30/9/2014 16:17:28] /reload npc
[30/9/2014 16:18:20] /goto lazaran
[30/9/2014 16:19:13] /reload npc
[30/9/2014 16:20:12] /reload npc
[11/10/2014 18:13:55] /down
[11/10/2014 18:14:11] /down
[11/10/2014 18:14:25] /r
[11/10/2014 18:14:35] /down
[11/10/2014 18:14:45] /up
[11/10/2014 18:14:49] /i 903
[11/10/2014 18:14:51] /r
[11/10/2014 18:14:52] /r
[11/10/2014 18:14:53] /r
[11/10/2014 18:14:55] /r
[11/10/2014 18:14:57] /i 903
[11/10/2014 18:15:1] /r
[11/10/2014 18:15:3] /up
[11/10/2014 18:15:5] /r
[11/10/2014 18:15:10] /r
[11/10/2014 18:15:25] /a 2
[11/10/2014 18:15:27] /a 
[11/10/2014 18:21:46] /light
[11/10/2014 18:22:45] /down
[11/10/2014 18:22:47] /down
[11/10/2014 18:22:54] /up
[11/10/2014 18:22:55] /up
[18/10/2014 12:42:36] /town yalahar
[18/10/2014 12:42:45] /i 2160
[18/10/2014 12:42:51] /i pair of soft boots
[18/10/2014 12:43:4] /i royal scale robe
[18/10/2014 12:43:13] /i magma coat
[18/10/2014 12:43:22] /i 79000
[18/10/2014 12:43:24] /i 7900
[18/10/2014 12:43:29] /i 7898
[18/10/2014 12:43:33] /i 7901
[18/10/2014 12:43:35] /i 7902
[18/10/2014 12:43:37] /i 7903
[18/10/2014 12:43:39] /i 7904
[18/10/2014 12:43:45] /i magma legs
[18/10/2014 12:43:54] /i yalahari mask
[18/10/2014 12:44:5] /i great shield
[18/10/2014 13:4:11] /goto harlow
[18/10/2014 13:4:23] /n harlow
[18/10/2014 13:7:29] /r
[18/10/2014 13:7:31] /n Harlow
[18/10/2014 13:7:35] /r
[18/10/2014 13:7:49] /n Harlow Vengoth
[18/10/2014 13:12:3] /r
[18/10/2014 13:12:4] /r
[18/10/2014 13:13:10] /n harlow vengoth
[18/10/2014 13:13:19] /r
[18/10/2014 15:47:10] /goto dos
[18/10/2014 15:47:11] /goto dosh
[18/10/2014 15:48:20] /c care muerta
[18/10/2014 16:11:50] /town 1
[18/10/2014 16:11:52] /town 2
[18/10/2014 16:12:9] /down
[18/10/2014 16:13:19] /town 3
[19/10/2014 10:46:40] /town edron
[19/10/2014 10:46:53] /i darwen legs
[19/10/2014 10:46:59] /i darwen legs
[19/10/2014 10:47:7] /town thais
[19/10/2014 10:47:38] /i 8890
[19/10/2014 10:48:1] /n rashi
[19/10/2014 10:48:3] /n rashid
[19/10/2014 10:48:39] /r
[19/10/2014 10:48:43] /town edron
[19/10/2014 10:55:33] /goto zlak
[19/10/2014 10:55:49] /town 1
[19/10/2014 10:56:52] /i 38283
[19/10/2014 10:56:54] /i 3828
[19/10/2014 10:57:0] /r
[19/10/2014 10:57:27] /i 7905
[19/10/2014 10:57:39] /r
[19/10/2014 10:59:16] /raid feverish citizen
[19/10/2014 10:59:45] /goto Zulazza the Corruptor
[19/10/2014 11:2:36] /town 1
[20/10/2014 19:28:8] /goto lazaran
[20/10/2014 19:28:21] /down 4
[20/10/2014 19:28:23] /a 50
[20/10/2014 19:28:24] /a 50
[20/10/2014 19:28:26] /a 50
[20/10/2014 19:28:27] /a 50
[20/10/2014 19:29:8] /attr uniqueid 24150
[20/10/2014 19:30:58] /reload action
[20/10/2014 19:32:12] /attr uniqueid 24150
[20/10/2014 19:32:15] /attr actionid 24150
[20/10/2014 19:33:0] /attr uniqueid
[20/10/2014 19:33:20] /attr actionid
[20/10/2014 19:34:36] /reload action
[20/10/2014 19:36:37] /reload action
[20/10/2014 19:38:1] /reload action
[20/10/2014 19:39:28] /reload action
[20/10/2014 19:40:35] /reload action
[21/10/2014 16:33:51] /c dosh hc
[21/10/2014 16:34:48] /reload npc
[21/10/2014 16:34:52] /r
[21/10/2014 16:34:55] /n dosh
[21/10/2014 16:36:11] /reload npc
[21/10/2014 16:36:15] /r
[21/10/2014 16:36:17] /n dosh
[21/10/2014 16:37:44] /reload npc
[21/10/2014 16:37:51] /r
[21/10/2014 16:37:52] /n dosh
[22/10/2014 11:20:30] /reload config
[24/10/2014 22:38:46] /goto king tibianus
[24/10/2014 22:38:58] /addskill Ek Blocker,lvl, 200
[24/10/2014 22:39:10] /addskill Ek Blocker ,axe, 105
[24/10/2014 22:39:38] /c ek blocker
[24/10/2014 22:40:5] /goto chartan
[24/10/2014 22:40:33] /i 12642
[24/10/2014 22:40:40] /goto ek bloker
[24/10/2014 22:40:43] /goto ek blocker
[24/10/2014 22:40:54] /i 12643
[24/10/2014 22:40:56] /i 12644
[24/10/2014 22:41:17] /addskill Ek Blocker , shielding , 100
[24/10/2014 22:47:24] /c ek bloker
[24/10/2014 22:47:28] /c ek bloker
[24/10/2014 22:47:31] /c ek blocker
[24/10/2014 22:58:14] /raid orshabaal
[24/10/2014 23:4:2] /c dosh hc
[24/10/2014 23:5:39] /addskill Dosh Hc ,lvl, 150
[24/10/2014 23:6:23] /i cobra town
[24/10/2014 23:6:34] /i cobra cown
[24/10/2014 23:6:52] /i cobra crown
[24/10/2014 23:7:17] /i spellbook of dark mysteries
[18/11/2014 9:30:23] /addskill Dosh'hc ,lvl, 92
[19/11/2014 1:49:40] /town 2
[19/11/2014 1:50:6] /i 2160
[19/11/2014 1:50:29] /reload npc
[19/11/2014 1:50:37] /r
[19/11/2014 1:50:43] /n dosh
[1/12/2014 17:5:40] /goto dosh
[1/12/2014 17:5:43] /goto henricus
[4/12/2014 1:59:58] /reload action
[4/12/2014 2:5:58] /reload action
[4/12/2014 2:6:38] /reload action
[4/12/2014 13:44:24] /goto palimuht
[4/12/2014 13:44:25] /goto palimuth
[4/12/2014 13:44:31] /r
[4/12/2014 13:44:34] /i 1253
[4/12/2014 13:44:38] /r
[4/12/2014 13:44:40] /i 1253
[9/12/2014 1:45:19] /goto dosh
[9/12/2014 1:45:35] /r
[10/12/2014 9:44:24] /goto chartan
[10/12/2014 9:44:33] /down
[10/12/2014 9:44:58] /r
[10/12/2014 9:45:0] /i 11122
[10/12/2014 9:45:6] /attr uniqueid 14061
[10/12/2014 9:45:8] /attr uniqueid 1406
[10/12/2014 9:45:11] /attr uniqueid 14060
[10/12/2014 9:45:18] /r
[10/12/2014 9:45:20] /i 11122
[10/12/2014 9:45:26] /attr uniqueid 14060
[10/12/2014 9:45:35] /goto lazarna
[10/12/2014 9:45:36] /goto lazaran
[10/12/2014 9:47:35] /goto sandra
[10/12/2014 9:47:39] /up 5
[10/12/2014 9:48:18] /reload action
[10/12/2014 9:54:5] /reload action
[10/12/2014 9:55:5] /reload action
[10/12/2014 9:59:41] /town ab
[10/12/2014 9:59:42] /town 6
[10/12/2014 9:59:44] /town 5
[10/12/2014 10:0:5] /goto uzon
[10/12/2014 10:0:7] /light
[10/12/2014 10:0:9] /down 
[10/12/2014 10:0:10] /down 
[10/12/2014 10:0:10] /down 
[10/12/2014 10:0:17] /up 5
[10/12/2014 10:0:29] /town darashia
[10/12/2014 10:0:41] /town 6
[10/12/2014 10:0:44] /town 8
[10/12/2014 10:0:45] /town 9
[10/12/2014 10:1:25] /town 8
[10/12/2014 10:1:33] /up 3
[10/12/2014 10:1:45] /town 7
[10/12/2014 10:2:10] /town yalahar
[10/12/2014 10:2:29] /town 11
[10/12/2014 10:2:31] /town 12
[10/12/2014 10:2:40] /up
[10/12/2014 10:2:42] /up
[10/12/2014 10:3:10] /town thais
[10/12/2014 10:3:36] /town carlin
[10/12/2014 10:4:16] /goto lazarna
[10/12/2014 10:4:20] /goto lazaran
[10/12/2014 10:9:42] /goto ulala
[10/12/2014 10:10:10] /a 10
[10/12/2014 10:10:15] /up
[10/12/2014 12:17:13] /attr actionid 14062
[10/12/2014 12:38:30] /goto palimuth
[10/12/2014 12:58:43] /goto Zumtah
[10/12/2014 12:59:50] /up
[10/12/2014 13:0:16] /r
[10/12/2014 13:0:38] /down
[10/12/2014 13:2:16] /goto a sleeping draog
[10/12/2014 13:2:19] /goto a sleeping dragon
[10/12/2014 13:2:28] /goto a sleeping dragon
[10/12/2014 13:3:8] /goto zlak
[10/12/2014 13:3:15] /goto zizzle
[10/12/2014 13:8:34] /town 2
[10/12/2014 14:52:28] /goto ulala
[10/12/2014 14:52:31] /a 50
[10/12/2014 14:52:33] /a 50
[10/12/2014 14:52:36] /a 25
[10/12/2014 14:52:52] /attr actionid 14062
[10/12/2014 14:53:2] /attr actionid 14062
[10/12/2014 14:53:6] /attr actionid 14062
[10/12/2014 14:53:13] /attr actionid 14062
[10/12/2014 14:53:15] /attr actionid 14062
[10/12/2014 14:53:17] /attr actionid 14062
[10/12/2014 14:53:18] /attr actionid 14062
[10/12/2014 14:53:20] /attr actionid 14062
[10/12/2014 14:53:20] /attr actionid 14062
[10/12/2014 14:53:21] /attr actionid 14062
[10/12/2014 14:56:38] /attr actionid 14062
[10/12/2014 14:56:39] /attr actionid 14062
[10/12/2014 14:56:40] /attr actionid 14062
[10/12/2014 14:56:59] /attr actionid 14062
[10/12/2014 14:57:5] /attr actionid 14062
[10/12/2014 14:57:7] /attr actionid 14062
[10/12/2014 14:57:8] /attr actionid 14062
[10/12/2014 14:57:9] /attr actionid 14062
[10/12/2014 14:57:10] /attr actionid 14062
[10/12/2014 14:57:11] /attr actionid 14062
[10/12/2014 14:57:11] /attr actionid 14062
[10/12/2014 14:57:13] /attr actionid 14062
[10/12/2014 14:57:14] /attr actionid 14062
[10/12/2014 14:57:15] /attr actionid 14062
[10/12/2014 14:57:16] /attr actionid 14062
[10/12/2014 14:57:16] /attr actionid 14062
[10/12/2014 15:2:48] /goto ulala
[10/12/2014 15:3:7] /i 
[10/12/2014 15:3:23] /i orc theeth
[10/12/2014 15:3:33] /i orc theeth
[10/12/2014 15:3:34] /i orc theet
[10/12/2014 15:3:35] /i orc thee
[10/12/2014 15:3:39] /m orc
[10/12/2014 15:3:48] /m org
[10/12/2014 15:3:51] /m orc
[10/12/2014 15:3:58] /m orc
[10/12/2014 15:4:1] /r
[10/12/2014 15:4:3] /r
[10/12/2014 15:4:4] /r
[10/12/2014 15:5:16] /i teeth of green men
[10/12/2014 15:5:20] /i horned
[10/12/2014 15:5:30] /i 11113
[10/12/2014 15:5:39] /i 5878
[10/12/2014 15:5:44] /i 5876
[11/12/2014 15:52:1] /goto palimuth
[11/12/2014 15:53:31] /up
[11/12/2014 15:54:38] /up 4
[11/12/2014 15:54:43] /down
[11/12/2014 15:55:40] /c dos'h
[11/12/2014 15:55:42] /goto sandra
[11/12/2014 15:55:48] /up 6
[11/12/2014 15:55:54] /c doshito
[11/12/2014 15:55:59] /n lazaran
[11/12/2014 15:57:45] /reload action
[11/12/2014 15:59:37] /reload action
[11/12/2014 16:1:21] /r
[11/12/2014 16:10:19] /reload action
[14/12/2014 1:32:27] /goto zalamon
[14/12/2014 1:32:59] /a 125
[14/12/2014 1:33:1] /a 50
[14/12/2014 1:33:3] /a 50
[14/12/2014 1:33:7] /a 10
[14/12/2014 1:33:25] /goto zalamon
[14/12/2014 1:33:47] /a 150
[14/12/2014 1:33:48] /a 150
[14/12/2014 1:33:49] /a 150
[14/12/2014 1:33:53] /a 50
[14/12/2014 1:34:1] /n zalamon
[14/12/2014 1:34:50] /r
[14/12/2014 1:42:46] /up
[14/12/2014 1:42:48] /a 250
[14/12/2014 1:42:50] /a 50
[14/12/2014 1:42:51] /a 50
[14/12/2014 1:42:52] /a 50
[14/12/2014 1:42:53] /a 50
[14/12/2014 1:42:55] /a 25
[14/12/2014 1:42:55] /a 25
[14/12/2014 1:42:56] /a 25
[14/12/2014 1:42:57] /a 25
[14/12/2014 1:43:26] /c zalamon
[14/12/2014 1:44:6] /c zalamon
[14/12/2014 1:44:13] /c zalamon
[14/12/2014 1:44:16] /c zalamon
[14/12/2014 1:44:18] /c zalamon
[14/12/2014 1:44:58] /goto zalamon
[14/12/2014 1:45:28] /goto a 250
[14/12/2014 1:45:34] /a 250
[14/12/2014 1:45:37] /a 50
[14/12/2014 1:45:38] /a 50
[14/12/2014 1:45:39] /a 50
[14/12/2014 1:45:40] /a 50
[14/12/2014 1:45:49] /goto zalamon
[14/12/2014 1:46:1] /a 25
[14/12/2014 1:46:12] /goto zalamon
[14/12/2014 1:46:42] /a 150
[14/12/2014 1:46:43] /a 150
[14/12/2014 1:46:45] /a 100
[14/12/2014 1:46:47] /a 50
[14/12/2014 1:46:48] /a 50
[14/12/2014 1:47:21] /i 11106
[14/12/2014 1:47:25] /goto zalamon
[14/12/2014 1:47:26] /a 250
[14/12/2014 1:47:29] /a 150
[14/12/2014 1:47:49] /c zalamon
[14/12/2014 1:48:23] /r
[14/12/2014 23:20:42] /reload action
[14/12/2014 23:21:34] /up
[14/12/2014 23:21:42] /a 50
[14/12/2014 23:21:45] /a 50
[14/12/2014 23:22:18] /reload action
[14/12/2014 23:23:52] /reload action
[14/12/2014 23:30:37] /reload action
[14/12/2014 23:35:16] /reload action 
[14/12/2014 23:37:22] /reload action 
[14/12/2014 23:39:23] /reload action 
[14/12/2014 23:46:43] /i 10855
[14/12/2014 23:46:54] /i 10856
[14/12/2014 23:47:1] /i 10853
[14/12/2014 23:47:7] /i 10850
[14/12/2014 23:52:9] /goto zalamon
[15/12/2014 10:1:41] /promote dosh hc
[15/12/2014 10:1:42] /promote dosh hc
[15/12/2014 10:1:43] /promote dosh hc
[15/12/2014 10:12:9] /goto chemar
[15/12/2014 10:23:57] /r
[15/12/2014 10:24:7] /i 6384
[15/12/2014 10:24:8] /i 6384
[15/12/2014 10:24:11] /r
[15/12/2014 10:24:13] /r
[15/12/2014 11:4:8] /r
[15/12/2014 11:4:12] /attr actionid 14056
[15/12/2014 11:4:43] /r
[15/12/2014 11:4:45] /attr actionid 14056
[23/12/2014 23:9:32] /goto oldrak
[23/12/2014 23:11:39] /addskill Dosh'hc,lvl, 20
[23/12/2014 23:18:33] /i hallowed axe
[23/12/2014 23:21:27] /reload action
[23/12/2014 23:23:4] /reload action
[23/12/2014 23:24:14] /reload action
[23/12/2014 23:27:44] /reload action
[23/12/2014 23:35:47] /reload action
[23/12/2014 23:37:26] /reload action
[23/12/2014 23:40:5] /reload action
[23/12/2014 23:46:8] /reload action
[23/12/2014 23:47:56] /reload action
[24/12/2014 0:9:11] /reload action
[24/12/2014 0:15:0] /reload action
[24/12/2014 0:16:31] /reload action
[24/12/2014 0:19:14] /attr health -12321313
[24/12/2014 0:19:16] /attr health -12321313
[24/12/2014 0:19:17] /attr health -12321313
[24/12/2014 0:19:19] /attr health -12321313
[24/12/2014 0:19:21] /attr health -12321313
[24/12/2014 0:19:23] /attr health -12321313
[24/12/2014 0:23:32] /reload action
[24/12/2014 0:25:38] /reload action
[24/12/2014 0:28:5] /reload action
[24/12/2014 0:30:25] /reload action
[24/12/2014 11:14:5] /goto ongulf
[24/12/2014 11:16:39] /r
[24/12/2014 11:16:43] /n ongulf
[24/12/2014 11:20:27] /r
[24/12/2014 11:20:29] /n ongulf
[24/12/2014 11:20:41] /n ongulf
[24/12/2014 11:20:52] /n ongulf
[24/12/2014 11:21:29] /n ongulf
[24/12/2014 11:21:45] /n ongulf
[24/12/2014 11:22:36] /r
[24/12/2014 11:22:38] /n ongulf
[24/12/2014 11:24:48] /goto jean pierre
[24/12/2014 11:25:5] /town 13
[24/12/2014 11:25:7] /town 14
[24/12/2014 11:25:9] /town 12
[24/12/2014 11:25:12] /town 11
[24/12/2014 11:25:14] /town 10
[24/12/2014 11:25:18] /down 5
[24/12/2014 11:25:20] /a 150
[24/12/2014 11:25:22] /down 
[24/12/2014 11:25:24] /a 150
[24/12/2014 11:25:47] /up
[24/12/2014 11:25:49] /up
[24/12/2014 11:25:51] /up
[24/12/2014 11:25:54] /up
[24/12/2014 11:26:1] /down
[24/12/2014 11:26:4] /down
[24/12/2014 11:26:11] /down
[24/12/2014 11:26:17] /down
[24/12/2014 11:26:53] /down
[24/12/2014 11:27:3] /up
[24/12/2014 11:27:11] /up
[24/12/2014 11:27:13] /down
[24/12/2014 11:27:14] /down
[24/12/2014 11:28:24] /i Helmet of the Ancients
[24/12/2014 11:30:15] /up
[24/12/2014 11:30:54] /up
[24/12/2014 11:31:0] /a 5
[24/12/2014 11:31:3] /up
[24/12/2014 11:31:5] /up
[24/12/2014 11:31:18] /up
[24/12/2014 11:31:40] /up
[24/12/2014 11:31:46] /up
[24/12/2014 14:40:44] /town 2
[24/12/2014 14:53:33] /c aruda
[24/12/2014 14:53:52] /goto rashid
[26/12/2014 0:40:48] /goto dosh
[28/12/2014 2:39:48] /goto dosh
[28/12/2014 2:39:52] /light
[28/12/2014 2:39:56] /n dosh
[28/12/2014 2:40:14] /n dosh
[28/12/2014 2:40:33] /r
[28/12/2014 2:43:3] /a 5
[28/12/2014 14:36:1] /goto dosh
[28/12/2014 14:36:10] /promote Dosh
[28/12/2014 14:36:11] /promote Dosh
[28/12/2014 14:36:11] /promote Dosh
[29/12/2014 16:14:10] /goto ulala
[29/12/2014 16:14:11] /a 25
[29/12/2014 16:15:0] /n dosh
[29/12/2014 16:15:42] /n dosh
[29/12/2014 16:16:2] /n dosh
[29/12/2014 16:16:16] /n dosh
[29/12/2014 16:16:41] /goto miraia
[29/12/2014 16:16:45] /n miraia
[29/12/2014 16:16:47] /r
[29/12/2014 16:16:50] /r
[29/12/2014 16:16:55] /r
[29/12/2014 16:17:4] /i 10467
[29/12/2014 16:17:10] /i 6177
[29/12/2014 16:18:4] /n dosh
[29/12/2014 16:18:18] /r
[29/12/2014 16:18:20] /r
[29/12/2014 18:4:2] /goto gungolf
[29/12/2014 18:4:8] /goto cael
[29/12/2014 21:7:35] /goto hanna
[29/12/2014 21:7:41] /r
[29/12/2014 21:7:43] /r
[29/12/2014 21:7:46] /n hanna
[29/12/2014 21:9:24] /r
[29/12/2014 21:9:26] /n hanna
[29/12/2014 21:9:30] /i legion helmet
[1/1/2015 19:1:26] /goto dosj
[1/1/2015 19:1:27] /goto dosh
[3/1/2015 20:31:11] /up
[3/1/2015 20:56:8] /down
[3/1/2015 21:6:41] /down
[3/1/2015 21:29:26] /up
[3/1/2015 21:43:18] /down
[3/1/2015 21:43:32] /up
[3/1/2015 21:58:13] /goto dosh
[3/1/2015 21:58:16] /down
[3/1/2015 21:58:29] /up
[3/1/2015 23:1:51] /goto dosh
[3/1/2015 23:1:58] /down
[3/1/2015 23:24:55] /goto dosh
[3/1/2015 23:24:57] /down
[3/1/2015 23:25:35] /up
[3/1/2015 23:25:45] /m bazir
[3/1/2015 23:28:46] /r
[3/1/2015 23:28:48] /r
[3/1/2015 23:28:51] /r
[3/1/2015 23:28:52] /r
[3/1/2015 23:28:55] /r
[3/1/2015 23:28:58] /r
[3/1/2015 23:36:36] /goto dosh
[3/1/2015 23:38:13] /m bazir
[3/1/2015 23:56:42] /m bazir
[4/1/2015 0:9:35] /down
[4/1/2015 0:9:49] /m bazir
[4/1/2015 0:20:54] /m bazir
[4/1/2015 10:41:18] /m  bazir
[4/1/2015 11:12:5] /m bazir
[4/1/2015 11:22:24] /goto curos
[4/1/2015 11:22:26] /a 200
[4/1/2015 11:22:30] /a 150
[4/1/2015 11:22:32] /a 50
[4/1/2015 11:22:35] /a 25
[4/1/2015 11:22:36] /a 25
[4/1/2015 11:22:38] /a 25
[4/1/2015 11:22:39] /down
[4/1/2015 11:23:14] /m bazir
[4/1/2015 11:26:12] /r
[4/1/2015 11:26:15] /r
[4/1/2015 11:26:29] /goto bazir
[4/1/2015 11:33:36] /down
[4/1/2015 11:33:45] /up
[4/1/2015 11:34:12] /m bazir
[4/1/2015 11:40:44] /r
[4/1/2015 11:40:49] /r
[4/1/2015 11:40:53] /r
[4/1/2015 11:40:55] /r
[4/1/2015 11:40:58] /r
[4/1/2015 11:41:0] /r
[4/1/2015 11:48:54] /down
[4/1/2015 11:49:7] /up
[4/1/2015 12:2:32] /down
[4/1/2015 12:2:40] /up
[4/1/2015 12:15:47] /down 
[4/1/2015 12:16:1] /m bazir
[4/1/2015 12:53:20] /goto dosh
[4/1/2015 17:36:51] /goto ongulf
[4/1/2015 17:37:20] /goto shard of corruption
[4/1/2015 17:37:45] /r
[4/1/2015 17:37:47] /i 1946
[4/1/2015 17:38:0] /attr actionid 14064
[4/1/2015 17:39:53] /reload action
[4/1/2015 17:47:35] /reload action
[4/1/2015 17:49:2] /reload action
[4/1/2015 18:1:10] /goto shard of corruption
[4/1/2015 23:10:45] /town 2
