[15/12/2014 0:7:19] /goto zalamon
[15/12/2014 0:8:16] /a 50
[15/12/2014 0:8:18] /a 50
[15/12/2014 0:8:19] /a 50
[15/12/2014 0:8:20] /a 50
[15/12/2014 0:8:35] /goto zalamon
[15/12/2014 0:8:59] /goto dosh
[15/12/2014 0:9:6] /goto zalamon
[15/12/2014 0:9:42] /goto dosh
[15/12/2014 0:10:6] /goto zalamon
[15/12/2014 0:10:56] /goto dosh
[15/12/2014 0:11:21] /goto zalamon
[15/12/2014 0:11:44] /i 1110
[15/12/2014 0:11:46] /i 11106
[15/12/2014 0:11:49] /r
[15/12/2014 0:12:12] /goto dosh
[15/12/2014 0:12:16] /a 150
[15/12/2014 0:14:1] /r
[15/12/2014 0:14:3] /r
[15/12/2014 0:15:3] /i 10850
[15/12/2014 0:15:11] /i 10853
[15/12/2014 0:15:17] /i 10855
[15/12/2014 0:15:23] /i 10857
[15/12/2014 0:15:24] /i 10856
[15/12/2014 0:15:28] /i 10855
[15/12/2014 0:15:48] /goto zalamon
[15/12/2014 11:3:32] /r
[15/12/2014 11:3:40] /attr actionid 14056
[15/12/2014 13:53:9] /up
[15/12/2014 13:53:31] /up
[15/12/2014 13:53:54] /down
[15/12/2014 13:54:12] /up
[15/12/2014 13:55:39] /i 10853
[15/12/2014 13:55:53] /i 10853
[15/12/2014 13:55:56] /i 10856
[15/12/2014 13:56:42] /i 10856
[15/12/2014 13:56:44] /i 10853
[15/12/2014 13:56:52] /goto zalamon
[15/12/2014 13:57:22] /goto dosh
