[10/12/2014 18:20:33] /n lazaran
[10/12/2014 18:21:9] /goto sandra
[10/12/2014 18:21:15] /up 6
[10/12/2014 18:21:33] /town 5
[10/12/2014 18:21:43] /up 6
[10/12/2014 18:22:39] /reload action
[10/12/2014 18:23:20] /goto uzon
[10/12/2014 18:23:22] /down 4
[10/12/2014 18:23:23] /down 
[10/12/2014 18:23:24] /down 
[10/12/2014 18:23:26] /down 
[10/12/2014 18:23:27] /a 150
[10/12/2014 18:23:28] /a 150
[10/12/2014 18:23:44] /up 5
[10/12/2014 18:24:13] /town darashia
[10/12/2014 18:25:25] /town 12
[10/12/2014 18:25:27] /town 11
[10/12/2014 18:25:30] /town 10
[10/12/2014 18:25:32] /town 9
[10/12/2014 18:27:5] /reload action
[10/12/2014 18:28:5] /reload action
