[22/9/2014 0:46:15] /goto oldrak
[24/9/2014 11:33:27] /reload lib
[24/9/2014 11:46:54] /i 8293
[24/9/2014 12:14:36] /m orchelmet
[24/9/2014 13:7:8] /goto oldrka
[24/9/2014 13:7:13] /goto oldrak
[24/9/2014 13:14:39] /attr uniqueid 32193
[24/9/2014 13:28:13] /i royal scale robe
[26/9/2014 20:14:24] /reload action
[26/9/2014 20:15:58] /reload action
[26/9/2014 20:18:23] /reload action
[26/9/2014 20:19:31] /reload action
[26/9/2014 20:22:53] /r
[26/9/2014 20:22:56] /r
[26/9/2014 20:23:1] /r
[26/9/2014 20:23:23] /r
[26/9/2014 20:23:39] /r
[26/9/2014 20:26:7] /reload action
[26/9/2014 20:28:40] /reload action
[26/9/2014 20:32:52] /reload action
[26/9/2014 20:39:11] /reload action
[26/9/2014 20:39:37] /light
[26/9/2014 20:39:51] /r
[26/9/2014 20:43:36] /reload action
[26/9/2014 20:46:16] /reload action
[26/9/2014 20:48:23] /reload action
[26/9/2014 20:50:4] /reload action
[26/9/2014 20:52:3] /reload action
[20/10/2014 19:44:51] /goto lazaran
[20/10/2014 19:45:3] /down 4
[20/10/2014 19:45:5] /a 0
[20/10/2014 19:45:8] /a 50
[20/10/2014 19:45:9] /a 50
[20/10/2014 19:45:10] /a 50
[20/10/2014 19:45:12] /a 2
[20/10/2014 19:45:13] /a 2
[20/10/2014 19:45:14] /a 25
[20/10/2014 19:45:54] /reload action
[21/10/2014 1:38:36] /up
[21/10/2014 1:38:37] /up
[21/10/2014 1:38:39] /up
[21/10/2014 1:38:44] /down
[21/10/2014 1:38:45] /down
[21/10/2014 1:38:48] /up
[21/10/2014 1:38:55] /down
[21/10/2014 1:38:57] /down
[21/10/2014 1:38:59] /up 4
[21/10/2014 1:39:15] /n dosh
[21/10/2014 1:39:53] /r
[21/10/2014 1:39:55] /reload npc
[21/10/2014 1:40:4] /n dosh 
[21/10/2014 1:43:47] /reload npc
[21/10/2014 1:43:51] /n dosh
[21/10/2014 1:44:12] /reload npc
[21/10/2014 1:44:23] /n dosh
[21/10/2014 1:54:41] /r
[21/10/2014 1:54:43] /reload npc
[21/10/2014 1:54:47] /n dosh
[21/10/2014 1:57:40] /r
[21/10/2014 1:57:42] /reload npc
[21/10/2014 1:57:46] /n dosh
[21/10/2014 1:58:35] /reload npc
[21/10/2014 1:58:39] /r
[21/10/2014 1:58:41] /n dosh
[21/10/2014 1:59:22] /reload npc
[21/10/2014 1:59:27] /n dosh
[21/10/2014 1:59:47] /reload npc
[21/10/2014 1:59:51] /n dosh
[21/10/2014 2:0:25] /reload npc
[21/10/2014 2:0:30] /n dosh
[21/10/2014 2:0:57] /reload npc
[21/10/2014 2:1:3] /n dosh
[21/10/2014 2:2:18] /r
[21/10/2014 2:2:21] /reload npc
[21/10/2014 2:2:24] /n dosh
[21/10/2014 2:3:25] /r
[21/10/2014 2:3:27] /reload npc
[21/10/2014 2:3:31] /n dosh
[21/10/2014 2:6:20] /r
[21/10/2014 2:6:24] /reload npc
[21/10/2014 2:6:42] /n dosh
[21/10/2014 2:10:30] /r
[21/10/2014 2:10:32] /reload npc
[21/10/2014 2:10:36] /n dosh
[21/10/2014 2:16:14] /r
[21/10/2014 2:16:16] /reload npc
[21/10/2014 2:16:20] /goto zalamon
[21/10/2014 2:16:44] /reload npc
[21/10/2014 2:16:59] /r
[21/10/2014 2:17:2] /n zalamon
[21/10/2014 2:17:53] /reload npc
[21/10/2014 2:17:56] /n zalamon
[21/10/2014 2:18:11] /reload npc
[21/10/2014 2:18:15] /n zalamon
[21/10/2014 2:19:27] /reload npc
[21/10/2014 2:19:31] /n zalamon
[21/10/2014 2:19:53] /reload npc
[21/10/2014 2:20:8] /r
[21/10/2014 2:20:16] /reload npc
[21/10/2014 2:20:16] /reload npc
[21/10/2014 2:20:30] /n zalamon
[21/10/2014 2:21:49] /r
[21/10/2014 2:21:51] /reload npc
[21/10/2014 2:21:55] /n zalamon
[21/10/2014 2:22:35] /r
[21/10/2014 2:22:40] /reload zalamon
[21/10/2014 2:22:43] /reload npc
[21/10/2014 2:22:47] /n zalamon
[21/10/2014 2:23:37] /r
[21/10/2014 2:23:39] /reload npc
[21/10/2014 2:23:42] /n zalamon
[21/10/2014 2:24:54] /r
[21/10/2014 2:24:55] /reload npc
[21/10/2014 2:25:0] /n zalamon
[21/10/2014 2:25:35] /reload npc
[21/10/2014 2:25:40] /n zalamon
[21/10/2014 2:27:11] /r
[21/10/2014 2:27:13] /reload npc
[21/10/2014 2:27:17] /n zalamon
[21/10/2014 2:28:15] /r
[21/10/2014 2:28:17] /reload npc
[21/10/2014 2:28:21] /n zalamon
[21/10/2014 2:30:0] /reload npc
[21/10/2014 2:30:4] /n zalamon
[21/10/2014 2:31:15] /r
[21/10/2014 2:31:17] /reload npc
[21/10/2014 2:31:21] /n zalamon
[21/10/2014 2:33:8] /r
[21/10/2014 2:33:10] /reload npc
[21/10/2014 2:33:15] /n zalamon
[21/10/2014 2:34:39] /r
[21/10/2014 2:34:41] /reload npc
[21/10/2014 2:34:49] /n zalamon
[21/10/2014 2:37:16] /r
[21/10/2014 2:37:21] /reload npc
[21/10/2014 2:37:25] /n zalamon
[21/10/2014 2:38:17] /r
[21/10/2014 2:38:19] /reload npc
[21/10/2014 2:38:25] /n zalamon
[21/10/2014 2:39:44] /r
[21/10/2014 2:39:46] /reload npc
[21/10/2014 2:39:57] /n zalamon
[21/10/2014 2:42:44] /r
[21/10/2014 2:42:46] /reload npc
[21/10/2014 2:42:50] /n zalamon
[21/10/2014 2:43:29] /reload npc
[21/10/2014 2:43:33] /n zalamon
[21/10/2014 2:45:24] /reload npc
[21/10/2014 2:45:29] /n zalamon
[22/10/2014 7:53:49] /goto dosh
[22/10/2014 9:36:36] /town 5
[22/10/2014 9:36:42] /town 8
[22/10/2014 9:36:43] /town 
[22/10/2014 9:36:53] /town Svargrond
[22/10/2014 9:37:4] /goto raiders
[22/10/2014 9:37:14] /goto Scouts 
[22/10/2014 9:40:28] /reload npc
[22/10/2014 9:40:31] /goto care uerta
[22/10/2014 9:40:34] /goto care muerta
[22/10/2014 9:40:37] /n zalamon
[22/10/2014 9:40:41] /r
[22/10/2014 9:44:35] /reload npc
[22/10/2014 9:44:44] /r
[22/10/2014 9:44:45] /n zalamon
[22/10/2014 9:45:22] /r
[22/10/2014 9:45:25] /reload npc
[22/10/2014 9:45:29] /n zalamon
[22/10/2014 9:46:50] /reload npc
[22/10/2014 9:47:1] /r
[22/10/2014 9:47:4] /n zalomon
[22/10/2014 9:47:10] /n zalamon
[22/10/2014 9:47:57] /reload npc
[22/10/2014 9:48:4] /r
[22/10/2014 9:48:4] /n zalamon
[22/10/2014 9:48:6] /r
[22/10/2014 9:48:37] /reload npc
[22/10/2014 9:48:41] /r
[22/10/2014 9:48:43] /n zalamon
[22/10/2014 9:51:17] /reload npc
[22/10/2014 9:51:22] /r
[22/10/2014 9:51:23] /n zalamon
[22/10/2014 9:52:23] /r
[22/10/2014 9:52:25] /reload npx
[22/10/2014 9:52:25] /reload npc
[22/10/2014 9:52:29] /n zalamon
[22/10/2014 9:54:36] /reload npc
[22/10/2014 9:54:42] /r
[22/10/2014 9:54:43] /n zalamon
[22/10/2014 9:56:5] /reload npc
[22/10/2014 9:56:9] /r
[22/10/2014 9:56:10] /n zalamon
[22/10/2014 9:58:10] /reload npc
[22/10/2014 9:58:13] /r
[22/10/2014 9:58:15] /n zalamon
[22/10/2014 9:58:47] /r
[22/10/2014 9:58:48] /reload npc
[22/10/2014 9:58:52] /n zalamon
[22/10/2014 10:1:44] /reload npc
[22/10/2014 10:1:48] /r
[22/10/2014 10:1:49] /n zalamon
[22/10/2014 10:2:10] /reload npc
[22/10/2014 10:2:13] /r
[22/10/2014 10:2:16] /n zalamon
[22/10/2014 10:2:51] /reload npc
[22/10/2014 10:2:55] /r
[22/10/2014 10:2:59] /n zalamon
[22/10/2014 10:3:39] /reload npc
[22/10/2014 10:3:43] /r
[22/10/2014 10:3:47] /r
[22/10/2014 10:3:50] /n zalamon
[22/10/2014 10:4:20] /reload npc
[22/10/2014 10:4:26] /n zalamon
[22/10/2014 10:7:5] /reload npc
[22/10/2014 10:7:11] /r
[22/10/2014 10:7:13] /n zalamon
[22/10/2014 10:8:28] /reload npc
[22/10/2014 10:8:32] /r
[22/10/2014 10:8:34] /n zalamon
[22/10/2014 10:8:59] /reload npc
[22/10/2014 10:9:2] /r
[22/10/2014 10:9:5] /n zalamon
[22/10/2014 10:10:7] /reload npc
[22/10/2014 10:10:11] /r
[22/10/2014 10:10:13] /n zalamon
[22/10/2014 10:11:43] /reload npc
[22/10/2014 10:11:46] /r 
[22/10/2014 10:11:48] /n zalamon
[22/10/2014 10:12:17] /r
[22/10/2014 10:12:18] /reload np
[22/10/2014 10:12:20] /reload npc
[22/10/2014 10:12:23] /n zalamon
[22/10/2014 10:12:41] /reload npc
[22/10/2014 10:12:50] /n zalamon
[22/10/2014 10:13:14] /reload npc
[22/10/2014 10:13:17] /n zalamon
[22/10/2014 10:13:59] /reload npc
[22/10/2014 10:14:2] /n zalamon
[22/10/2014 10:18:27] /reload npc
[22/10/2014 10:18:31] /goto lazaran
[22/10/2014 10:18:33] /c care muerta
[22/10/2014 10:18:46] /i 6774
[22/10/2014 10:19:35] /r
[22/10/2014 10:19:37] /n lazaran
[22/10/2014 10:20:32] /r
[22/10/2014 10:20:34] /reload npc
[22/10/2014 10:20:39] /n lazaran
[22/10/2014 10:21:10] /reload npc
[22/10/2014 10:21:14] /r 
[22/10/2014 10:21:15] /n lazaran
[22/10/2014 10:21:39] /goto lazaran
[22/10/2014 10:21:46] /c care muerta
[22/10/2014 10:21:48] /r
[22/10/2014 10:21:51] /n lazaran
[22/10/2014 10:21:54] /light
[22/10/2014 10:22:43] /reload npc
[22/10/2014 10:22:47] /r
[22/10/2014 10:22:49] /n lazaran
[22/10/2014 10:23:10] /reload npc
[22/10/2014 10:23:14] /n lazaran
[22/10/2014 10:23:56] /reload npc
[22/10/2014 10:24:0] /r
[22/10/2014 10:24:2] /n lazaran
[22/10/2014 10:24:21] /reload npc
[22/10/2014 10:24:25] /n lazaran
[22/10/2014 10:25:17] /reload npc
[22/10/2014 10:25:22] /r 
[22/10/2014 10:25:24] /n lazarna
[22/10/2014 10:25:25] /n lazaran
[22/10/2014 10:35:28] /reload npc
[22/10/2014 10:35:51] /goto A Sweaty Cyclops
[22/10/2014 10:35:54] /r
[22/10/2014 10:35:57] /n A Sweaty Cyclops
[22/10/2014 10:36:24] /i big ben
[22/10/2014 10:36:56] /i 8263
[22/10/2014 10:37:20] /i 2160
[22/10/2014 10:38:50] /r
[22/10/2014 10:38:52] /reload npc
[22/10/2014 10:38:55] /n A Sweaty Cyclops
[22/10/2014 10:40:12] /reload npc
[22/10/2014 10:40:21] /n A Sweaty Cyclops
[22/10/2014 10:40:22] /r
[22/10/2014 10:42:39] /i unbroken but
[22/10/2014 10:45:43] /town thais
[22/10/2014 10:45:50] /n aruda
[22/10/2014 10:47:5] /reload npc
[22/10/2014 10:47:9] /n aruda
[22/10/2014 10:47:35] /reload npc
[22/10/2014 10:47:39] /n aruda
[22/10/2014 10:48:28] /n aruda
[22/10/2014 10:48:50] /r
[22/10/2014 10:49:17] /n Nah'Bob
[22/10/2014 10:49:41] /r
[22/10/2014 10:49:43] /n naji
[22/10/2014 10:50:12] /r
[22/10/2014 10:52:9] /n Nahlesar
[22/10/2014 10:53:13] /r
[22/10/2014 10:53:14] /n Nahlesar
[22/10/2014 10:53:20] /reload npc
[22/10/2014 10:53:23] /n Nahlesar
[22/10/2014 10:53:46] /n Nahlesar
[22/10/2014 10:53:55] /n nah alesar
[22/10/2014 10:54:16] /r
[22/10/2014 10:55:25] /reload npc
[22/10/2014 10:55:37] /n Nahlesar
[22/10/2014 10:56:27] /reload npc
[22/10/2014 10:56:30] /n Nahlesar
[22/10/2014 10:57:40] /reload npc
[22/10/2014 10:57:46] /n aruda
[22/10/2014 10:57:51] /r
[22/10/2014 10:57:52] /r
[22/10/2014 10:59:25] /n Nahlesar
[22/10/2014 11:0:26] /n rashi
[22/10/2014 11:0:27] /n rashid
[22/10/2014 11:3:16] /goto rashid
[22/10/2014 11:3:47] /goto rashid
[22/10/2014 11:6:18] /goto zalamon
[22/10/2014 11:6:21] /reload npc
[22/10/2014 11:6:26] /r
[22/10/2014 11:6:32] /n zalamon
[22/10/2014 11:6:37] /c care muerta
[22/10/2014 11:7:31] /goto charatna
[22/10/2014 11:7:34] /goto chartan
[22/10/2014 11:7:39] /light
[22/10/2014 11:7:51] /down 4
[22/10/2014 11:7:52] /down 
[22/10/2014 11:7:55] /down 
[22/10/2014 11:10:28] /m the keeper
[22/10/2014 11:10:30] /r
[22/10/2014 11:10:52] /goto the keeper
[22/10/2014 11:11:47] /light
[22/10/2014 11:11:52] /attr -1231321
[22/10/2014 11:11:56] /attr health 123213213
[22/10/2014 11:12:4] /attr health -2132132131
[22/10/2014 11:12:11] /attr health -2132132131
[22/10/2014 11:12:14] /attr health -2132132131
[22/10/2014 11:12:19] /attr health -2132132131
[22/10/2014 11:12:21] /attr health -2132132131
[22/10/2014 11:12:24] /attr health -2132132131
[22/10/2014 11:12:30] /c care muerta
[22/10/2014 11:12:56] /light
[22/10/2014 11:13:15] /addskill ip changer ,lvl, 100
[22/10/2014 11:13:43] /attr health -200
[22/10/2014 11:15:28] /r
[22/10/2014 11:15:31] /r
[22/10/2014 11:15:32] /r
[22/10/2014 11:15:36] /r
[22/10/2014 11:15:39] /r
[22/10/2014 11:15:43] /goto care muerta
[22/10/2014 11:16:12] /c yunta
[22/10/2014 11:17:12] /n dragon lord
[22/10/2014 11:17:19] /m dragon lord
[22/10/2014 11:27:30] /m snake
[22/10/2014 11:28:44] /m snake god essence
[22/10/2014 11:33:32] /goto zizzle
[22/10/2014 11:33:35] /r
[22/10/2014 11:33:36] /goto zizzle
[22/10/2014 11:33:39] /n zizzle
[22/10/2014 11:34:2] /goto a sleeping dragon
[22/10/2014 11:35:15] /goto zalamon
[22/10/2014 11:35:17] /down 4
[22/10/2014 11:35:17] /down 2
[22/10/2014 11:35:21] /up
[18/11/2014 23:28:47] /goto dosh
[18/11/2014 23:29:11] /reload npc
[23/11/2014 21:28:32] /c dosh hc
[23/11/2014 21:28:39] /attr health -12313
[23/11/2014 21:29:7] /attr health -12313
[23/11/2014 21:29:51] /r
[23/11/2014 21:31:10] /r
[23/11/2014 21:31:15] /r
[23/11/2014 21:31:17] /r
[23/11/2014 21:31:20] /r
[23/11/2014 21:31:23] /reload npc
[23/11/2014 21:31:34] /n quentin
[23/11/2014 21:31:45] /attr health -13231
[23/11/2014 21:32:12] /attr health -13231
[23/11/2014 21:32:47] /r
[23/11/2014 21:32:49] /reload npc
[23/11/2014 21:33:0] /n quentin
[23/11/2014 21:52:21] /town 1
[23/11/2014 21:52:39] /town 2
[23/11/2014 21:52:54] /town 3
[23/11/2014 21:53:11] /town 4
[23/11/2014 21:53:30] /town 5
[23/11/2014 21:53:53] /town 6
[23/11/2014 21:53:54] /town 7
[23/11/2014 21:54:20] /town 8
[23/11/2014 21:54:44] /town 9
[23/11/2014 22:0:56] /town 10
[23/11/2014 22:1:18] /town 11
[23/11/2014 22:1:53] /town 12
[23/11/2014 22:2:16] /town 13
[23/11/2014 22:2:32] /town 14
[10/12/2014 16:21:39] /a 150
[10/12/2014 16:21:43] /a 25
[10/12/2014 16:21:43] /a 25
[10/12/2014 16:21:45] /a 25
[10/12/2014 16:21:46] /a 25
[10/12/2014 16:21:46] /a 25
[10/12/2014 16:21:48] /a 25
[10/12/2014 16:22:1] /a 25
[10/12/2014 16:22:2] /a 25
[10/12/2014 16:22:3] /a 25
[10/12/2014 16:22:4] /a 25
[10/12/2014 16:22:5] /a 25
[10/12/2014 16:22:6] /a 25
[10/12/2014 16:22:7] /a 25
[10/12/2014 16:22:20] /r
[10/12/2014 16:22:24] /i 11122
[10/12/2014 16:22:35] /attr uniqueid 14060
[10/12/2014 16:23:3] /attr uniqueid 14061
[10/12/2014 16:23:9] /r
[10/12/2014 16:23:12] /i 11122
[10/12/2014 16:23:14] /attr uniqueid 14061
[10/12/2014 16:24:56] /goto lazaran
[10/12/2014 18:17:21] /down 
[10/12/2014 18:17:23] /down 
[10/12/2014 18:17:24] /down 
[10/12/2014 18:17:25] /down 
[10/12/2014 18:17:28] /a 100
[10/12/2014 18:17:34] /a 100
[10/12/2014 18:17:37] /a 25
[10/12/2014 18:17:38] /a 25
[10/12/2014 18:17:40] /a 25
[14/12/2014 1:49:47] /goto zalamon
[14/12/2014 1:49:53] /down 
[14/12/2014 1:49:55] /down 
[14/12/2014 1:49:57] /a 150
[14/12/2014 1:50:0] /a 50
[14/12/2014 1:50:2] /a 50
[14/12/2014 1:50:3] /a 50
[14/12/2014 1:50:4] /a 25
[14/12/2014 1:50:6] /a 25
[14/12/2014 1:50:22] /r
[14/12/2014 1:50:36] /a 25
[24/12/2014 0:34:8] /goto oldrak
[24/12/2014 0:34:24] /addskill ip changer ,magic , 90
[24/12/2014 0:35:12] /addskill ip changer ,lvl, 12
[24/12/2014 0:38:37] /a 150
[24/12/2014 0:38:40] /a 100
[24/12/2014 0:38:45] /a 50
[24/12/2014 0:42:31] /reload action
[26/12/2014 1:1:53] /goto dosh
[26/12/2014 1:9:23] /r
[26/12/2014 1:12:25] /m azerus
[29/12/2014 18:4:42] /goto Ongulf
[29/12/2014 18:5:13] /down 3
[29/12/2014 18:5:28] /goto Ongulf
[29/12/2014 18:5:36] /goto melfar
[29/12/2014 18:6:16] /goto ongulf
[29/12/2014 18:6:27] /goto melfar
[29/12/2014 21:9:38] /goto hanna
[29/12/2014 21:9:43] /i 5902
[29/12/2014 21:9:47] /i 2480
[29/12/2014 21:9:52] /i 5890
[29/12/2014 21:9:58] /i 5890
[29/12/2014 21:9:59] /i 2480
[29/12/2014 21:10:1] /i 5902
[29/12/2014 21:10:7] /r
[29/12/2014 21:10:10] /n hanna
[4/1/2015 23:10:55] /town 2
