[22/9/2014 0:55:10] /town 1
[22/9/2014 0:55:15] /goto oldrak
[22/9/2014 0:55:46] /down
[22/9/2014 0:57:6] /goto melian
[22/9/2014 0:58:11] /goto melian
[22/9/2014 1:5:10] /attr health -12313
[22/9/2014 1:5:15] /attr health -12313
[22/9/2014 1:5:20] /attr health -12313
[22/9/2014 1:6:17] /attr health -12313
[22/9/2014 1:6:41] /attr health -12313
[22/9/2014 1:6:49] /attr health -12313
[22/9/2014 1:7:5] /down
[22/9/2014 1:7:32] /reload actions
[22/9/2014 1:8:37] /reload movements
[30/9/2014 15:52:0] /goto lazaran
[30/9/2014 16:5:38] /reload npc
[18/10/2014 15:37:22] /addskill street ,lvl , 92
[18/10/2014 15:37:25] /goto zlak
[20/10/2014 19:42:22] /goto lazaran
[20/10/2014 19:42:35] /down 4
[20/10/2014 19:44:9] /reload action
[21/10/2014 11:34:7] /goto lazaran
[21/10/2014 11:34:58] /r
[21/10/2014 11:34:59] /reload npc
[21/10/2014 11:35:3] /n lazaran
[21/10/2014 11:35:22] /reload npc
[21/10/2014 11:35:26] /n lazaran
[21/10/2014 11:36:3] /reload npc
[21/10/2014 11:36:6] /n lazaran
[21/10/2014 11:37:17] /reload npc
[21/10/2014 11:37:27] /r
[21/10/2014 11:37:29] /r lazaran
[21/10/2014 11:37:33] /r dosh
[21/10/2014 11:37:37] /n lazaran
[21/10/2014 11:38:12] /r
[21/10/2014 11:38:13] /reload npc
[21/10/2014 11:38:17] /n lazaran
[21/10/2014 11:39:13] /r
[21/10/2014 11:39:15] /reload npc
[21/10/2014 11:39:19] /n lazaran
[21/10/2014 11:41:16] /reload npc
[21/10/2014 11:41:19] /goto zalamon
[21/10/2014 11:41:22] /r
[21/10/2014 11:41:24] /n zalamon
[21/10/2014 11:41:48] /reload npc
[21/10/2014 11:41:51] /n zalamon
[21/10/2014 11:42:9] /reload npc
[21/10/2014 11:42:12] /n zalamon
[21/10/2014 11:42:45] /reload npc
[21/10/2014 11:42:50] /n zalamon
[21/10/2014 11:43:18] /reload npc
[21/10/2014 11:43:22] /n zalamon
[21/10/2014 11:44:26] /r
[21/10/2014 11:44:28] /reload npc
[21/10/2014 11:44:31] /n zalamon
[21/10/2014 11:45:1] /r
[21/10/2014 11:45:3] /reload npc
[21/10/2014 11:45:10] /n zalamon
[21/10/2014 11:46:13] /r
[21/10/2014 11:46:15] /reload npc
[21/10/2014 11:46:18] /n zalamon
[21/10/2014 11:47:2] /r
[21/10/2014 11:47:5] /reload npc
[21/10/2014 11:47:8] /n zalamon
[21/10/2014 11:48:21] /r
[21/10/2014 11:48:23] /reload npc
[21/10/2014 11:48:28] /n zalamon
[21/10/2014 11:49:2] /reload npc
[21/10/2014 11:49:6] /n zalamon
[21/10/2014 11:49:37] /r
[21/10/2014 11:49:39] /reload npc
[21/10/2014 11:49:42] /n zalamon
[21/10/2014 11:50:38] /r
[21/10/2014 11:50:40] /reload npc
[21/10/2014 11:50:43] /n zalamon
[21/10/2014 11:51:43] /r
[21/10/2014 11:51:44] /reload npc
[21/10/2014 11:51:48] /n zalamon
[21/10/2014 11:53:37] /r
[21/10/2014 11:53:40] /reload npc
[21/10/2014 11:53:47] /n lazaran
[21/10/2014 11:53:49] /r
[21/10/2014 11:53:49] /r
[21/10/2014 11:53:54] /n zalamon
[21/10/2014 11:54:46] /reload npc
[21/10/2014 11:54:50] /n zalamon
[21/10/2014 11:55:13] /reload npc
[21/10/2014 11:55:17] /n zalamon
[22/10/2014 7:54:11] /goto dosh
[18/11/2014 10:48:6] /r
[18/11/2014 10:59:10] /r
[18/11/2014 10:59:12] /r
[18/11/2014 10:59:14] /reload npc
[18/11/2014 10:59:40] /n dosh
[18/11/2014 11:0:10] /r
[18/11/2014 11:0:13] /reload npc
[18/11/2014 11:0:44] /n dosh
[18/11/2014 11:1:19] /r
[18/11/2014 11:1:22] /reload npc
[18/11/2014 11:1:41] /n dosh
[18/11/2014 11:4:11] /r
[18/11/2014 11:4:14] /reload npc
[18/11/2014 11:4:58] /n dosh
[18/11/2014 11:5:35] /reload npc
[18/11/2014 11:6:25] /reload npc
[18/11/2014 11:6:58] /r
[18/11/2014 11:7:1] /n dosh
[10/12/2014 16:25:42] /goto lazarna
[10/12/2014 16:25:43] /goto lazaran
[10/12/2014 16:25:48] /down
[10/12/2014 16:25:49] /down
[10/12/2014 16:25:50] /down
[10/12/2014 16:25:51] /down
[10/12/2014 16:25:53] /a 150
[10/12/2014 16:25:54] /a 150
[10/12/2014 16:25:58] /a 50
[10/12/2014 16:26:11] /r
[10/12/2014 16:26:14] /i 11122
[10/12/2014 16:26:18] /attr uniqueid 14060
[10/12/2014 16:26:26] /goto lazaran
[10/12/2014 17:0:57] /goto sandra
[10/12/2014 17:1:2] /up 6
[10/12/2014 17:1:11] /town 5
[10/12/2014 17:1:19] /up 6
[10/12/2014 17:1:27] /goto uzon
[10/12/2014 17:1:35] /down 6
[10/12/2014 17:1:39] /down 
[10/12/2014 17:1:42] /a 50
[10/12/2014 17:1:44] /a 50
[10/12/2014 17:1:46] /a 50
[10/12/2014 17:2:3] /up 6
[10/12/2014 17:2:11] /town darashia
[10/12/2014 17:2:19] /town 7
[10/12/2014 17:2:21] /town 8
[10/12/2014 17:2:22] /town 9
[10/12/2014 17:2:54] /town port hope
[10/12/2014 17:2:59] /up 3
[10/12/2014 17:3:45] /town 7
[10/12/2014 17:4:7] /goto palimuth
[10/12/2014 17:4:14] /up 5
[10/12/2014 17:4:17] /down
[10/12/2014 17:4:29] /town 13
[10/12/2014 17:4:31] /town 14
[10/12/2014 17:4:33] /town 12
[10/12/2014 17:4:40] /up
[10/12/2014 17:4:42] /up
[10/12/2014 17:4:47] /up 5
[10/12/2014 17:4:49] /up 3
[10/12/2014 17:4:58] /town thais
[10/12/2014 17:5:25] /town carlin
[10/12/2014 17:5:58] /goto lazaran
[10/12/2014 17:6:11] /goto ulala
[10/12/2014 17:6:19] /goto lazarna
[10/12/2014 17:6:21] /goto lazaran
[10/12/2014 17:6:46] /up
[10/12/2014 17:6:48] /up
[10/12/2014 17:7:20] /n dosh
[10/12/2014 17:7:35] /r
[10/12/2014 17:7:37] /goto ulala
[10/12/2014 17:8:22] /goto lazaran
[10/12/2014 17:8:51] /goto sandra
[10/12/2014 17:8:58] /up 5
[10/12/2014 17:9:0] /up 
[10/12/2014 17:13:5] /goto lazaran
[10/12/2014 17:13:24] /goto ulala
[10/12/2014 17:13:45] /a 50
[10/12/2014 17:13:48] /a 50
[10/12/2014 17:13:50] /a 30
[10/12/2014 17:14:5] /attr actionid 14062
[10/12/2014 17:14:7] /attr actionid 14062
[10/12/2014 17:14:8] /attr actionid 14062
[10/12/2014 17:14:11] /attr actionid 14062
[10/12/2014 17:14:14] /attr actionid 14062
[10/12/2014 17:14:16] /attr actionid 14062
[10/12/2014 17:14:18] /attr actionid 14062
[10/12/2014 17:14:19] /attr actionid 14062
[10/12/2014 17:14:20] /attr actionid 14062
[10/12/2014 17:14:27] /attr actionid 14062
[10/12/2014 17:14:30] /r
[10/12/2014 17:14:31] /r
[10/12/2014 17:14:38] /i 11112
[10/12/2014 17:15:27] /r
[10/12/2014 17:15:29] /r
[10/12/2014 17:15:30] /r
[10/12/2014 17:15:31] /r
[10/12/2014 17:15:32] /r
[10/12/2014 17:15:33] /r
[10/12/2014 17:15:35] /r
[10/12/2014 17:15:36] /r
[10/12/2014 17:15:37] /r
[10/12/2014 17:15:38] /r
[10/12/2014 17:15:44] /i 11112
[10/12/2014 17:15:45] /i 11112
[10/12/2014 17:15:46] /i 11112
[10/12/2014 17:15:46] /i 11112
[10/12/2014 17:15:47] /i 11112
[10/12/2014 17:15:47] /i 11112
[10/12/2014 17:15:48] /i 11112
[10/12/2014 17:15:49] /i 11112
[10/12/2014 17:15:49] /i 11112
[10/12/2014 17:15:58] /attr actionid 14062
[10/12/2014 17:28:3] /reload action
[14/12/2014 1:51:3] /goto zalamon
[14/12/2014 1:51:48] /down
[14/12/2014 1:51:49] /down
[14/12/2014 1:51:51] /a 150
[14/12/2014 1:51:52] /a 100
[14/12/2014 1:51:57] /a 500
[14/12/2014 1:52:1] /a 50
[14/12/2014 1:52:3] /a 150
[14/12/2014 1:52:4] /a 150
[14/12/2014 1:52:6] /a 150
[14/12/2014 1:52:7] /a 150
[14/12/2014 1:52:11] /a 50
[14/12/2014 1:52:12] /a 150
[14/12/2014 1:52:18] /a 50
[14/12/2014 1:52:21] /a 50
[14/12/2014 1:52:21] /a 50
[14/12/2014 1:52:23] /a 50
[14/12/2014 1:52:25] /a 50
[14/12/2014 1:52:28] /a 25
[14/12/2014 1:52:29] /a 25
[14/12/2014 1:52:31] /a 25
[14/12/2014 1:52:40] /goto zalamon
[14/12/2014 1:53:20] /a 250
[14/12/2014 1:53:23] /a 50
[14/12/2014 1:53:24] /a 50
[14/12/2014 1:53:25] /a 50
[14/12/2014 1:53:28] /a 25
[14/12/2014 1:53:34] /goto zalamon
[14/12/2014 1:54:7] /down 3
[14/12/2014 1:54:10] /up
[14/12/2014 1:54:13] /a 250
[14/12/2014 1:54:18] /a 250
[14/12/2014 1:54:19] /a 250
[14/12/2014 1:54:22] /a 50
[14/12/2014 1:54:25] /a 50
[14/12/2014 1:54:27] /a 25
[14/12/2014 1:54:29] /a 25
[14/12/2014 1:54:50] /a 150
[14/12/2014 1:54:52] /a 50
[14/12/2014 1:54:53] /a 50
[14/12/2014 1:55:3] /n zalamon
[14/12/2014 1:56:3] /a 250
[14/12/2014 1:56:5] /a 50
[14/12/2014 1:56:7] /a 50
[14/12/2014 1:56:11] /up 2
[14/12/2014 1:56:17] /goto zalamon
[14/12/2014 1:56:20] /r
[14/12/2014 1:56:21] /goto zalamon
[14/12/2014 2:1:54] /a 150
[14/12/2014 2:1:56] /a 200
[14/12/2014 2:1:59] /a 50
[14/12/2014 2:2:4] /up 
[14/12/2014 2:2:5] /up 
[14/12/2014 2:5:3] /n dosh
[14/12/2014 2:5:6] /goto zalamon
[14/12/2014 2:5:8] /r
[14/12/2014 2:5:11] /n zalamon
[14/12/2014 2:5:39] /goto dosh
[14/12/2014 2:5:44] /goto lazaran
[14/12/2014 2:5:50] /down 4
[14/12/2014 2:5:52] /a 200
[14/12/2014 2:5:55] /a 100
[14/12/2014 2:5:56] /a 100
[14/12/2014 2:5:57] /a 100
[14/12/2014 2:5:58] /a 100
[14/12/2014 2:5:59] /a 100
[14/12/2014 2:6:0] /a 100
[14/12/2014 2:6:3] /a 50
[14/12/2014 2:6:4] /a 50
[14/12/2014 2:6:27] /r
[14/12/2014 2:6:47] /r
[15/12/2014 0:40:2] /i 10849
[15/12/2014 9:47:44] /i 10855
[15/12/2014 9:48:41] /i 10849
[15/12/2014 9:49:24] /i 10852
[15/12/2014 9:49:30] /i 10854
[15/12/2014 9:49:37] /i 10855
[15/12/2014 9:49:46] /i 10848
[15/12/2014 9:49:54] /i 10849
[15/12/2014 9:50:24] /i 10856
[15/12/2014 9:50:27] /i 10855
[15/12/2014 9:50:37] /i 10853
[15/12/2014 9:51:22] /i 10852
[15/12/2014 9:51:31] /i 10850
[15/12/2014 9:52:6] /i 10852
[15/12/2014 9:52:7] /i 10853
[15/12/2014 9:52:14] /i 10849
[15/12/2014 9:52:38] /i 10850
[15/12/2014 9:52:38] /i 10850
[15/12/2014 9:52:39] /i 10850
[15/12/2014 9:52:40] /i 10850
[15/12/2014 9:53:0] /i 10853
[15/12/2014 9:53:8] /i 10854
[15/12/2014 9:53:11] /i 10855
[15/12/2014 9:53:16] /i 10852
[15/12/2014 9:54:3] /i 10853
[15/12/2014 9:56:44] /i 10856
[15/12/2014 9:56:46] /i 10853
[15/12/2014 9:56:48] /i 10854
[15/12/2014 9:56:50] /i 10855
[15/12/2014 9:57:16] /i 10849
[15/12/2014 9:57:43] /i 10850
[15/12/2014 9:57:52] /i 10855
[15/12/2014 9:58:14] /i 10856
[24/12/2014 0:44:9] /addskill street ,lvl , 22
[24/12/2014 0:44:18] /addskill street ,magic , 95
[24/12/2014 0:44:42] /goto oldrak
[24/12/2014 0:52:40] /i hallowed axe
[24/12/2014 0:54:44] /a 25
[24/12/2014 0:58:36] /reload action
[24/12/2014 0:59:46] /reload action
[24/12/2014 1:1:22] /reload action
[24/12/2014 1:2:25] /reload action
[24/12/2014 1:5:31] /reload action
[26/12/2014 1:24:42] /goto azerus
[26/12/2014 1:24:49] /goto yalahari
[26/12/2014 1:24:51] /down 
[26/12/2014 1:24:52] /down 
[26/12/2014 1:24:55] /down 
[26/12/2014 1:25:1] /down 
[26/12/2014 1:28:54] /reload action
[26/12/2014 1:29:35] /r
[27/12/2014 20:14:48] /goto king tibianus
[27/12/2014 20:14:50] /r
[27/12/2014 20:14:51] /r
[27/12/2014 20:14:54] /n king tibianus
[27/12/2014 20:16:18] /r
[27/12/2014 20:16:20] /n king tibianus
[27/12/2014 20:17:55] /r
[27/12/2014 20:18:2] /n king tibianus
[27/12/2014 20:19:35] /r
[27/12/2014 20:19:37] /n king tibianus
[27/12/2014 20:19:53] /n king tibianus
[27/12/2014 20:20:53] /r
[27/12/2014 20:20:56] /n king tibianus
[27/12/2014 20:22:27] /r
[27/12/2014 20:22:31] /n  king tibianus
[27/12/2014 20:23:11] /r
[27/12/2014 20:23:14] /n king tibianus
[27/12/2014 20:24:20] /r
[27/12/2014 20:24:24] /n king tibianus
[29/12/2014 15:58:59] /goto ulala
[29/12/2014 15:59:5] /a  25
[29/12/2014 16:7:48] /reload movements
[29/12/2014 20:19:8] /goto dosh
[29/12/2014 21:11:4] /goto hanna
[29/12/2014 21:13:48] /r
[29/12/2014 21:13:49] /n hanna
